[2026-05-16 11:17:46] [main] stock_list -> skip (output exists: /root/shared-nvme/lingqiData/data/stock_list.parquet)
[2026-05-16 11:17:46] [main] calendar -> skip (output exists: /root/shared-nvme/lingqiData/data/calendar.parquet)
[2026-05-16 11:17:46] [main] ths_sector_categories -> skip (output exists: /root/shared-nvme/lingqiData/data/ths_sector_categories.parquet)
[2026-05-16 11:17:46] [main] ths_constituent_stocks -> skip (output exists: /root/shared-nvme/lingqiData/data/ths_constituent_stocks.parquet)
[2026-05-16 11:17:46] [main] holder_number -> skip (output exists: /root/shared-nvme/lingqiData/data/holder_number.parquet)
[2026-05-16 11:17:46] [main] pledge_stat -> skip (output exists: /root/shared-nvme/lingqiData/data/pledge_stat.parquet)
[2026-05-16 11:17:46] [main] financial -> skip (output exists: /root/shared-nvme/lingqiData/data/financial_indicator.parquet)
[2026-05-16 11:17:46] [main] income -> skip (output exists: /root/shared-nvme/lingqiData/data/income.parquet)
[2026-05-16 11:17:46] [main] balancesheet -> skip (output exists: /root/shared-nvme/lingqiData/data/balancesheet.parquet)
[2026-05-16 11:17:46] [main] cashflow -> skip (output exists: /root/shared-nvme/lingqiData/data/cashflow.parquet)
[2026-05-16 11:17:46] [main] limit_list -> skip (output exists: /root/shared-nvme/lingqiData/data/limit_list.parquet)
[2026-05-16 11:17:46] [main] limit_up -> skip (output exists: /root/shared-nvme/lingqiData/data/limit_up.parquet)
[2026-05-16 11:17:46] [main] kline_monthly -> skip (output exists: /root/shared-nvme/lingqiData/data/kline_monthly.parquet)
[2026-05-16 11:17:46] [main] kline_adj_monthly -> skip (output exists: /root/shared-nvme/lingqiData/data/kline_adj_monthly.parquet)
[2026-05-16 11:17:46] [main] top_list -> skip (output exists: /root/shared-nvme/lingqiData/data/top_list.parquet)
[2026-05-16 11:17:46] [main] dragon_tiger -> skip (output exists: /root/shared-nvme/lingqiData/data/dragon_tiger.parquet)
[2026-05-16 11:17:46] [main] kline_weekly -> skip (output exists: /root/shared-nvme/lingqiData/data/kline_weekly.parquet)
[2026-05-16 11:17:46] [main] kline_adj_weekly -> skip (output exists: /root/shared-nvme/lingqiData/data/kline_adj_weekly.parquet)
[2026-05-16 11:17:46] [main] finance -> skip (output exists: /root/shared-nvme/lingqiData/data/finance.parquet)
[2026-05-16 11:17:46] [main] daily -> skip (output exists: /root/shared-nvme/lingqiData/data/daily.parquet)
[2026-05-16 11:17:46] [main] daily_adj -> skip (output exists: /root/shared-nvme/lingqiData/data/daily_adj.parquet)
[2026-05-16 11:17:46] [main] main_fund_flow -> skip (output exists: /root/shared-nvme/lingqiData/data/main_fund_flow.parquet)
[2026-05-16 11:17:46] [main] margin_detail -> skip (output exists: /root/shared-nvme/lingqiData/data/margin_detail.parquet)
[2026-05-16 11:17:46] [main] ths_daily -> skip (output exists: /root/shared-nvme/lingqiData/data/ths_daily.parquet)
[2026-05-16 11:17:46] [main] index_weight -> skip (output exists: /root/shared-nvme/lingqiData/data/index_weight.parquet)
[2026-05-16 11:17:46] [main] cyq_chips -> skip (output exists: /root/shared-nvme/lingqiData/data/cyq_chips/.done)
[2026-05-16 11:17:46] [main] start | rate_limit=280 req/min | parallel=False | workers=6 | tasks=['history', 'min_adj']
[2026-05-16 11:17:46] [main] === history (2019-01-01 ~ 2026-05-16) ===
[2026-05-16 11:17:47] [history_5min] 3310 stocks | level=5min | 2019-01-01 ~ 2026-05-16
[2026-05-16 11:17:47] [history_5min] Concurrency: 3 in-flight max | rate-limit: 280/min
[2026-05-16 11:17:47] [history_5min] ~13240 API calls (adaptive) | ~47 min est | ~48 bars/day
[2026-05-16 11:17:55] [history_5min] 3094 stocks to fetch
[2026-05-16 11:18:13] [history_5min] [------------------------------]   0.0%  1/3094  ETA 943.9m  last:000723.SZ 85680r/18.3s  tok:124/280
[2026-05-16 11:18:29] [history_5min] [------------------------------]   0.1%  2/3094  ETA 931.2m  last:000725.SZ 85680r/15.9s  tok:189/280
[2026-05-16 11:18:43] [history_5min] [------------------------------]   0.1%  3/3094  ETA 908.9m  last:000726.SZ 85680r/13.8s  tok:244/280
[2026-05-16 11:19:00] [history_5min] [------------------------------]   0.1%  4/3094  ETA 904.8m  last:000727.SZ 85248r/16.9s  tok:280/280
[2026-05-16 11:19:17] [history_5min] [------------------------------]   0.2%  5/3094  ETA 901.6m  last:000728.SZ 85392r/17.0s  tok:280/280
[2026-05-16 11:19:33] [history_5min] [------------------------------]   0.2%  6/3094  ETA 893.0m  last:000729.SZ 85680r/15.9s  tok:280/280
[2026-05-16 11:19:49] [history_5min] [------------------------------]   0.2%  7/3094  ETA 889.4m  last:000731.SZ 85680r/16.7s  tok:280/280
[2026-05-16 11:20:05] [history_5min] [------------------------------]   0.3%  8/3094  ETA 880.5m  last:000733.SZ 85680r/15.6s  tok:280/280
[2026-05-16 11:20:20] [history_5min] [------------------------------]   0.3%  9/3094  ETA 867.1m  last:000735.SZ 85680r/14.6s  tok:280/280
[2026-05-16 11:20:35] [history_5min] [------------------------------]   0.3%  10/3094  ETA 858.5m  last:000737.SZ 85056r/15.3s  tok:280/280
[2026-05-16 11:20:50] [history_5min] [------------------------------]   0.4%  11/3094  ETA 848.1m  last:000738.SZ 85680r/14.7s  tok:280/280
[2026-05-16 11:21:05] [history_5min] [------------------------------]   0.4%  12/3094  ETA 841.2m  last:000739.SZ 85680r/15.2s  tok:280/280
[2026-05-16 11:21:19] [history_5min] [------------------------------]   0.4%  13/3094  ETA 828.3m  last:000750.SZ 85392r/13.9s  tok:280/280
[2026-05-16 11:21:34] [history_5min] [------------------------------]   0.5%  14/3094  ETA 823.2m  last:000751.SZ 85680r/15.2s  tok:280/280
[2026-05-16 11:21:50] [history_5min] [------------------------------]   0.5%  15/3094  ETA 822.0m  last:000753.SZ 85680r/15.9s  tok:280/280
[2026-05-16 11:22:03] [history_5min] [------------------------------]   0.5%  16/3094  ETA 806.1m  last:000755.SZ 84912r/13.0s  tok:280/280
[2026-05-16 11:22:15] [history_5min] [------------------------------]   0.5%  17/3094  ETA 788.3m  last:000756.SZ 85680r/12.3s  tok:280/280
[2026-05-16 11:22:31] [history_5min] [------------------------------]   0.6%  18/3094  ETA 789.1m  last:000757.SZ 85680r/15.6s  tok:280/280
[2026-05-16 11:22:47] [history_5min] [------------------------------]   0.6%  19/3094  ETA 794.7m  last:000758.SZ 85200r/16.5s  tok:280/280
[2026-05-16 11:23:03] [history_5min] [------------------------------]   0.6%  20/3094  ETA 797.6m  last:000759.SZ 85680r/16.1s  tok:280/280
[2026-05-16 11:23:19] [history_5min] [------------------------------]   0.7%  21/3094  ETA 800.2m  last:000761.SZ 85632r/16.1s  tok:280/280
[2026-05-16 11:23:37] [history_5min] [------------------------------]   0.7%  22/3094  ETA 808.6m  last:000762.SZ 85680r/17.3s  tok:280/280
[2026-05-16 11:23:52] [history_5min] [------------------------------]   0.7%  23/3094  ETA 803.9m  last:000766.SZ 85440r/14.9s  tok:280/280
[2026-05-16 11:24:11] [history_5min] [------------------------------]   0.8%  24/3094  ETA 822.2m  last:000767.SZ 85680r/19.3s  tok:280/280
[2026-05-16 11:24:27] [history_5min] [------------------------------]   0.8%  25/3094  ETA 822.6m  last:000768.SZ 85680r/16.2s  tok:280/280
[2026-05-16 11:24:46] [history_5min] [------------------------------]   0.8%  26/3094  ETA 834.5m  last:000776.SZ 85680r/18.5s  tok:280/280
[2026-05-16 11:25:03] [history_5min] [------------------------------]   0.9%  27/3094  ETA 837.4m  last:000777.SZ 84960r/16.9s  tok:280/280
[2026-05-16 11:25:18] [history_5min] [------------------------------]   0.9%  28/3094  ETA 831.2m  last:000778.SZ 85680r/15.2s  tok:280/280
[2026-05-16 11:25:33] [history_5min] [------------------------------]   0.9%  29/3094  ETA 825.3m  last:000779.SZ 85680r/15.2s  tok:280/280
[2026-05-16 11:25:49] [history_5min] [------------------------------]   1.0%  30/3094  ETA 821.7m  last:000782.SZ 85152r/15.5s  tok:280/280
[2026-05-16 11:26:02] [history_5min] [------------------------------]   1.0%  31/3094  ETA 806.9m  last:000783.SZ 85680r/13.3s  tok:280/280
[2026-05-16 11:26:19] [history_5min] [------------------------------]   1.0%  32/3094  ETA 811.8m  last:000785.SZ 85152r/16.8s  tok:280/280
[2026-05-16 11:26:34] [history_5min] [------------------------------]   1.1%  33/3094  ETA 810.6m  last:000786.SZ 85680r/15.7s  tok:280/280
[2026-05-16 11:26:49] [history_5min] [------------------------------]   1.1%  34/3094  ETA 805.9m  last:000788.SZ 85680r/15.0s  tok:280/280
[2026-05-16 11:27:05] [history_5min] [------------------------------]   1.1%  35/3094  ETA 806.2m  last:000789.SZ 85680r/15.9s  tok:280/280
[2026-05-16 11:27:21] [history_5min] [------------------------------]   1.2%  36/3094  ETA 803.0m  last:000790.SZ 85248r/15.2s  tok:280/280
[2026-05-16 11:27:34] [history_5min] [------------------------------]   1.2%  37/3094  ETA 790.4m  last:000791.SZ 85248r/13.3s  tok:280/280
[2026-05-16 11:27:46] [history_5min] [------------------------------]   1.2%  38/3094  ETA 771.7m  last:000792.SZ 70608r/11.9s  tok:280/280
[2026-05-16 11:28:04] [history_5min] [------------------------------]   1.3%  39/3094  ETA 786.3m  last:000795.SZ 85680r/18.1s  tok:280/280
[2026-05-16 11:28:18] [history_5min] [------------------------------]   1.3%  40/3094  ETA 777.9m  last:000796.SZ 84960r/13.8s  tok:280/280
[2026-05-16 11:28:32] [history_5min] [------------------------------]   1.3%  41/3094  ETA 774.6m  last:000797.SZ 85680r/14.7s  tok:280/280
[2026-05-16 11:28:48] [history_5min] [------------------------------]   1.4%  42/3094  ETA 777.8m  last:000798.SZ 85680r/15.9s  tok:280/280
[2026-05-16 11:29:07] [history_5min] [------------------------------]   1.4%  43/3094  ETA 795.9m  last:000799.SZ 85680r/18.9s  tok:280/280
[2026-05-16 11:29:22] [history_5min] [------------------------------]   1.4%  44/3094  ETA 793.5m  last:000800.SZ 85152r/15.2s  tok:280/280
[2026-05-16 11:29:40] [history_5min] [------------------------------]   1.5%  45/3094  ETA 803.8m  last:000801.SZ 85200r/17.7s  tok:280/280
[2026-05-16 11:29:57] [history_5min] [------------------------------]   1.5%  46/3094  ETA 811.3m  last:000802.SZ 85584r/17.3s  tok:280/280
[2026-05-16 11:30:12] [history_5min] [------------------------------]   1.5%  47/3094  ETA 804.7m  last:000803.SZ 84473r/14.7s  tok:280/280
[2026-05-16 11:30:30] [history_5min] [------------------------------]   1.6%  48/3094  ETA 813.7m  last:000807.SZ 85680r/17.7s  tok:280/280
[2026-05-16 11:30:48] [history_5min] [------------------------------]   1.6%  49/3094  ETA 823.2m  last:000809.SZ 85344r/18.0s  tok:280/280
[2026-05-16 11:31:04] [history_5min] [------------------------------]   1.6%  50/3094  ETA 821.4m  last:000810.SZ 85536r/15.9s  tok:280/280
[2026-05-16 11:31:23] [history_5min] [------------------------------]   1.6%  51/3094  ETA 834.4m  last:000811.SZ 85680r/18.8s  tok:280/280
[2026-05-16 11:31:38] [history_5min] [------------------------------]   1.7%  52/3094  ETA 830.5m  last:000812.SZ 85680r/15.8s  tok:280/280
[2026-05-16 11:31:59] [history_5min] [------------------------------]   1.7%  53/3094  ETA 851.7m  last:000813.SZ 85584r/20.6s  tok:280/280
[2026-05-16 11:32:18] [history_5min] [------------------------------]   1.7%  54/3094  ETA 860.8m  last:000815.SZ 85200r/18.7s  tok:280/280
[2026-05-16 11:32:29] [history_5min] [------------------------------]   1.8%  55/3094  ETA 831.0m  last:000816.SZ 85584r/11.2s  tok:280/280
[2026-05-16 11:32:45] [history_5min] [------------------------------]   1.8%  56/3094  ETA 830.9m  last:000818.SZ 84864r/16.4s  tok:280/280
[2026-05-16 11:33:02] [history_5min] [------------------------------]   1.8%  57/3094  ETA 833.0m  last:000819.SZ 85680r/16.9s  tok:280/280
[2026-05-16 11:33:18] [history_5min] [------------------------------]   1.9%  58/3094  ETA 828.0m  last:000822.SZ 85680r/15.5s  tok:280/280
[2026-05-16 11:33:33] [history_5min] [------------------------------]   1.9%  59/3094  ETA 820.3m  last:000823.SZ 85680r/14.9s  tok:280/280
[2026-05-16 11:33:47] [history_5min] [------------------------------]   1.9%  60/3094  ETA 812.8m  last:000825.SZ 85632r/14.8s  tok:280/280
[2026-05-16 11:34:03] [history_5min] [------------------------------]   2.0%  61/3094  ETA 812.6m  last:000828.SZ 85680r/16.1s  tok:280/280
[2026-05-16 11:34:22] [history_5min] [------------------------------]   2.0%  62/3094  ETA 826.4m  last:000829.SZ 85680r/18.9s  tok:280/280
[2026-05-16 11:34:39] [history_5min] [------------------------------]   2.0%  63/3094  ETA 827.5m  last:000830.SZ 85200r/16.6s  tok:280/280
[2026-05-16 11:35:03] [history_5min] [------------------------------]   2.1%  64/3094  ETA 865.7m  last:000831.SZ 85680r/24.0s  tok:280/280
[2026-05-16 11:35:22] [history_5min] [------------------------------]   2.1%  65/3094  ETA 873.6m  last:000833.SZ 85680r/18.8s  tok:280/280
[2026-05-16 11:35:37] [history_5min] [------------------------------]   2.1%  66/3094  ETA 863.1m  last:000837.SZ 85584r/15.3s  tok:280/280
[2026-05-16 11:35:52] [history_5min] [------------------------------]   2.2%  67/3094  ETA 852.2m  last:000839.SZ 85584r/15.0s  tok:280/280
[2026-05-16 11:36:12] [history_5min] [------------------------------]   2.2%  68/3094  ETA 867.3m  last:000848.SZ 85680r/19.9s  tok:280/280
[2026-05-16 11:36:28] [history_5min] [------------------------------]   2.2%  69/3094  ETA 859.3m  last:000850.SZ 85680r/15.7s  tok:280/280
[2026-05-16 11:36:47] [history_5min] [------------------------------]   2.3%  70/3094  ETA 869.0m  last:000852.SZ 85680r/19.0s  tok:280/280
[2026-05-16 11:37:05] [history_5min] [------------------------------]   2.3%  71/3094  ETA 875.2m  last:000856.SZ 85680r/18.5s  tok:280/280
[2026-05-16 11:37:38] [history_5min] [------------------------------]   2.3%  72/3094  ETA 954.4m  last:000858.SZ 85680r/33.2s  tok:280/280
[2026-05-16 11:37:55] [history_5min] [------------------------------]   2.4%  73/3094  ETA 943.4m  last:000859.SZ 85200r/16.8s  tok:280/280
[2026-05-16 11:38:19] [history_5min] [------------------------------]   2.4%  74/3094  ETA 969.9m  last:000860.SZ 85680r/24.1s  tok:280/280
[2026-05-16 11:38:37] [history_5min] [------------------------------]   2.4%  75/3094  ETA 961.5m  last:000862.SZ 84912r/17.7s  tok:280/280
[2026-05-16 11:38:52] [history_5min] [------------------------------]   2.5%  76/3094  ETA 939.7m  last:000863.SZ 85440r/14.8s  tok:280/280
[2026-05-16 11:39:07] [history_5min] [------------------------------]   2.5%  77/3094  ETA 923.1m  last:000868.SZ 85536r/15.5s  tok:280/280
[2026-05-16 11:39:26] [history_5min] [------------------------------]   2.5%  78/3094  ETA 924.2m  last:000869.SZ 85680r/18.6s  tok:280/280
[2026-05-16 11:39:40] [history_5min] [------------------------------]   2.6%  79/3094  ETA 900.4m  last:000875.SZ 85200r/13.7s  tok:280/280
[2026-05-16 11:39:57] [history_5min] [------------------------------]   2.6%  80/3094  ETA 895.1m  last:000876.SZ 85680r/16.9s  tok:280/280
[2026-05-16 11:40:12] [history_5min] [------------------------------]   2.6%  81/3094  ETA 880.6m  last:000877.SZ 85152r/15.0s  tok:280/280
[2026-05-16 11:40:27] [history_5min] [------------------------------]   2.7%  82/3094  ETA 867.4m  last:000878.SZ 85248r/15.0s  tok:280/280
[2026-05-16 11:40:42] [history_5min] [------------------------------]   2.7%  83/3094  ETA 857.9m  last:000880.SZ 85199r/15.4s  tok:280/280
[2026-05-16 11:40:57] [history_5min] [------------------------------]   2.7%  84/3094  ETA 846.6m  last:000881.SZ 85296r/14.9s  tok:280/280
[2026-05-16 11:41:12] [history_5min] [------------------------------]   2.7%  85/3094  ETA 836.9m  last:000882.SZ 85680r/15.0s  tok:280/280
[2026-05-16 11:41:27] [history_5min] [------------------------------]   2.8%  86/3094  ETA 828.5m  last:000883.SZ 85680r/15.1s  tok:280/280
[2026-05-16 11:41:43] [history_5min] [------------------------------]   2.8%  87/3094  ETA 826.1m  last:000885.SZ 84912r/16.1s  tok:280/280
[2026-05-16 11:41:58] [history_5min] [------------------------------]   2.8%  88/3094  ETA 820.5m  last:000886.SZ 85680r/15.4s  tok:280/280
[2026-05-16 11:42:14] [history_5min] [------------------------------]   2.9%  89/3094  ETA 814.6m  last:000887.SZ 85680r/15.3s  tok:280/280
[2026-05-16 11:42:29] [history_5min] [------------------------------]   2.9%  90/3094  ETA 807.5m  last:000888.SZ 85680r/14.9s  tok:280/280
[2026-05-16 11:42:48] [history_5min] [------------------------------]   2.9%  91/3094  ETA 823.8m  last:000889.SZ 85584r/19.4s  tok:280/280
[2026-05-16 11:43:05] [history_5min] [------------------------------]   3.0%  92/3094  ETA 827.4m  last:000890.SZ 85584r/17.2s  tok:280/280
[2026-05-16 11:43:22] [history_5min] [------------------------------]   3.0%  93/3094  ETA 825.2m  last:000892.SZ 85680r/16.1s  tok:280/280
[2026-05-16 11:43:40] [history_5min] [------------------------------]   3.0%  94/3094  ETA 833.2m  last:000893.SZ 85104r/18.2s  tok:280/280
[2026-05-16 11:43:51] [history_5min] [------------------------------]   3.1%  95/3094  ETA 806.7m  last:000895.SZ 84960r/11.4s  tok:280/280
[2026-05-16 11:44:04] [history_5min] [------------------------------]   3.1%  96/3094  ETA 791.4m  last:000897.SZ 85584r/13.1s  tok:280/280
[2026-05-16 11:44:19] [history_5min] [------------------------------]   3.1%  97/3094  ETA 784.3m  last:000898.SZ 85680r/14.5s  tok:280/280
[2026-05-16 11:44:33] [history_5min] [------------------------------]   3.2%  98/3094  ETA 778.9m  last:000899.SZ 85440r/14.7s  tok:280/280
[2026-05-16 11:44:53] [history_5min] [------------------------------]   3.2%  99/3094  ETA 796.7m  last:000900.SZ 85680r/19.2s  tok:280/280
[2026-05-16 11:45:08] [history_5min] [------------------------------]   3.2%  100/3094  ETA 791.8m  last:000901.SZ 85392r/15.0s  tok:280/280
[2026-05-16 11:45:23] [history_5min] [------------------------------]   3.3%  101/3094  ETA 786.8m  last:000902.SZ 85680r/14.9s  tok:280/280
[2026-05-16 11:45:38] [history_5min] [------------------------------]   3.3%  102/3094  ETA 785.9m  last:000905.SZ 85440r/15.7s  tok:280/280
[2026-05-16 11:46:01] [history_5min] [------------------------------]   3.3%  103/3094  ETA 818.9m  last:000906.SZ 84528r/22.4s  tok:280/280
[2026-05-16 11:46:16] [history_5min] [#-----------------------------]   3.4%  104/3094  ETA 815.5m  last:000910.SZ 85680r/15.8s  tok:280/280
[2026-05-16 11:46:33] [history_5min] [#-----------------------------]   3.4%  105/3094  ETA 815.9m  last:000912.SZ 85632r/16.5s  tok:280/280
[2026-05-16 11:46:48] [history_5min] [#-----------------------------]   3.4%  106/3094  ETA 809.8m  last:000913.SZ 85680r/15.2s  tok:280/280
[2026-05-16 11:47:05] [history_5min] [#-----------------------------]   3.5%  107/3094  ETA 814.7m  last:000915.SZ 85680r/17.3s  tok:280/280
[2026-05-16 11:47:24] [history_5min] [#-----------------------------]   3.5%  108/3094  ETA 826.4m  last:000917.SZ 85680r/18.8s  tok:280/280
[2026-05-16 11:47:44] [history_5min] [#-----------------------------]   3.5%  109/3094  ETA 842.0m  last:000919.SZ 85680r/19.8s  tok:280/280
[2026-05-16 11:48:00] [history_5min] [#-----------------------------]   3.6%  110/3094  ETA 835.8m  last:000920.SZ 85680r/15.7s  tok:280/280
[2026-05-16 11:48:22] [history_5min] [#-----------------------------]   3.6%  111/3094  ETA 860.1m  last:000921.SZ 85680r/21.8s  tok:280/280
[2026-05-16 11:48:37] [history_5min] [#-----------------------------]   3.6%  112/3094  ETA 851.9m  last:000922.SZ 85680r/15.7s  tok:280/280
[2026-05-16 11:48:55] [history_5min] [#-----------------------------]   3.7%  113/3094  ETA 854.8m  last:000923.SZ 85680r/17.8s  tok:280/280
[2026-05-16 11:49:12] [history_5min] [#-----------------------------]   3.7%  114/3094  ETA 854.7m  last:000925.SZ 85680r/17.2s  tok:280/280
[2026-05-16 11:49:33] [history_5min] [#-----------------------------]   3.7%  115/3094  ETA 872.8m  last:000926.SZ 85680r/20.9s  tok:280/280
[2026-05-16 11:49:48] [history_5min] [#-----------------------------]   3.7%  116/3094  ETA 858.2m  last:000927.SZ 84672r/14.7s  tok:280/280
[2026-05-16 11:50:03] [history_5min] [#-----------------------------]   3.8%  117/3094  ETA 845.0m  last:000928.SZ 85680r/14.7s  tok:280/280
[2026-05-16 11:50:24] [history_5min] [#-----------------------------]   3.8%  118/3094  ETA 865.2m  last:000930.SZ 85680r/21.2s  tok:280/280
[2026-05-16 11:50:40] [history_5min] [#-----------------------------]   3.8%  119/3094  ETA 857.8m  last:000931.SZ 85680r/16.0s  tok:280/280
[2026-05-16 11:50:57] [history_5min] [#-----------------------------]   3.9%  120/3094  ETA 858.1m  last:000932.SZ 85632r/17.4s  tok:280/280
[2026-05-16 11:51:12] [history_5min] [#-----------------------------]   3.9%  121/3094  ETA 846.3m  last:000933.SZ 85200r/15.0s  tok:280/280
[2026-05-16 11:51:32] [history_5min] [#-----------------------------]   3.9%  122/3094  ETA 859.9m  last:000935.SZ 85680r/19.9s  tok:280/280
[2026-05-16 11:51:54] [history_5min] [#-----------------------------]   4.0%  123/3094  ETA 880.4m  last:000936.SZ 85680r/21.6s  tok:280/280
[2026-05-16 11:52:12] [history_5min] [#-----------------------------]   4.0%  124/3094  ETA 880.4m  last:000937.SZ 85680r/17.8s  tok:280/280
[2026-05-16 11:52:28] [history_5min] [#-----------------------------]   4.0%  125/3094  ETA 875.0m  last:000938.SZ 85680r/16.8s  tok:280/280
[2026-05-16 11:52:45] [history_5min] [#-----------------------------]   4.1%  126/3094  ETA 868.8m  last:000948.SZ 85680r/16.5s  tok:280/280
[2026-05-16 11:53:00] [history_5min] [#-----------------------------]   4.1%  127/3094  ETA 854.4m  last:000949.SZ 85680r/14.7s  tok:280/280
[2026-05-16 11:53:17] [history_5min] [#-----------------------------]   4.1%  128/3094  ETA 854.9m  last:000950.SZ 85680r/17.4s  tok:280/280
[2026-05-16 11:53:32] [history_5min] [#-----------------------------]   4.2%  129/3094  ETA 842.0m  last:000951.SZ 85680r/14.7s  tok:280/280
[2026-05-16 11:53:53] [history_5min] [#-----------------------------]   4.2%  130/3094  ETA 860.2m  last:000952.SZ 85680r/20.8s  tok:280/280
[2026-05-16 11:54:12] [history_5min] [#-----------------------------]   4.2%  131/3094  ETA 871.3m  last:000953.SZ 84960r/19.7s  tok:280/280
[2026-05-16 11:54:29] [history_5min] [#-----------------------------]   4.3%  132/3094  ETA 866.6m  last:000955.SZ 85680r/16.7s  tok:280/280
[2026-05-16 11:54:43] [history_5min] [#-----------------------------]   4.3%  133/3094  ETA 849.1m  last:000957.SZ 84960r/14.1s  tok:280/280
[2026-05-16 11:54:59] [history_5min] [#-----------------------------]   4.3%  134/3094  ETA 842.9m  last:000958.SZ 84672r/16.0s  tok:280/280
[2026-05-16 11:55:18] [history_5min] [#-----------------------------]   4.4%  135/3094  ETA 849.4m  last:000959.SZ 84144r/18.5s  tok:280/280
[2026-05-16 11:55:36] [history_5min] [#-----------------------------]   4.4%  136/3094  ETA 853.7m  last:000960.SZ 85680r/18.1s  tok:280/280
[2026-05-16 11:55:53] [history_5min] [#-----------------------------]   4.4%  137/3094  ETA 851.7m  last:000962.SZ 85680r/17.0s  tok:280/280
[2026-05-16 11:56:04] [history_5min] [#-----------------------------]   4.5%  138/3094  ETA 821.6m  last:000963.SZ 85680r/11.2s  tok:280/280
[2026-05-16 11:56:18] [history_5min] [#-----------------------------]   4.5%  139/3094  ETA 807.9m  last:000965.SZ 85680r/14.0s  tok:280/280
[2026-05-16 11:56:33] [history_5min] [#-----------------------------]   4.5%  140/3094  ETA 801.7m  last:000966.SZ 85152r/15.2s  tok:280/280
[2026-05-16 11:56:50] [history_5min] [#-----------------------------]   4.6%  141/3094  ETA 804.1m  last:000967.SZ 85680r/16.8s  tok:280/280
[2026-05-16 11:57:04] [history_5min] [#-----------------------------]   4.6%  142/3094  ETA 794.4m  last:000968.SZ 85680r/14.4s  tok:280/280
[2026-05-16 11:57:24] [history_5min] [#-----------------------------]   4.6%  143/3094  ETA 809.2m  last:000969.SZ 85680r/19.2s  tok:280/280
[2026-05-16 11:57:39] [history_5min] [#-----------------------------]   4.7%  144/3094  ETA 803.8m  last:000970.SZ 85392r/15.4s  tok:280/280
[2026-05-16 11:57:54] [history_5min] [#-----------------------------]   4.7%  145/3094  ETA 796.0m  last:000973.SZ 85200r/14.8s  tok:280/280
[2026-05-16 11:58:08] [history_5min] [#-----------------------------]   4.7%  146/3094  ETA 783.6m  last:000975.SZ 84960r/13.7s  tok:280/280
[2026-05-16 11:58:23] [history_5min] [#-----------------------------]   4.8%  147/3094  ETA 783.0m  last:000977.SZ 85392r/15.9s  tok:280/280
[2026-05-16 11:58:37] [history_5min] [#-----------------------------]   4.8%  148/3094  ETA 769.1m  last:000978.SZ 85680r/13.2s  tok:280/280
[2026-05-16 11:58:51] [history_5min] [#-----------------------------]   4.8%  149/3094  ETA 761.7m  last:000980.SZ 84816r/14.2s  tok:280/280
[2026-05-16 11:59:06] [history_5min] [#-----------------------------]   4.8%  150/3094  ETA 759.5m  last:000981.SZ 85104r/15.1s  tok:280/280
[2026-05-16 11:59:21] [history_5min] [#-----------------------------]   4.9%  151/3094  ETA 757.5m  last:000983.SZ 85200r/15.1s  tok:280/280
[2026-05-16 11:59:39] [history_5min] [#-----------------------------]   4.9%  152/3094  ETA 768.7m  last:000985.SZ 85680r/17.8s  tok:280/280
[2026-05-16 11:59:54] [history_5min] [#-----------------------------]   4.9%  153/3094  ETA 766.5m  last:000987.SZ 85344r/15.3s  tok:280/280
[2026-05-16 12:00:12] [history_5min] [#-----------------------------]   5.0%  154/3094  ETA 775.9m  last:000988.SZ 85680r/17.6s  tok:280/280
[2026-05-16 12:00:27] [history_5min] [#-----------------------------]   5.0%  155/3094  ETA 774.9m  last:000989.SZ 85584r/15.7s  tok:280/280
[2026-05-16 12:00:43] [history_5min] [#-----------------------------]   5.0%  156/3094  ETA 772.2m  last:000990.SZ 85680r/15.3s  tok:280/280
[2026-05-16 12:01:00] [history_5min] [#-----------------------------]   5.1%  157/3094  ETA 776.6m  last:000993.SZ 85680r/16.7s  tok:280/280
[2026-05-16 12:01:12] [history_5min] [#-----------------------------]   5.1%  158/3094  ETA 758.6m  last:000995.SZ 66432r/12.2s  tok:280/280
[2026-05-16 12:01:29] [history_5min] [#-----------------------------]   5.1%  159/3094  ETA 767.3m  last:000997.SZ 85680r/17.3s  tok:280/280
[2026-05-16 12:01:44] [history_5min] [#-----------------------------]   5.2%  160/3094  ETA 763.4m  last:000998.SZ 85680r/15.0s  tok:280/280
[2026-05-16 12:01:59] [history_5min] [#-----------------------------]   5.2%  161/3094  ETA 761.2m  last:000999.SZ 85680r/15.2s  tok:280/280
[2026-05-16 12:02:11] [history_5min] [#-----------------------------]   5.2%  162/3094  ETA 742.2m  last:001201.SZ 58656r/11.7s  tok:280/280
[2026-05-16 12:02:22] [history_5min] [#-----------------------------]   5.3%  163/3094  ETA 720.6m  last:001202.SZ 58608r/10.8s  tok:280/280
[2026-05-16 12:02:32] [history_5min] [#-----------------------------]   5.3%  164/3094  ETA 698.0m  last:001203.SZ 58416r/10.2s  tok:280/280
[2026-05-16 12:02:42] [history_5min] [#-----------------------------]   5.3%  165/3094  ETA 676.9m  last:001205.SZ 58272r/10.0s  tok:280/280
[2026-05-16 12:02:53] [history_5min] [#-----------------------------]   5.4%  166/3094  ETA 663.4m  last:001206.SZ 57696r/11.2s  tok:280/280
[2026-05-16 12:03:02] [history_5min] [#-----------------------------]   5.4%  167/3094  ETA 640.6m  last:001207.SZ 56928r/9.0s  tok:280/280
[2026-05-16 12:03:11] [history_5min] [#-----------------------------]   5.4%  168/3094  ETA 617.5m  last:001208.SZ 56880r/8.4s  tok:280/280
[2026-05-16 12:03:19] [history_5min] [#-----------------------------]   5.5%  169/3094  ETA 594.5m  last:001209.SZ 55872r/8.0s  tok:280/280
[2026-05-16 12:03:29] [history_5min] [#-----------------------------]   5.5%  170/3094  ETA 583.6m  last:001210.SZ 55680r/10.0s  tok:280/280
[2026-05-16 12:03:38] [history_5min] [#-----------------------------]   5.5%  171/3094  ETA 570.8m  last:001211.SZ 55440r/9.4s  tok:280/280
[2026-05-16 12:03:50] [history_5min] [#-----------------------------]   5.6%  172/3094  ETA 570.5m  last:001212.SZ 54768r/11.7s  tok:280/280
[2026-05-16 12:04:00] [history_5min] [#-----------------------------]   5.6%  173/3094  ETA 564.7m  last:001213.SZ 54288r/10.6s  tok:280/280
[2026-05-16 12:04:13] [history_5min] [#-----------------------------]   5.6%  174/3094  ETA 567.2m  last:001215.SZ 54384r/12.1s  tok:280/280
[2026-05-16 12:04:23] [history_5min] [#-----------------------------]   5.7%  175/3094  ETA 561.0m  last:001216.SZ 53232r/10.4s  tok:280/280
[2026-05-16 12:04:32] [history_5min] [#-----------------------------]   5.7%  176/3094  ETA 549.2m  last:001217.SZ 53664r/9.1s  tok:280/280
[2026-05-16 12:04:43] [history_5min] [#-----------------------------]   5.7%  177/3094  ETA 548.7m  last:001218.SZ 53328r/11.2s  tok:280/280
[2026-05-16 12:04:52] [history_5min] [#-----------------------------]   5.8%  178/3094  ETA 536.8m  last:001219.SZ 53136r/8.9s  tok:280/280
[2026-05-16 12:04:53] [history_5min] [#-----------------------------]   5.8%  179/3094  ETA 488.3m  last:001220.SZ 3120r/1.1s  tok:280/280
[2026-05-16 12:04:56] [history_5min] [#-----------------------------]   5.8%  180/3094  ETA 450.2m  last:001221.SZ 9168r/2.2s  tok:280/280
[2026-05-16 12:05:04] [history_5min] [#-----------------------------]   5.9%  181/3094  ETA 444.5m  last:001222.SZ 43392r/8.1s  tok:280/280
[2026-05-16 12:05:10] [history_5min] [#-----------------------------]   5.9%  182/3094  ETA 430.9m  last:001223.SZ 39744r/6.4s  tok:280/280
[2026-05-16 12:05:19] [history_5min] [#-----------------------------]   5.9%  183/3094  ETA 429.0m  last:001225.SZ 37536r/8.5s  tok:280/280
[2026-05-16 12:05:27] [history_5min] [#-----------------------------]   5.9%  184/3094  ETA 426.7m  last:001226.SZ 45360r/8.4s  tok:280/280
[2026-05-16 12:05:35] [history_5min] [#-----------------------------]   6.0%  185/3094  ETA 422.8m  last:001227.SZ 50208r/8.0s  tok:280/280
[2026-05-16 12:05:44] [history_5min] [#-----------------------------]   6.0%  186/3094  ETA 424.1m  last:001228.SZ 46992r/9.0s  tok:280/280
[2026-05-16 12:05:53] [history_5min] [#-----------------------------]   6.0%  187/3094  ETA 423.2m  last:001229.SZ 43776r/8.6s  tok:280/280
[2026-05-16 12:06:00] [history_5min] [#-----------------------------]   6.1%  188/3094  ETA 413.9m  last:001230.SZ 44544r/6.8s  tok:280/280
[2026-05-16 12:06:08] [history_5min] [#-----------------------------]   6.1%  189/3094  ETA 415.1m  last:001231.SZ 43344r/8.8s  tok:280/280
[2026-05-16 12:06:09] [history_5min] [#-----------------------------]   6.1%  190/3094  ETA 378.7m  last:001233.SZ 5424r/1.1s  tok:280/280
[2026-05-16 12:06:19] [history_5min] [#-----------------------------]   6.2%  191/3094  ETA 385.8m  last:001234.SZ 50400r/9.3s  tok:280/280
[2026-05-16 12:06:30] [history_5min] [#-----------------------------]   6.2%  192/3094  ETA 399.9m  last:001236.SZ 43824r/10.9s  tok:280/280
[2026-05-16 12:06:43] [history_5min] [#-----------------------------]   6.2%  193/3094  ETA 425.1m  last:001238.SZ 42384r/13.5s  tok:280/280
[2026-05-16 12:06:48] [history_5min] [#-----------------------------]   6.3%  194/3094  ETA 404.7m  last:001239.SZ 28080r/4.6s  tok:280/280
[2026-05-16 12:06:55] [history_5min] [#-----------------------------]   6.3%  195/3094  ETA 398.1m  last:001255.SZ 41952r/7.0s  tok:280/280
[2026-05-16 12:07:02] [history_5min] [#-----------------------------]   6.3%  196/3094  ETA 391.6m  last:001256.SZ 39984r/6.9s  tok:280/280
[2026-05-16 12:07:02] [history_5min] [#-----------------------------]   6.4%  197/3094  ETA 354.8m  last:001257.SZ 1488r/0.5s  tok:280/280
[2026-05-16 12:07:23] [history_5min] [#-----------------------------]   6.4%  198/3094  ETA 419.5m  last:001258.SZ 44160r/20.8s  tok:280/280
[2026-05-16 12:07:35] [history_5min] [#-----------------------------]   6.4%  199/3094  ETA 433.3m  last:001259.SZ 42960r/11.6s  tok:280/280
[2026-05-16 12:07:41] [history_5min] [#-----------------------------]   6.5%  200/3094  ETA 419.1m  last:001260.SZ 37728r/6.1s  tok:280/280
[2026-05-16 12:07:50] [history_5min] [#-----------------------------]   6.5%  201/3094  ETA 422.1m  last:001266.SZ 49008r/9.4s  tok:280/280
[2026-05-16 12:08:00] [history_5min] [#-----------------------------]   6.5%  202/3094  ETA 426.0m  last:001267.SZ 52032r/9.6s  tok:280/280
[2026-05-16 12:08:07] [history_5min] [#-----------------------------]   6.6%  203/3094  ETA 419.9m  last:001268.SZ 45072r/7.6s  tok:280/280
[2026-05-16 12:08:15] [history_5min] [#-----------------------------]   6.6%  204/3094  ETA 416.1m  last:001269.SZ 41952r/8.0s  tok:280/280
[2026-05-16 12:08:19] [history_5min] [#-----------------------------]   6.6%  205/3094  ETA 392.9m  last:001277.SZ 19584r/3.9s  tok:280/280
[2026-05-16 12:08:25] [history_5min] [#-----------------------------]   6.7%  206/3094  ETA 383.0m  last:001278.SZ 37056r/6.1s  tok:280/280
[2026-05-16 12:08:28] [history_5min] [##----------------------------]   6.7%  207/3094  ETA 359.0m  last:001279.SZ 18576r/3.0s  tok:280/280
[2026-05-16 12:08:29] [history_5min] [##----------------------------]   6.7%  208/3094  ETA 326.5m  last:001280.SZ 5136r/0.7s  tok:280/280
[2026-05-16 12:08:33] [history_5min] [##----------------------------]   6.8%  209/3094  ETA 314.8m  last:001282.SZ 34608r/4.4s  tok:280/280
[2026-05-16 12:08:39] [history_5min] [##----------------------------]   6.8%  210/3094  ETA 309.0m  last:001283.SZ 42816r/5.4s  tok:280/280
[2026-05-16 12:08:40] [history_5min] [##----------------------------]   6.8%  211/3094  ETA 282.9m  last:001285.SZ 6576r/1.0s  tok:280/280
[2026-05-16 12:08:47] [history_5min] [##----------------------------]   6.9%  212/3094  ETA 290.9m  last:001286.SZ 36000r/7.6s  tok:280/280
[2026-05-16 12:08:53] [history_5min] [##----------------------------]   6.9%  213/3094  ETA 290.2m  last:001287.SZ 36000r/5.9s  tok:280/280
[2026-05-16 12:09:01] [history_5min] [##----------------------------]   6.9%  214/3094  ETA 299.3m  last:001288.SZ 52800r/8.0s  tok:280/280
[2026-05-16 12:09:09] [history_5min] [##----------------------------]   6.9%  215/3094  ETA 307.2m  last:001289.SZ 49968r/7.9s  tok:280/280
[2026-05-16 12:09:17] [history_5min] [##----------------------------]   7.0%  216/3094  ETA 312.9m  last:001296.SZ 50928r/7.6s  tok:280/280
[2026-05-16 12:09:23] [history_5min] [##----------------------------]   7.0%  217/3094  ETA 311.8m  last:001298.SZ 41184r/6.3s  tok:280/280
[2026-05-16 12:09:29] [history_5min] [##----------------------------]   7.0%  218/3094  ETA 310.6m  last:001299.SZ 41184r/6.3s  tok:280/280
[2026-05-16 12:09:37] [history_5min] [##----------------------------]   7.1%  219/3094  ETA 313.8m  last:001300.SZ 41568r/7.2s  tok:280/280
[2026-05-16 12:09:43] [history_5min] [##----------------------------]   7.1%  220/3094  ETA 311.9m  last:001301.SZ 39168r/6.2s  tok:280/280
[2026-05-16 12:09:49] [history_5min] [##----------------------------]   7.1%  221/3094  ETA 310.1m  last:001306.SZ 28944r/6.2s  tok:280/280
[2026-05-16 12:09:57] [history_5min] [##----------------------------]   7.2%  222/3094  ETA 317.6m  last:001308.SZ 48336r/8.1s  tok:280/280
[2026-05-16 12:10:05] [history_5min] [##----------------------------]   7.2%  223/3094  ETA 324.1m  last:001309.SZ 45024r/8.0s  tok:280/280
[2026-05-16 12:10:12] [history_5min] [##----------------------------]   7.2%  224/3094  ETA 324.4m  last:001311.SZ 37392r/6.8s  tok:280/280
[2026-05-16 12:10:12] [history_5min] [##----------------------------]   7.3%  225/3094  ETA 293.5m  last:001312.SZ 816r/0.4s  tok:280/280
[2026-05-16 12:10:20] [history_5min] [##----------------------------]   7.3%  226/3094  ETA 300.6m  last:001313.SZ 49392r/7.6s  tok:280/280
[2026-05-16 12:10:26] [history_5min] [##----------------------------]   7.3%  227/3094  ETA 301.4m  last:001314.SZ 37392r/6.5s  tok:280/280
[2026-05-16 12:10:33] [history_5min] [##----------------------------]   7.4%  228/3094  ETA 301.8m  last:001316.SZ 45264r/6.4s  tok:280/280
[2026-05-16 12:10:40] [history_5min] [##----------------------------]   7.4%  229/3094  ETA 306.4m  last:001317.SZ 51552r/7.3s  tok:280/280
[2026-05-16 12:10:49] [history_5min] [##----------------------------]   7.4%  230/3094  ETA 316.9m  last:001318.SZ 46416r/8.6s  tok:280/280
[2026-05-16 12:10:57] [history_5min] [##----------------------------]   7.5%  231/3094  ETA 322.7m  last:001319.SZ 46704r/7.9s  tok:280/280
[2026-05-16 12:11:04] [history_5min] [##----------------------------]   7.5%  232/3094  ETA 322.9m  last:001322.SZ 41328r/6.8s  tok:280/280
[2026-05-16 12:11:11] [history_5min] [##----------------------------]   7.5%  233/3094  ETA 326.7m  last:001323.SZ 45312r/7.6s  tok:280/280
[2026-05-16 12:11:17] [history_5min] [##----------------------------]   7.6%  234/3094  ETA 323.9m  last:001324.SZ 34704r/6.3s  tok:280/280
[2026-05-16 12:11:18] [history_5min] [##----------------------------]   7.6%  235/3094  ETA 295.1m  last:001325.SZ 4608r/0.8s  tok:280/280
[2026-05-16 12:11:23] [history_5min] [##----------------------------]   7.6%  236/3094  ETA 286.3m  last:001326.SZ 29184r/4.4s  tok:280/280
[2026-05-16 12:11:29] [history_5min] [##----------------------------]   7.7%  237/3094  ETA 286.2m  last:001328.SZ 36000r/6.0s  tok:280/280
[2026-05-16 12:11:36] [history_5min] [##----------------------------]   7.7%  238/3094  ETA 292.9m  last:001330.SZ 43392r/7.4s  tok:280/280
[2026-05-16 12:11:42] [history_5min] [##----------------------------]   7.7%  239/3094  ETA 293.3m  last:001331.SZ 42288r/6.2s  tok:280/280
[2026-05-16 12:11:49] [history_5min] [##----------------------------]   7.8%  240/3094  ETA 294.2m  last:001332.SZ 42336r/6.4s  tok:280/280
[2026-05-16 12:12:00] [history_5min] [##----------------------------]   7.8%  241/3094  ETA 319.5m  last:001333.SZ 39840r/11.5s  tok:280/280
[2026-05-16 12:12:02] [history_5min] [##----------------------------]   7.8%  242/3094  ETA 297.3m  last:001335.SZ 12624r/2.1s  tok:280/280
[2026-05-16 12:12:09] [history_5min] [##----------------------------]   7.9%  243/3094  ETA 300.6m  last:001336.SZ 44256r/7.0s  tok:280/280
[2026-05-16 12:12:16] [history_5min] [##----------------------------]   7.9%  244/3094  ETA 301.4m  last:001337.SZ 37200r/6.5s  tok:280/280
[2026-05-16 12:12:21] [history_5min] [##----------------------------]   7.9%  245/3094  ETA 297.1m  last:001338.SZ 40608r/5.4s  tok:280/280
[2026-05-16 12:12:29] [history_5min] [##----------------------------]   8.0%  246/3094  ETA 302.0m  last:001339.SZ 43536r/7.3s  tok:280/280
[2026-05-16 12:12:32] [history_5min] [##----------------------------]   8.0%  247/3094  ETA 285.7m  last:001356.SZ 15072r/3.0s  tok:280/280
[2026-05-16 12:12:37] [history_5min] [##----------------------------]   8.0%  248/3094  ETA 281.4m  last:001358.SZ 27744r/5.1s  tok:280/280
[2026-05-16 12:12:41] [history_5min] [##----------------------------]   8.0%  249/3094  ETA 275.1m  last:001359.SZ 24720r/4.6s  tok:280/280
[2026-05-16 12:12:47] [history_5min] [##----------------------------]   8.1%  250/3094  ETA 273.7m  last:001360.SZ 36000r/5.5s  tok:280/280
[2026-05-16 12:12:53] [history_5min] [##----------------------------]   8.1%  251/3094  ETA 276.7m  last:001366.SZ 37104r/6.4s  tok:280/280
[2026-05-16 12:12:59] [history_5min] [##----------------------------]   8.1%  252/3094  ETA 275.7m  last:001367.SZ 36000r/5.6s  tok:280/280
[2026-05-16 12:13:05] [history_5min] [##----------------------------]   8.2%  253/3094  ETA 274.8m  last:001368.SZ 36912r/5.7s  tok:280/280
[2026-05-16 12:13:05] [history_5min] [##----------------------------]   8.2%  254/3094  ETA 251.1m  last:001369.SZ 4224r/0.8s  tok:280/280
[2026-05-16 12:13:12] [history_5min] [##----------------------------]   8.2%  255/3094  ETA 256.7m  last:001373.SZ 34320r/6.5s  tok:280/280
[2026-05-16 12:13:16] [history_5min] [##----------------------------]   8.3%  256/3094  ETA 252.3m  last:001376.SZ 29376r/4.5s  tok:280/280
[2026-05-16 12:13:26] [history_5min] [##----------------------------]   8.3%  257/3094  ETA 270.3m  last:001378.SZ 29568r/9.2s  tok:280/280
[2026-05-16 12:13:31] [history_5min] [##----------------------------]   8.3%  258/3094  ETA 269.9m  last:001379.SZ 26784r/5.6s  tok:280/280
[2026-05-16 12:13:36] [history_5min] [##----------------------------]   8.4%  259/3094  ETA 267.1m  last:001380.SZ 34896r/5.1s  tok:280/280
[2026-05-16 12:13:39] [history_5min] [##----------------------------]   8.4%  260/3094  ETA 252.6m  last:001382.SZ 13392r/2.6s  tok:280/280
[2026-05-16 12:13:40] [history_5min] [##----------------------------]   8.4%  261/3094  ETA 232.3m  last:001386.SZ 6576r/1.1s  tok:280/280
[2026-05-16 12:13:45] [history_5min] [##----------------------------]   8.5%  262/3094  ETA 232.8m  last:001387.SZ 27072r/5.0s  tok:280/280
[2026-05-16 12:13:47] [history_5min] [##----------------------------]   8.5%  263/3094  ETA 215.7m  last:001388.SZ 9696r/1.3s  tok:280/280
[2026-05-16 12:13:52] [history_5min] [##----------------------------]   8.5%  264/3094  ETA 218.2m  last:001389.SZ 24576r/5.1s  tok:280/280
[2026-05-16 12:13:54] [history_5min] [##----------------------------]   8.6%  265/3094  ETA 206.7m  last:001390.SZ 11088r/2.2s  tok:280/280
[2026-05-16 12:13:56] [history_5min] [##----------------------------]   8.6%  266/3094  ETA 196.7m  last:001391.SZ 15888r/2.3s  tok:280/280
[2026-05-16 12:14:00] [history_5min] [##----------------------------]   8.6%  267/3094  ETA 193.2m  last:001395.SZ 14976r/3.5s  tok:280/280
[2026-05-16 12:14:00] [history_5min] [##----------------------------]   8.7%  268/3094  ETA 178.1m  last:001396.SZ 4224r/0.9s  tok:280/280
[2026-05-16 12:14:02] [history_5min] [##----------------------------]   8.7%  269/3094  ETA 169.0m  last:001400.SZ 12288r/1.9s  tok:280/280
[2026-05-16 12:14:17] [history_5min] [##----------------------------]   8.7%  270/3094  ETA 223.2m  last:001696.SZ 85680r/15.1s  tok:280/280
[2026-05-16 12:14:34] [history_5min] [##----------------------------]   8.8%  271/3094  ETA 278.1m  last:001872.SZ 85680r/16.4s  tok:280/280
[2026-05-16 12:14:48] [history_5min] [##----------------------------]   8.8%  272/3094  ETA 316.0m  last:001896.SZ 85152r/14.0s  tok:280/280
[2026-05-16 12:15:01] [history_5min] [##----------------------------]   8.8%  273/3094  ETA 343.8m  last:001914.SZ 85152r/12.7s  tok:280/280
[2026-05-16 12:15:15] [history_5min] [##----------------------------]   8.9%  274/3094  ETA 378.3m  last:001965.SZ 85680r/14.7s  tok:280/280
[2026-05-16 12:15:32] [history_5min] [##----------------------------]   8.9%  275/3094  ETA 417.1m  last:001979.SZ 84912r/16.3s  tok:280/280
[2026-05-16 12:15:49] [history_5min] [##----------------------------]   8.9%  276/3094  ETA 455.2m  last:002001.SZ 85680r/17.0s  tok:280/280
[2026-05-16 12:16:03] [history_5min] [##----------------------------]   9.0%  277/3094  ETA 478.7m  last:002003.SZ 85680r/14.7s  tok:280/280
[2026-05-16 12:16:16] [history_5min] [##----------------------------]   9.0%  278/3094  ETA 489.7m  last:002004.SZ 85680r/12.6s  tok:280/280
[2026-05-16 12:16:32] [history_5min] [##----------------------------]   9.0%  279/3094  ETA 514.3m  last:002006.SZ 85680r/15.7s  tok:280/280
[2026-05-16 12:16:45] [history_5min] [##----------------------------]   9.0%  280/3094  ETA 526.8m  last:002007.SZ 85680r/13.7s  tok:280/280
[2026-05-16 12:17:03] [history_5min] [##----------------------------]   9.1%  281/3094  ETA 555.0m  last:002008.SZ 85680r/17.3s  tok:280/280
[2026-05-16 12:17:18] [history_5min] [##----------------------------]   9.1%  282/3094  ETA 570.8m  last:002009.SZ 85680r/15.2s  tok:280/280
[2026-05-16 12:17:32] [history_5min] [##----------------------------]   9.1%  283/3094  ETA 579.0m  last:002010.SZ 85680r/14.0s  tok:280/280
[2026-05-16 12:17:48] [history_5min] [##----------------------------]   9.2%  284/3094  ETA 594.4m  last:002011.SZ 85200r/15.7s  tok:280/280
[2026-05-16 12:18:02] [history_5min] [##----------------------------]   9.2%  285/3094  ETA 600.5m  last:002012.SZ 85680r/14.0s  tok:280/280
[2026-05-16 12:18:16] [history_5min] [##----------------------------]   9.2%  286/3094  ETA 607.3m  last:002014.SZ 85680r/14.3s  tok:280/280
[2026-05-16 12:18:32] [history_5min] [##----------------------------]   9.3%  287/3094  ETA 622.4m  last:002015.SZ 85632r/16.2s  tok:280/280
[2026-05-16 12:18:46] [history_5min] [##----------------------------]   9.3%  288/3094  ETA 626.2m  last:002016.SZ 85488r/14.2s  tok:280/280
[2026-05-16 12:19:02] [history_5min] [##----------------------------]   9.3%  289/3094  ETA 633.9m  last:002017.SZ 85392r/15.1s  tok:280/280
[2026-05-16 12:19:14] [history_5min] [##----------------------------]   9.4%  290/3094  ETA 629.9m  last:002019.SZ 85680r/12.7s  tok:280/280
[2026-05-16 12:19:28] [history_5min] [##----------------------------]   9.4%  291/3094  ETA 632.4m  last:002020.SZ 85680r/14.1s  tok:280/280
[2026-05-16 12:19:43] [history_5min] [##----------------------------]   9.4%  292/3094  ETA 637.2m  last:002021.SZ 85200r/14.6s  tok:280/280
[2026-05-16 12:19:57] [history_5min] [##----------------------------]   9.5%  293/3094  ETA 637.9m  last:002022.SZ 85344r/13.8s  tok:280/280
[2026-05-16 12:20:12] [history_5min] [##----------------------------]   9.5%  294/3094  ETA 643.8m  last:002023.SZ 85680r/15.0s  tok:280/280
[2026-05-16 12:20:27] [history_5min] [##----------------------------]   9.5%  295/3094  ETA 648.8m  last:002025.SZ 85680r/14.9s  tok:280/280
[2026-05-16 12:20:41] [history_5min] [##----------------------------]   9.6%  296/3094  ETA 649.6m  last:002026.SZ 85680r/14.1s  tok:280/280
[2026-05-16 12:20:55] [history_5min] [##----------------------------]   9.6%  297/3094  ETA 651.2m  last:002027.SZ 85680r/14.3s  tok:280/280
[2026-05-16 12:21:11] [history_5min] [##----------------------------]   9.6%  298/3094  ETA 657.2m  last:002028.SZ 85680r/15.3s  tok:280/280
[2026-05-16 12:21:26] [history_5min] [##----------------------------]   9.7%  299/3094  ETA 662.0m  last:002029.SZ 85680r/15.2s  tok:280/280
[2026-05-16 12:21:39] [history_5min] [##----------------------------]   9.7%  300/3094  ETA 657.4m  last:002030.SZ 85680r/13.3s  tok:280/280
[2026-05-16 12:21:53] [history_5min] [##----------------------------]   9.7%  301/3094  ETA 658.0m  last:002031.SZ 85680r/14.3s  tok:280/280
[2026-05-16 12:22:07] [history_5min] [##----------------------------]   9.8%  302/3094  ETA 653.8m  last:002032.SZ 85680r/13.3s  tok:280/280
[2026-05-16 12:22:20] [history_5min] [##----------------------------]   9.8%  303/3094  ETA 650.1m  last:002033.SZ 85680r/13.3s  tok:280/280
[2026-05-16 12:22:36] [history_5min] [##----------------------------]   9.8%  304/3094  ETA 659.3m  last:002034.SZ 85680r/16.0s  tok:280/280
[2026-05-16 12:22:51] [history_5min] [##----------------------------]   9.9%  305/3094  ETA 663.6m  last:002035.SZ 85680r/15.2s  tok:280/280
[2026-05-16 12:23:04] [history_5min] [##----------------------------]   9.9%  306/3094  ETA 658.3m  last:002036.SZ 85440r/13.2s  tok:280/280
[2026-05-16 12:23:19] [history_5min] [##----------------------------]   9.9%  307/3094  ETA 658.8m  last:002037.SZ 85680r/14.3s  tok:280/280
[2026-05-16 12:23:32] [history_5min] [##----------------------------]  10.0%  308/3094  ETA 654.4m  last:002038.SZ 85680r/13.3s  tok:280/280
[2026-05-16 12:23:42] [history_5min] [##----------------------------]  10.0%  309/3094  ETA 637.7m  last:002039.SZ 85680r/10.6s  tok:280/280
[2026-05-16 12:23:57] [history_5min] [###---------------------------]  10.0%  310/3094  ETA 641.7m  last:002040.SZ 85680r/14.6s  tok:280/280
[2026-05-16 12:24:18] [history_5min] [###---------------------------]  10.1%  311/3094  ETA 672.9m  last:002041.SZ 85680r/20.6s  tok:280/280
[2026-05-16 12:24:35] [history_5min] [###---------------------------]  10.1%  312/3094  ETA 687.0m  last:002042.SZ 85680r/17.6s  tok:280/280
[2026-05-16 12:24:51] [history_5min] [###---------------------------]  10.1%  313/3094  ETA 690.8m  last:002043.SZ 85680r/15.7s  tok:280/280
[2026-05-16 12:25:14] [history_5min] [###---------------------------]  10.1%  314/3094  ETA 727.8m  last:002044.SZ 85680r/22.9s  tok:280/280
[2026-05-16 12:25:31] [history_5min] [###---------------------------]  10.2%  315/3094  ETA 735.5m  last:002045.SZ 85440r/17.4s  tok:280/280
[2026-05-16 12:25:49] [history_5min] [###---------------------------]  10.2%  316/3094  ETA 742.1m  last:002046.SZ 85680r/17.4s  tok:280/280
[2026-05-16 12:26:12] [history_5min] [###---------------------------]  10.2%  317/3094  ETA 774.0m  last:002048.SZ 85680r/23.0s  tok:280/280
[2026-05-16 12:26:33] [history_5min] [###---------------------------]  10.3%  318/3094  ETA 794.2m  last:002049.SZ 84672r/21.2s  tok:280/280
[2026-05-16 12:26:50] [history_5min] [###---------------------------]  10.3%  319/3094  ETA 792.7m  last:002050.SZ 85680r/16.9s  tok:280/280
[2026-05-16 12:27:08] [history_5min] [###---------------------------]  10.3%  320/3094  ETA 798.3m  last:002051.SZ 85632r/18.4s  tok:280/280
[2026-05-16 12:27:36] [history_5min] [###---------------------------]  10.4%  321/3094  ETA 844.5m  last:002052.SZ 84960r/27.3s  tok:280/280
[2026-05-16 12:28:03] [history_5min] [###---------------------------]  10.4%  322/3094  ETA 884.4m  last:002053.SZ 85680r/27.0s  tok:280/280
