[2026-05-15 15:11:36] [main] stock_list -> skip (output exists: /root/shared-nvme/lingqiData/data/stock_list.parquet)
[2026-05-15 15:11:36] [main] calendar -> skip (output exists: /root/shared-nvme/lingqiData/data/calendar.parquet)
[2026-05-15 15:11:36] [main] ths_sector_categories -> skip (output exists: /root/shared-nvme/lingqiData/data/ths_sector_categories.parquet)
[2026-05-15 15:11:36] [main] holder_number -> skip (output exists: /root/shared-nvme/lingqiData/data/holder_number.parquet)
[2026-05-15 15:11:36] [main] pledge_stat -> skip (output exists: /root/shared-nvme/lingqiData/data/pledge_stat.parquet)
[2026-05-15 15:11:36] [main] financial -> skip (output exists: /root/shared-nvme/lingqiData/data/financial_indicator.parquet)
[2026-05-15 15:11:36] [main] income -> skip (output exists: /root/shared-nvme/lingqiData/data/income.parquet)
[2026-05-15 15:11:36] [main] balancesheet -> skip (output exists: /root/shared-nvme/lingqiData/data/balancesheet.parquet)
[2026-05-15 15:11:36] [main] cashflow -> skip (output exists: /root/shared-nvme/lingqiData/data/cashflow.parquet)
[2026-05-15 15:11:36] [main] limit_list -> skip (output exists: /root/shared-nvme/lingqiData/data/limit_list.parquet)
[2026-05-15 15:11:36] [main] limit_up -> skip (output exists: /root/shared-nvme/lingqiData/data/limit_up.parquet)
[2026-05-15 15:11:36] [main] kline_monthly -> skip (output exists: /root/shared-nvme/lingqiData/data/kline_monthly.parquet)
[2026-05-15 15:11:36] [main] kline_adj_monthly -> skip (output exists: /root/shared-nvme/lingqiData/data/kline_adj_monthly.parquet)
[2026-05-15 15:11:36] [main] top_list -> skip (output exists: /root/shared-nvme/lingqiData/data/top_list.parquet)
[2026-05-15 15:11:36] [main] dragon_tiger -> skip (output exists: /root/shared-nvme/lingqiData/data/dragon_tiger.parquet)
[2026-05-15 15:11:36] [main] kline_weekly -> skip (output exists: /root/shared-nvme/lingqiData/data/kline_weekly.parquet)
[2026-05-15 15:11:36] [main] kline_adj_weekly -> skip (output exists: /root/shared-nvme/lingqiData/data/kline_adj_weekly.parquet)
[2026-05-15 15:11:36] [main] finance -> skip (output exists: /root/shared-nvme/lingqiData/data/finance.parquet)
[2026-05-15 15:11:36] [main] daily -> skip (output exists: /root/shared-nvme/lingqiData/data/daily.parquet)
[2026-05-15 15:11:36] [main] daily_adj -> skip (output exists: /root/shared-nvme/lingqiData/data/daily_adj.parquet)
[2026-05-15 15:11:36] [main] main_fund_flow -> skip (output exists: /root/shared-nvme/lingqiData/data/main_fund_flow.parquet)
[2026-05-15 15:11:36] [main] margin_detail -> skip (output exists: /root/shared-nvme/lingqiData/data/margin_detail.parquet)
[2026-05-15 15:11:36] [main] cyq_chips -> skip (output exists: /root/shared-nvme/lingqiData/data/cyq_chips/.done)
[2026-05-15 15:11:36] [main] start | rate_limit=280 req/min | parallel=False | workers=6 | tasks=['ths_constituent_stocks', 'ths_daily', 'index_weight', 'history', 'min_adj']
[2026-05-15 15:11:36] [main] === ths_constituent_stocks ===
[2026-05-15 15:11:36] [ths_constituent_stocks] Derived 1237 index codes from ths_sector_categories.parquet
[2026-05-15 15:12:28] [ths_constituent_stocks] [200/1237] indices done | 88171 rows accumulated
[2026-05-15 15:13:12] [ths_constituent_stocks] [400/1237] indices done | 96857 rows accumulated
[2026-05-15 15:13:54] [ths_constituent_stocks] [600/1237] indices done | 101274 rows accumulated
[2026-05-15 15:14:33] [ths_constituent_stocks] [800/1237] indices done | 139214 rows accumulated
[2026-05-15 15:15:01]   [retry 1/3] API Error: code=429, msg=请求过于频繁
[2026-05-15 15:15:20] [ths_constituent_stocks] [1000/1237] indices done | 163192 rows accumulated
[2026-05-15 15:15:56] [ths_constituent_stocks] [1200/1237] indices done | 202132 rows accumulated
[2026-05-15 15:16:11] [ths_constituent_stocks] [1237/1237] indices done | 233101 rows accumulated
[2026-05-15 15:16:11] [ths_constituent_stocks] Total: 233101 rows | 1171 unique indices | 233101 new from per-index fetch
[2026-05-15 15:16:11] [ths_constituent_stocks] Saved -> /root/shared-nvme/lingqiData/data/ths_constituent_stocks.parquet
[2026-05-15 15:16:12] [main] === ths_daily (2019-01-01 ~ 2026-05-15) ===
[2026-05-15 15:16:12] [ths_daily] 89 months: 2019-01-01 ~ 2026-05-15
[2026-05-15 15:16:12] [ths_daily] 89 to fetch, workers=6, tokens=54.6
[2026-05-15 15:16:13] [ths_daily] [1/89] 2019-02 -> 7994 rows | tokens=52.4
[2026-05-15 15:16:13] [ths_daily] [2/89] 2019-03 -> 11319 rows | tokens=52.9
[2026-05-15 15:16:14] [ths_daily] [3/89] 2019-07 -> 12980 rows | tokens=52.8
[2026-05-15 15:16:15] [ths_daily] [4/89] 2019-04 -> 11451 rows | tokens=52.3
[2026-05-15 15:16:15] [ths_daily] [5/89] 2019-06 -> 10594 rows | tokens=51.5
[2026-05-15 15:16:15] [ths_daily] [6/89] 2019-01 -> 11650 rows | tokens=50.8
[2026-05-15 15:16:15] [ths_daily] [7/89] 2019-08 -> 12469 rows | tokens=51.7
[2026-05-15 15:16:16] [ths_daily] [8/89] 2019-09 -> 11350 rows | tokens=52.0
[2026-05-15 15:16:16] [ths_daily] [9/89] 2019-10 -> 10241 rows | tokens=50.2
[2026-05-15 15:16:16] [ths_daily] [10/89] 2019-11 -> 11949 rows | tokens=50.3
[2026-05-15 15:16:16] [ths_daily] [11/89] 2020-01 -> 9193 rows | tokens=49.3
[2026-05-15 15:16:17] [ths_daily] [12/89] 2019-05 -> 11014 rows | tokens=50.9
[2026-05-15 15:16:17] [ths_daily] [13/89] 2019-12 -> 12559 rows | tokens=49.9
[2026-05-15 15:16:18] [ths_daily] [14/89] 2020-02 -> 11587 rows | tokens=51.1
[2026-05-15 15:16:18] [ths_daily] [15/89] 2020-03 -> 12802 rows | tokens=50.1
[2026-05-15 15:16:19] [ths_daily] [16/89] 2020-05 -> 10520 rows | tokens=48.5
[2026-05-15 15:16:19] [ths_daily] [17/89] 2020-04 -> 12249 rows | tokens=47.5
[2026-05-15 15:16:19] [ths_daily] [18/89] 2020-06 -> 11718 rows | tokens=47.4
[2026-05-15 15:16:19] [ths_daily] [19/89] 2020-07 -> 13571 rows | tokens=47.1
[2026-05-15 15:16:20] [ths_daily] [20/89] 2020-08 -> 12491 rows | tokens=48.6
[2026-05-15 15:16:20] [ths_daily] [21/89] 2020-09 -> 13153 rows | tokens=48.1
[2026-05-15 15:16:21] [ths_daily] [22/89] 2020-10 -> 9580 rows | tokens=47.3
[2026-05-15 15:16:21] [ths_daily] [23/89] 2021-01 -> 12571 rows | tokens=47.4
[2026-05-15 15:16:21] [ths_daily] [24/89] 2020-12 -> 13874 rows | tokens=46.8
[2026-05-15 15:16:21] [ths_daily] [25/89] 2020-11 -> 12641 rows | tokens=46.9
[2026-05-15 15:16:23] [ths_daily] [26/89] 2021-03 -> 14600 rows | tokens=49.2
[2026-05-15 15:16:23] [ths_daily] [27/89] 2021-06 -> 13889 rows | tokens=49.8
[2026-05-15 15:16:23] [ths_daily] [28/89] 2021-05 -> 11478 rows | tokens=48.9
[2026-05-15 15:16:23] [ths_daily] [29/89] 2021-04 -> 13352 rows | tokens=48.1
[2026-05-15 15:16:25] [ths_daily] [30/89] 2021-10 -> 10477 rows | tokens=48.5
[2026-05-15 15:16:25] [ths_daily] [31/89] 2021-08 -> 14648 rows | tokens=47.9
[2026-05-15 15:16:25] [ths_daily] [32/89] 2021-02 -> 9467 rows | tokens=49.6
[2026-05-15 15:16:26] [ths_daily] [33/89] 2021-11 -> 14453 rows | tokens=51.3
[2026-05-15 15:16:26] [ths_daily] [34/89] 2021-07 -> 14614 rows | tokens=51.1
[2026-05-15 15:16:27] [ths_daily] [35/89] 2021-09 -> 13348 rows | tokens=50.5
[2026-05-15 15:16:27] [ths_daily] [36/89] 2022-01 -> 13187 rows | tokens=49.6
[2026-05-15 15:16:27] [ths_daily] [37/89] 2021-12 -> 15239 rows | tokens=49.7
[2026-05-15 15:16:27] [ths_daily] [38/89] 2022-02 -> 11210 rows | tokens=49.1
[2026-05-15 15:16:28] [ths_daily] [39/89] 2022-03 -> 16464 rows | tokens=47.9
[2026-05-15 15:16:28] [ths_daily] [40/89] 2022-04 -> 13785 rows | tokens=47.3
[2026-05-15 15:16:29] [ths_daily] [41/89] 2022-05 -> 13916 rows | tokens=47.2
[2026-05-15 15:16:29] [ths_daily] [42/89] 2022-06 -> 15435 rows | tokens=47.1
[2026-05-15 15:16:29] [ths_daily] [43/89] 2022-07 -> 15577 rows | tokens=47.6
[2026-05-15 15:16:30] [ths_daily] [44/89] 2022-10 -> 12049 rows | tokens=47.3
[2026-05-15 15:16:30] [ths_daily] [45/89] 2022-08 -> 17202 rows | tokens=46.4
[2026-05-15 15:16:31] [ths_daily] [46/89] 2022-11 -> 16646 rows | tokens=47.4
[2026-05-15 15:16:31] [ths_daily] [47/89] 2023-01 -> 12413 rows | tokens=47.9
[2026-05-15 15:16:31] [ths_daily] [48/89] 2022-09 -> 15757 rows | tokens=46.9
[2026-05-15 15:16:31] [ths_daily] [49/89] 2022-12 -> 16775 rows | tokens=46.3
[2026-05-15 15:16:33] [ths_daily] [50/89] 2023-04 -> 14956 rows | tokens=46.6
[2026-05-15 15:16:33] [ths_daily] [51/89] 2023-06 -> 15987 rows | tokens=48.2
[2026-05-15 15:16:34] [ths_daily] [52/89] 2023-02 -> 15587 rows | tokens=48.0
[2026-05-15 15:16:34] [ths_daily] [53/89] 2023-03 -> 18033 rows | tokens=47.1
[2026-05-15 15:16:34] [ths_daily] [54/89] 2023-05 -> 15843 rows | tokens=47.6
[2026-05-15 15:16:34] [ths_daily] [55/89] 2023-07 -> 16938 rows | tokens=46.7
[2026-05-15 15:16:35] [ths_daily] [56/89] 2023-08 -> 18587 rows | tokens=46.4
[2026-05-15 15:16:35] [ths_daily] [57/89] 2023-09 -> 16245 rows | tokens=46.1
[2026-05-15 15:16:35] [ths_daily] [58/89] 2023-10 -> 13885 rows | tokens=45.2
[2026-05-15 15:16:36] [ths_daily] [59/89] 2023-11 -> 17996 rows | tokens=45.4
[2026-05-15 15:16:36] [ths_daily] [60/89] 2023-12 -> 17233 rows | tokens=45.5
[2026-05-15 15:16:36] [ths_daily] [61/89] 2024-01 -> 18177 rows | tokens=46.2
[2026-05-15 15:16:38] [ths_daily] [62/89] 2024-02 -> 12463 rows | tokens=46.2
[2026-05-15 15:16:38] [ths_daily] [63/89] 2024-04 -> 16749 rows | tokens=45.4
[2026-05-15 15:16:38] [ths_daily] [64/89] 2024-03 -> 17475 rows | tokens=44.1
[2026-05-15 15:16:38] [ths_daily] [65/89] 2024-05 -> 16798 rows | tokens=43.6
[2026-05-15 15:16:38] [ths_daily] [66/89] 2024-06 -> 16493 rows | tokens=43.2
[2026-05-15 15:16:40] [ths_daily] [67/89] 2024-07 -> 21879 rows | tokens=43.4
[2026-05-15 15:16:40] [ths_daily] [68/89] 2024-08 -> 20824 rows | tokens=44.6
[2026-05-15 15:16:41] [ths_daily] [69/89] 2024-09 -> 22395 rows | tokens=46.5
[2026-05-15 15:16:43] [ths_daily] [70/89] 2024-10 -> 21275 rows | tokens=46.2
[2026-05-15 15:16:43] [ths_daily] [71/89] 2025-01 -> 21401 rows | tokens=45.7
[2026-05-15 15:16:43] [ths_daily] [72/89] 2024-11 -> 24880 rows | tokens=45.7
[2026-05-15 15:16:43] [ths_daily] [73/89] 2024-12 -> 26150 rows | tokens=44.8
[2026-05-15 15:16:43] [ths_daily] [74/89] 2025-02 -> 21467 rows | tokens=43.9
[2026-05-15 15:16:45] [ths_daily] [75/89] 2025-03 -> 25004 rows | tokens=45.0
[2026-05-15 15:16:46] [ths_daily] [76/89] 2025-05 -> 22628 rows | tokens=45.1
[2026-05-15 15:16:46] [ths_daily] [77/89] 2025-04 -> 24974 rows | tokens=44.2
[2026-05-15 15:16:47] [ths_daily] [78/89] 2025-06 -> 23817 rows | tokens=43.0
[2026-05-15 15:16:47] [ths_daily] [79/89] 2025-08 -> 24877 rows | tokens=43.9
[2026-05-15 15:16:48] [ths_daily] [80/89] 2025-07 -> 27372 rows | tokens=42.6
[2026-05-15 15:16:48] [ths_daily] [81/89] 2025-09 -> 25702 rows | tokens=41.9
[2026-05-15 15:16:49] [ths_daily] [82/89] 2025-10 -> 19610 rows | tokens=43.4
[2026-05-15 15:16:50] [ths_daily] [83/89] 2025-12 -> 26759 rows | tokens=44.7
[2026-05-15 15:16:50] [ths_daily] [84/89] 2025-11 -> 23280 rows | tokens=45.4
[2026-05-15 15:16:51] [ths_daily] [85/89] 2026-02 -> 17883 rows | tokens=45.2
[2026-05-15 15:16:51] [ths_daily] [86/89] 2026-01 -> 25533 rows | tokens=48.2
[2026-05-15 15:16:51] [ths_daily] [87/89] 2026-05 -> 8632 rows | tokens=48.5
[2026-05-15 15:16:52] [ths_daily] [88/89] 2026-03 -> 25951 rows | tokens=50.2
[2026-05-15 15:16:53] [ths_daily] [89/89] 2026-04 -> 28431 rows | tokens=53.4
[2026-05-15 15:16:55] [ths_daily] Total: 1437670 rows, 12 columns
[2026-05-15 15:16:56] [ths_daily] Saved -> /root/shared-nvme/lingqiData/data/ths_daily.parquet
[2026-05-15 15:16:57] [ths_daily] Cleaned up 89 checkpoint files
[2026-05-15 15:16:57] [main] === index_weight (2019-01-01 ~ 2026-05-15) ===
[2026-05-15 15:16:57] [index_weight] Derived 1237 index codes from ths_sector_categories.parquet
[2026-05-15 15:16:57] [index_weight] 1237 indices × 89 months (2019-01-01 ~ 2026-05-15) | workers=6
[2026-05-15 15:17:26] [index_weight] 110093 to fetch, workers=6, tokens=211.2
[2026-05-15 15:17:29] [index_weight] [50/110093] tokens=165.8
[2026-05-15 15:17:30] [index_weight] [100/110093] tokens=123.9
[2026-05-15 15:17:32] [index_weight] [150/110093] tokens=81.1
[2026-05-15 15:17:33] [index_weight] [200/110093] tokens=37.5
[2026-05-15 15:17:35] [index_weight] [250/110093] tokens=0.0
[2026-05-15 15:17:39] [index_weight] [300/110093] tokens=0.0
[2026-05-15 15:17:40]   [retry 1/3] API Error: code=429, msg=请求过于频繁
[2026-05-15 15:17:40]   [retry 1/3] API Error: code=429, msg=请求过于频繁
[2026-05-15 15:17:40]   [retry 1/3] API Error: code=429, msg=请求过于频繁
[2026-05-15 15:17:40]   [retry 1/3] API Error: code=429, msg=请求过于频繁
[2026-05-15 15:17:40]   [retry 1/3] API Error: code=429, msg=请求过于频繁
[2026-05-15 15:17:41]   [retry 1/3] API Error: code=429, msg=请求过于频繁
[2026-05-15 15:17:43]   [retry 2/3] API Error: code=429, msg=请求过于频繁
[2026-05-15 15:17:43]   [retry 2/3] API Error: code=429, msg=请求过于频繁
[2026-05-15 15:17:43]   [retry 2/3] API Error: code=429, msg=请求过于频繁
[2026-05-15 15:17:43]   [retry 2/3] API Error: code=429, msg=请求过于频繁
[2026-05-15 15:17:43] [index_weight] [301/110093] 700004.TI/2022-02-01 FAILED: API Error: code=429, msg=请求过于频繁
[2026-05-15 15:17:43] [index_weight] [302/110093] 700004.TI/2022-01-01 FAILED: API Error: code=429, msg=请求过于频繁
[2026-05-15 15:17:43] [index_weight] [303/110093] 700004.TI/2022-03-01 FAILED: API Error: code=429, msg=请求过于频繁
[2026-05-15 15:17:43] [index_weight] [304/110093] 700004.TI/2021-03-01 FAILED: API Error: code=429, msg=请求过于频繁
[2026-05-15 15:17:43]   [retry 2/3] API Error: code=429, msg=请求过于频繁
[2026-05-15 15:17:43] [index_weight] [305/110093] 700004.TI/2021-08-01 FAILED: API Error: code=429, msg=请求过于频繁
[2026-05-15 15:17:44]   [retry 2/3] API Error: code=429, msg=请求过于频繁
[2026-05-15 15:17:44] [index_weight] [306/110093] 700004.TI/2021-12-01 FAILED: API Error: code=429, msg=请求过于频繁
[2026-05-15 15:17:44]   [retry 1/3] API Error: code=429, msg=请求过于频繁
[2026-05-15 15:17:44]   [retry 1/3] API Error: code=429, msg=请求过于频繁
[2026-05-15 15:17:44]   [retry 1/3] API Error: code=429, msg=请求过于频繁
[2026-05-15 15:17:44]   [retry 1/3] API Error: code=429, msg=请求过于频繁
[2026-05-15 15:17:44]   [retry 1/3] API Error: code=429, msg=请求过于频繁
[2026-05-15 15:17:45]   [retry 1/3] API Error: code=429, msg=请求过于频繁
[2026-05-15 15:17:46]   [retry 2/3] API Error: code=429, msg=请求过于频繁
[2026-05-15 15:17:46] [index_weight] [307/110093] 700004.TI/2022-04-01 FAILED: API Error: code=429, msg=请求过于频繁
[2026-05-15 15:17:46]   [retry 2/3] API Error: code=429, msg=请求过于频繁
[2026-05-15 15:17:46]   [retry 2/3] API Error: code=429, msg=请求过于频繁
[2026-05-15 15:17:46] [index_weight] [308/110093] 700004.TI/2022-05-01 FAILED: API Error: code=429, msg=请求过于频繁
[2026-05-15 15:17:46] [index_weight] [309/110093] 700004.TI/2022-06-01 FAILED: API Error: code=429, msg=请求过于频繁
[2026-05-15 15:17:46]   [retry 2/3] API Error: code=429, msg=请求过于频繁
[2026-05-15 15:17:47] [index_weight] [310/110093] 700004.TI/2022-07-01 FAILED: API Error: code=429, msg=请求过于频繁
[2026-05-15 15:17:47]   [retry 2/3] API Error: code=429, msg=请求过于频繁
[2026-05-15 15:17:47]   [retry 2/3] API Error: code=429, msg=请求过于频繁
[2026-05-15 15:17:47] [index_weight] [311/110093] 700004.TI/2022-08-01 FAILED: API Error: code=429, msg=请求过于频繁
[2026-05-15 15:17:47]   [retry 1/3] API Error: code=429, msg=请求过于频繁
[2026-05-15 15:17:47]   [retry 1/3] API Error: code=429, msg=请求过于频繁
[2026-05-15 15:17:47]   [retry 1/3] API Error: code=429, msg=请求过于频繁
[2026-05-15 15:17:47] [index_weight] [312/110093] 700004.TI/2022-09-01 FAILED: API Error: code=429, msg=请求过于频繁
[2026-05-15 15:17:48]   [retry 1/3] API Error: code=429, msg=请求过于频繁
[2026-05-15 15:17:48]   [retry 1/3] API Error: code=429, msg=请求过于频繁
[2026-05-15 15:17:49]   [retry 1/3] API Error: code=429, msg=请求过于频繁
[2026-05-15 15:17:50]   [retry 2/3] API Error: code=429, msg=请求过于频繁
[2026-05-15 15:17:50] [index_weight] [313/110093] 700004.TI/2022-10-01 FAILED: API Error: code=429, msg=请求过于频繁
[2026-05-15 15:17:50]   [retry 2/3] API Error: code=429, msg=请求过于频繁
[2026-05-15 15:17:50]   [retry 2/3] API Error: code=429, msg=请求过于频繁
[2026-05-15 15:17:50] [index_weight] [314/110093] 700004.TI/2022-12-01 FAILED: API Error: code=429, msg=请求过于频繁
[2026-05-15 15:17:50] [index_weight] [315/110093] 700004.TI/2022-11-01 FAILED: API Error: code=429, msg=请求过于频繁
[2026-05-15 15:17:50]   [retry 2/3] API Error: code=429, msg=请求过于频繁
[2026-05-15 15:17:51]   [retry 2/3] API Error: code=429, msg=请求过于频繁
[2026-05-15 15:17:51] [index_weight] [316/110093] 700004.TI/2023-01-01 FAILED: API Error: code=429, msg=请求过于频繁
[2026-05-15 15:17:51] [index_weight] [317/110093] 700004.TI/2023-02-01 FAILED: API Error: code=429, msg=请求过于频繁
[2026-05-15 15:17:51]   [retry 1/3] API Error: code=429, msg=请求过于频繁
[2026-05-15 15:17:51]   [retry 2/3] API Error: code=429, msg=请求过于频繁
[2026-05-15 15:17:51]   [retry 1/3] API Error: code=429, msg=请求过于频繁
[2026-05-15 15:17:51]   [retry 1/3] API Error: code=429, msg=请求过于频繁
[2026-05-15 15:17:51] [index_weight] [318/110093] 700004.TI/2023-03-01 FAILED: API Error: code=429, msg=请求过于频繁
[2026-05-15 15:17:52]   [retry 1/3] API Error: code=429, msg=请求过于频繁
[2026-05-15 15:17:52]   [retry 1/3] API Error: code=429, msg=请求过于频繁
[2026-05-15 15:17:53]   [retry 1/3] API Error: code=429, msg=请求过于频繁
[2026-05-15 15:17:53]   [retry 2/3] API Error: code=429, msg=请求过于频繁
[2026-05-15 15:17:53] [index_weight] [319/110093] 700004.TI/2023-04-01 FAILED: API Error: code=429, msg=请求过于频繁
[2026-05-15 15:17:53]   [retry 2/3] API Error: code=429, msg=请求过于频繁
[2026-05-15 15:17:54] [index_weight] [320/110093] 700004.TI/2023-05-01 FAILED: API Error: code=429, msg=请求过于频繁
[2026-05-15 15:17:54]   [retry 2/3] API Error: code=429, msg=请求过于频繁
[2026-05-15 15:17:54]   [retry 2/3] API Error: code=429, msg=请求过于频繁
[2026-05-15 15:17:54] [index_weight] [321/110093] 700004.TI/2023-07-01 FAILED: API Error: code=429, msg=请求过于频繁
[2026-05-15 15:17:54] [index_weight] [322/110093] 700004.TI/2023-06-01 FAILED: API Error: code=429, msg=请求过于频繁
[2026-05-15 15:17:54]   [retry 2/3] API Error: code=429, msg=请求过于频繁
[2026-05-15 15:17:54]   [retry 1/3] API Error: code=429, msg=请求过于频繁
[2026-05-15 15:17:54] [index_weight] [323/110093] 700004.TI/2023-08-01 FAILED: API Error: code=429, msg=请求过于频繁
[2026-05-15 15:17:55]   [retry 1/3] API Error: code=429, msg=请求过于频繁
[2026-05-15 15:17:55]   [retry 2/3] API Error: code=429, msg=请求过于频繁
[2026-05-15 15:17:55] [index_weight] [324/110093] 700004.TI/2023-09-01 FAILED: API Error: code=429, msg=请求过于频繁
[2026-05-15 15:17:55]   [retry 1/3] API Error: code=429, msg=请求过于频繁
[2026-05-15 15:17:55]   [retry 1/3] API Error: code=429, msg=请求过于频繁
[2026-05-15 15:17:56]   [retry 1/3] API Error: code=429, msg=请求过于频繁
[2026-05-15 15:17:56]   [retry 1/3] API Error: code=429, msg=请求过于频繁
[2026-05-15 15:17:57]   [retry 2/3] API Error: code=429, msg=请求过于频繁
[2026-05-15 15:17:57] [index_weight] [325/110093] 700004.TI/2023-10-01 FAILED: API Error: code=429, msg=请求过于频繁
[2026-05-15 15:17:57]   [retry 2/3] API Error: code=429, msg=请求过于频繁
[2026-05-15 15:17:57] [index_weight] [326/110093] 700004.TI/2023-11-01 FAILED: API Error: code=429, msg=请求过于频繁
[2026-05-15 15:17:58]   [retry 2/3] API Error: code=429, msg=请求过于频繁
[2026-05-15 15:17:58] [index_weight] [327/110093] 700004.TI/2024-01-01 FAILED: API Error: code=429, msg=请求过于频繁
[2026-05-15 15:17:58]   [retry 2/3] API Error: code=429, msg=请求过于频繁
[2026-05-15 15:17:58] [index_weight] [328/110093] 700004.TI/2023-12-01 FAILED: API Error: code=429, msg=请求过于频繁
[2026-05-15 15:17:58]   [retry 1/3] API Error: code=429, msg=请求过于频繁
[2026-05-15 15:17:58]   [retry 2/3] API Error: code=429, msg=请求过于频繁
[2026-05-15 15:17:58]   [retry 2/3] API Error: code=429, msg=请求过于频繁
[2026-05-15 15:17:59]   [retry 1/3] API Error: code=429, msg=请求过于频繁
[2026-05-15 15:17:59] [index_weight] [329/110093] 700004.TI/2024-02-01 FAILED: API Error: code=429, msg=请求过于频繁
[2026-05-15 15:17:59] [index_weight] [330/110093] 700004.TI/2024-03-01 FAILED: API Error: code=429, msg=请求过于频繁
[2026-05-15 15:17:59]   [retry 1/3] API Error: code=429, msg=请求过于频繁
[2026-05-15 15:17:59]   [retry 1/3] API Error: code=429, msg=请求过于频繁
[2026-05-15 15:18:00]   [retry 1/3] API Error: code=429, msg=请求过于频繁
[2026-05-15 15:18:00]   [retry 2/3] API Error: code=429, msg=请求过于频繁
[2026-05-15 15:18:00]   [retry 1/3] API Error: code=429, msg=请求过于频繁
[2026-05-15 15:18:01]   [retry 2/3] API Error: code=429, msg=请求过于频繁
[2026-05-15 15:18:01]   [retry 2/3] API Error: code=429, msg=请求过于频繁
[2026-05-15 15:18:01]   [retry 2/3] API Error: code=429, msg=请求过于频繁
[2026-05-15 15:18:02] [index_weight] [350/110093] tokens=0.0
[2026-05-15 15:18:07] [index_weight] [400/110093] tokens=0.0
[2026-05-15 15:18:11] [index_weight] [450/110093] tokens=0.0
[2026-05-15 15:18:15] [index_weight] [500/110093] tokens=0.0
[2026-05-15 15:18:20] [index_weight] [550/110093] tokens=0.0
[2026-05-15 15:18:24] [index_weight] [600/110093] tokens=0.0
[2026-05-15 15:18:28]   [retry 1/3] API Error: code=429, msg=请求过于频繁
[2026-05-15 15:18:28]   [retry 1/3] API Error: code=429, msg=请求过于频繁
[2026-05-15 15:18:28]   [retry 1/3] API Error: code=429, msg=请求过于频繁
[2026-05-15 15:18:28]   [retry 1/3] API Error: code=429, msg=请求过于频繁
[2026-05-15 15:18:28]   [retry 1/3] API Error: code=429, msg=请求过于频繁
[2026-05-15 15:18:29]   [retry 1/3] API Error: code=429, msg=请求过于频繁
[2026-05-15 15:18:30]   [retry 2/3] API Error: code=429, msg=请求过于频繁
[2026-05-15 15:18:30]   [retry 2/3] API Error: code=429, msg=请求过于频繁
[2026-05-15 15:18:30] [index_weight] [631/110093] 700010.TI/2019-11-01 FAILED: API Error: code=429, msg=请求过于频繁
[2026-05-15 15:18:30]   [retry 2/3] API Error: code=429, msg=请求过于频繁
[2026-05-15 15:18:31] [index_weight] [632/110093] 700010.TI/2019-08-01 FAILED: API Error: code=429, msg=请求过于频繁
[2026-05-15 15:18:31] [index_weight] [633/110093] 700010.TI/2019-10-01 FAILED: API Error: code=429, msg=请求过于频繁
[2026-05-15 15:18:31]   [retry 2/3] API Error: code=429, msg=请求过于频繁
[2026-05-15 15:18:31]   [retry 2/3] API Error: code=429, msg=请求过于频繁
[2026-05-15 15:18:31] [index_weight] [634/110093] 700010.TI/2019-12-01 FAILED: API Error: code=429, msg=请求过于频繁
[2026-05-15 15:18:31] [index_weight] [635/110093] 700010.TI/2019-02-01 FAILED: API Error: code=429, msg=请求过于频繁
[2026-05-15 15:18:31]   [retry 2/3] API Error: code=429, msg=请求过于频繁
[2026-05-15 15:18:32] [index_weight] [636/110093] 700010.TI/2020-01-01 FAILED: API Error: code=429, msg=请求过于频繁
[2026-05-15 15:18:32]   [retry 1/3] API Error: code=429, msg=请求过于频繁
[2026-05-15 15:18:32]   [retry 1/3] API Error: code=429, msg=请求过于频繁
[2026-05-15 15:18:32]   [retry 1/3] API Error: code=429, msg=请求过于频繁
[2026-05-15 15:18:32]   [retry 1/3] API Error: code=429, msg=请求过于频繁
[2026-05-15 15:18:32]   [retry 1/3] API Error: code=429, msg=请求过于频繁
[2026-05-15 15:18:33]   [retry 1/3] API Error: code=429, msg=请求过于频繁
[2026-05-15 15:18:34]   [retry 2/3] API Error: code=429, msg=请求过于频繁
[2026-05-15 15:18:34]   [retry 2/3] API Error: code=429, msg=请求过于频繁
[2026-05-15 15:18:34] [index_weight] [637/110093] 700010.TI/2020-02-01 FAILED: API Error: code=429, msg=请求过于频繁
[2026-05-15 15:18:34] [index_weight] [638/110093] 700010.TI/2020-03-01 FAILED: API Error: code=429, msg=请求过于频繁
[2026-05-15 15:18:34]   [retry 2/3] API Error: code=429, msg=请求过于频繁
[2026-05-15 15:18:34]   [retry 2/3] API Error: code=429, msg=请求过于频繁
[2026-05-15 15:18:34]   [retry 2/3] API Error: code=429, msg=请求过于频繁
[2026-05-15 15:18:34] [index_weight] [639/110093] 700010.TI/2020-04-01 FAILED: API Error: code=429, msg=请求过于频繁
[2026-05-15 15:18:34] [index_weight] [640/110093] 700010.TI/2020-06-01 FAILED: API Error: code=429, msg=请求过于频繁
[2026-05-15 15:18:35] [index_weight] [641/110093] 700010.TI/2020-05-01 FAILED: API Error: code=429, msg=请求过于频繁
[2026-05-15 15:18:35]   [retry 2/3] API Error: code=429, msg=请求过于频繁
[2026-05-15 15:18:35]   [retry 1/3] API Error: code=429, msg=请求过于频繁
[2026-05-15 15:18:35] [index_weight] [642/110093] 700010.TI/2020-07-01 FAILED: API Error: code=429, msg=请求过于频繁
[2026-05-15 15:18:35]   [retry 1/3] API Error: code=429, msg=请求过于频繁
[2026-05-15 15:18:36]   [retry 1/3] API Error: code=429, msg=请求过于频繁
[2026-05-15 15:18:36]   [retry 1/3] API Error: code=429, msg=请求过于频繁
[2026-05-15 15:18:36]   [retry 1/3] API Error: code=429, msg=请求过于频繁
[2026-05-15 15:18:36]   [retry 1/3] API Error: code=429, msg=请求过于频繁
[2026-05-15 15:18:37]   [retry 2/3] API Error: code=429, msg=请求过于频繁
[2026-05-15 15:18:38] [index_weight] [643/110093] 700010.TI/2020-08-01 FAILED: API Error: code=429, msg=请求过于频繁
[2026-05-15 15:18:38]   [retry 2/3] API Error: code=429, msg=请求过于频繁
[2026-05-15 15:18:38]   [retry 2/3] API Error: code=429, msg=请求过于频繁
[2026-05-15 15:18:38] [index_weight] [644/110093] 700010.TI/2020-10-01 FAILED: API Error: code=429, msg=请求过于频繁
[2026-05-15 15:18:38]   [retry 2/3] API Error: code=429, msg=请求过于频繁
[2026-05-15 15:18:38] [index_weight] [645/110093] 700010.TI/2020-11-01 FAILED: API Error: code=429, msg=请求过于频繁
[2026-05-15 15:18:38] [index_weight] [646/110093] 700010.TI/2020-09-01 FAILED: API Error: code=429, msg=请求过于频繁
[2026-05-15 15:18:39]   [retry 2/3] API Error: code=429, msg=请求过于频繁
[2026-05-15 15:18:39]   [retry 1/3] API Error: code=429, msg=请求过于频繁
[2026-05-15 15:18:39]   [retry 2/3] API Error: code=429, msg=请求过于频繁
[2026-05-15 15:18:39] [index_weight] [647/110093] 700010.TI/2020-12-01 FAILED: API Error: code=429, msg=请求过于频繁
[2026-05-15 15:18:39] [index_weight] [648/110093] 700010.TI/2021-01-01 FAILED: API Error: code=429, msg=请求过于频繁
[2026-05-15 15:18:39]   [retry 1/3] API Error: code=429, msg=请求过于频繁
[2026-05-15 15:18:39]   [retry 1/3] API Error: code=429, msg=请求过于频繁
[2026-05-15 15:18:40]   [retry 1/3] API Error: code=429, msg=请求过于频繁
[2026-05-15 15:18:40]   [retry 1/3] API Error: code=429, msg=请求过于频繁
[2026-05-15 15:18:41]   [retry 1/3] API Error: code=429, msg=请求过于频繁
[2026-05-15 15:18:41]   [retry 2/3] API Error: code=429, msg=请求过于频繁
[2026-05-15 15:18:41] [index_weight] [649/110093] 700010.TI/2021-02-01 FAILED: API Error: code=429, msg=请求过于频繁
[2026-05-15 15:18:42]   [retry 2/3] API Error: code=429, msg=请求过于频繁
[2026-05-15 15:18:42] [index_weight] [650/110093] 700010.TI/2021-04-01 FAILED: API Error: code=429, msg=请求过于频繁
[2026-05-15 15:18:42]   [retry 1/3] API Error: code=429, msg=请求过于频繁
[2026-05-15 15:18:43]   [retry 2/3] API Error: code=429, msg=请求过于频繁
[2026-05-15 15:18:43]   [retry 2/3] API Error: code=429, msg=请求过于频繁
[2026-05-15 15:18:43] [index_weight] [651/110093] 700010.TI/2021-07-01 FAILED: API Error: code=429, msg=请求过于频繁
[2026-05-15 15:18:43]   [retry 1/3] API Error: code=429, msg=请求过于频繁
[2026-05-15 15:18:43] [index_weight] [652/110093] 700010.TI/2021-06-01 FAILED: API Error: code=429, msg=请求过于频繁
[2026-05-15 15:18:43]   [retry 2/3] API Error: code=429, msg=请求过于频繁
[2026-05-15 15:18:43] [index_weight] [653/110093] 700010.TI/2021-05-01 FAILED: API Error: code=429, msg=请求过于频繁
[2026-05-15 15:18:44]   [retry 1/3] API Error: code=429, msg=请求过于频繁
[2026-05-15 15:18:44]   [retry 1/3] API Error: code=429, msg=请求过于频繁
[2026-05-15 15:18:44]   [retry 1/3] API Error: code=429, msg=请求过于频繁
[2026-05-15 15:18:44]   [retry 2/3] API Error: code=429, msg=请求过于频繁
[2026-05-15 15:18:45] [index_weight] [654/110093] 700010.TI/2021-08-01 FAILED: API Error: code=429, msg=请求过于频繁
[2026-05-15 15:18:45]   [retry 2/3] API Error: code=429, msg=请求过于频繁
[2026-05-15 15:18:45]   [retry 2/3] API Error: code=429, msg=请求过于频繁
[2026-05-15 15:18:45] [index_weight] [655/110093] 700010.TI/2021-09-01 FAILED: API Error: code=429, msg=请求过于频繁
[2026-05-15 15:18:45] [index_weight] [656/110093] 700010.TI/2021-03-01 FAILED: API Error: code=429, msg=请求过于频繁
[2026-05-15 15:18:46]   [retry 1/3] API Error: code=429, msg=请求过于频繁
[2026-05-15 15:18:46]   [retry 2/3] API Error: code=429, msg=请求过于频繁
[2026-05-15 15:18:46]   [retry 2/3] API Error: code=429, msg=请求过于频繁
[2026-05-15 15:18:46] [index_weight] [657/110093] 700010.TI/2021-10-01 FAILED: API Error: code=429, msg=请求过于频繁
[2026-05-15 15:18:46]   [retry 1/3] API Error: code=429, msg=请求过于频繁
[2026-05-15 15:18:46] [index_weight] [658/110093] 700010.TI/2021-11-01 FAILED: API Error: code=429, msg=请求过于频繁
[2026-05-15 15:18:46]   [retry 1/3] API Error: code=429, msg=请求过于频繁
[2026-05-15 15:18:46]   [retry 2/3] API Error: code=429, msg=请求过于频繁
[2026-05-15 15:18:47] [index_weight] [659/110093] 700010.TI/2021-12-01 FAILED: API Error: code=429, msg=请求过于频繁
[2026-05-15 15:18:47]   [retry 1/3] API Error: code=429, msg=请求过于频繁
[2026-05-15 15:18:47]   [retry 1/3] API Error: code=429, msg=请求过于频繁
[2026-05-15 15:18:48]   [retry 2/3] API Error: code=429, msg=请求过于频繁
[2026-05-15 15:18:48]   [retry 1/3] API Error: code=429, msg=请求过于频繁
[2026-05-15 15:18:48] [index_weight] [660/110093] 700010.TI/2022-01-01 FAILED: API Error: code=429, msg=请求过于频繁
[2026-05-15 15:18:48]   [retry 2/3] API Error: code=429, msg=请求过于频繁
[2026-05-15 15:18:48]   [retry 2/3] API Error: code=429, msg=请求过于频繁
[2026-05-15 15:18:49] [index_weight] [661/110093] 700010.TI/2022-02-01 FAILED: API Error: code=429, msg=请求过于频繁
[2026-05-15 15:18:49] [index_weight] [662/110093] 700010.TI/2022-03-01 FAILED: API Error: code=429, msg=请求过于频繁
[2026-05-15 15:18:49]   [retry 1/3] API Error: code=429, msg=请求过于频繁
[2026-05-15 15:18:49]   [retry 2/3] API Error: code=429, msg=请求过于频繁
[2026-05-15 15:18:50]   [retry 2/3] API Error: code=429, msg=请求过于频繁
[2026-05-15 15:18:50] [index_weight] [663/110093] 700010.TI/2022-04-01 FAILED: API Error: code=429, msg=请求过于频繁
[2026-05-15 15:18:50] [index_weight] [664/110093] 700010.TI/2022-05-01 FAILED: API Error: code=429, msg=请求过于频繁
[2026-05-15 15:18:50]   [retry 1/3] API Error: code=429, msg=请求过于频繁
[2026-05-15 15:18:50]   [retry 1/3] API Error: code=429, msg=请求过于频繁
[2026-05-15 15:18:50]   [retry 2/3] API Error: code=429, msg=请求过于频繁
[2026-05-15 15:18:51] [index_weight] [665/110093] 700010.TI/2022-06-01 FAILED: API Error: code=429, msg=请求过于频繁
[2026-05-15 15:18:51]   [retry 1/3] API Error: code=429, msg=请求过于频繁
[2026-05-15 15:18:51]   [retry 1/3] API Error: code=429, msg=请求过于频繁
[2026-05-15 15:18:51]   [retry 2/3] API Error: code=429, msg=请求过于频繁
[2026-05-15 15:18:52] [index_weight] [666/110093] 700010.TI/2022-07-01 FAILED: API Error: code=429, msg=请求过于频繁
[2026-05-15 15:18:52]   [retry 1/3] API Error: code=429, msg=请求过于频繁
[2026-05-15 15:18:52]   [retry 2/3] API Error: code=429, msg=请求过于频繁
[2026-05-15 15:18:53] [index_weight] [667/110093] 700010.TI/2022-08-01 FAILED: API Error: code=429, msg=请求过于频繁
[2026-05-15 15:18:53]   [retry 2/3] API Error: code=429, msg=请求过于频繁
[2026-05-15 15:18:53]   [retry 1/3] API Error: code=429, msg=请求过于频繁
[2026-05-15 15:18:53] [index_weight] [668/110093] 700010.TI/2022-09-01 FAILED: API Error: code=429, msg=请求过于频繁
[2026-05-15 15:18:53]   [retry 2/3] API Error: code=429, msg=请求过于频繁
[2026-05-15 15:18:53] [index_weight] [669/110093] 700010.TI/2022-10-01 FAILED: API Error: code=429, msg=请求过于频繁
[2026-05-15 15:18:53]   [retry 2/3] API Error: code=429, msg=请求过于频繁
[2026-05-15 15:18:54] [index_weight] [670/110093] 700010.TI/2022-11-01 FAILED: API Error: code=429, msg=请求过于频繁
[2026-05-15 15:18:54]   [retry 1/3] API Error: code=429, msg=请求过于频繁
[2026-05-15 15:18:54]   [retry 2/3] API Error: code=429, msg=请求过于频繁
[2026-05-15 15:18:54]   [retry 1/3] API Error: code=429, msg=请求过于频繁
[2026-05-15 15:18:55] [index_weight] [671/110093] 700010.TI/2022-12-01 FAILED: API Error: code=429, msg=请求过于频繁
[2026-05-15 15:18:55]   [retry 1/3] API Error: code=429, msg=请求过于频繁
[2026-05-15 15:18:55]   [retry 1/3] API Error: code=429, msg=请求过于频繁
[2026-05-15 15:18:55]   [retry 2/3] API Error: code=429, msg=请求过于频繁
[2026-05-15 15:18:56] [index_weight] [672/110093] 700010.TI/2023-01-01 FAILED: API Error: code=429, msg=请求过于频繁
[2026-05-15 15:18:56]   [retry 1/3] API Error: code=429, msg=请求过于频繁
[2026-05-15 15:18:56]   [retry 2/3] API Error: code=429, msg=请求过于频繁
[2026-05-15 15:18:56] [index_weight] [673/110093] 700010.TI/2023-02-01 FAILED: API Error: code=429, msg=请求过于频繁
[2026-05-15 15:18:57]   [retry 2/3] API Error: code=429, msg=请求过于频繁
[2026-05-15 15:18:57] [index_weight] [674/110093] 700010.TI/2023-03-01 FAILED: API Error: code=429, msg=请求过于频繁
[2026-05-15 15:18:57]   [retry 1/3] API Error: code=429, msg=请求过于频繁
[2026-05-15 15:18:57]   [retry 2/3] API Error: code=429, msg=请求过于频繁
[2026-05-15 15:18:57]   [retry 2/3] API Error: code=429, msg=请求过于频繁
[2026-05-15 15:18:58] [index_weight] [675/110093] 700010.TI/2023-04-01 FAILED: API Error: code=429, msg=请求过于频繁
[2026-05-15 15:18:58]   [retry 1/3] API Error: code=429, msg=请求过于频繁
[2026-05-15 15:18:58] [index_weight] [676/110093] 700010.TI/2023-05-01 FAILED: API Error: code=429, msg=请求过于频繁
[2026-05-15 15:18:58]   [retry 2/3] API Error: code=429, msg=请求过于频繁
[2026-05-15 15:18:58]   [retry 1/3] API Error: code=429, msg=请求过于频繁
[2026-05-15 15:18:59] [index_weight] [677/110093] 700010.TI/2023-06-01 FAILED: API Error: code=429, msg=请求过于频繁
[2026-05-15 15:18:59]   [retry 1/3] API Error: code=429, msg=请求过于频繁
[2026-05-15 15:18:59]   [retry 1/3] API Error: code=429, msg=请求过于频繁
[2026-05-15 15:18:59]   [retry 2/3] API Error: code=429, msg=请求过于频繁
[2026-05-15 15:19:00]   [retry 2/3] API Error: code=429, msg=请求过于频繁
[2026-05-15 15:19:00]   [retry 1/3] API Error: code=429, msg=请求过于频繁
[2026-05-15 15:19:01]   [retry 2/3] API Error: code=429, msg=请求过于频繁
[2026-05-15 15:19:01]   [retry 2/3] API Error: code=429, msg=请求过于频繁
[2026-05-15 15:19:01]   [retry 2/3] API Error: code=429, msg=请求过于频繁
[2026-05-15 15:19:02] [index_weight] [700/110093] tokens=0.0
[2026-05-15 15:19:08] [index_weight] [750/110093] tokens=0.0
[2026-05-15 15:19:12] [index_weight] [800/110093] tokens=0.0
[2026-05-15 15:19:16] [index_weight] [850/110093] tokens=0.0
[2026-05-15 15:19:21] [index_weight] [900/110093] tokens=0.0
