[2026-05-15 08:48:16] [incremental] 22 datasets | overlap=3 days | workers=6 | parallel=False
[2026-05-15 08:48:16] [incremental] Datasets: ['daily', 'daily_adj', 'finance', 'margin_detail', 'main_fund_flow', 'dragon_tiger', 'top_list', 'limit_up', 'limit_list', 'kline_weekly', 'kline_monthly', 'kline_adj_weekly', 'kline_adj_monthly', 'holder_number', 'pledge_stat', 'financial_indicator', 'income', 'balancesheet', 'cashflow', 'calendar', 'stock_list', 'cyq_chips']
[2026-05-15 08:48:16] 
============================================================
[2026-05-15 08:48:16] [daily] Starting incremental update
[2026-05-15 08:48:17] [daily] Existing max date: 2026-05-14 | Fetching: 2026-05-11 ~ 2026-05-15
[2026-05-15 08:48:17] [daily] 1 months: 2026-05-11 ~ 2026-05-15
[2026-05-15 08:48:17] [daily] 1 to fetch, workers=6, tokens=5.6
[2026-05-15 08:48:21] [daily] [1/1] 2026-05 -> 21967 rows | tokens=19.4
[2026-05-15 08:48:21] [daily] Total: 21967 rows, 12 columns
[2026-05-15 08:48:21] [daily] Saved -> /root/shared-nvme/lingqiData/data/_incr_daily.tmp.parquet
[2026-05-15 08:48:21] [daily] Cleaned up 1 checkpoint files
[2026-05-15 08:48:31] [daily] Merge: 8402978 → 8402978 rows (+0) | max_date: 2026-05-14 → 2026-05-14
[2026-05-15 08:48:31] 
============================================================
[2026-05-15 08:48:31] [daily_adj] Starting incremental update
[2026-05-15 08:48:32] [daily_adj] Existing max date: 2026-05-14 | Fetching: 2026-05-11 ~ 2026-05-15
[2026-05-15 08:48:32] [daily_adj] 1 months: 2026-05-11 ~ 2026-05-15
[2026-05-15 08:48:32] [daily_adj] 1 to fetch, workers=6, tokens=70.9
[2026-05-15 08:48:37] [daily_adj] [1/1] 2026-05 -> 21967 rows | tokens=93.9
[2026-05-15 08:48:37] [daily_adj] Total: 21967 rows, 11 columns
[2026-05-15 08:48:37] [daily_adj] Saved -> /root/shared-nvme/lingqiData/data/_incr_daily_adj.tmp.parquet
[2026-05-15 08:48:37] [daily_adj] Cleaned up 1 checkpoint files
[2026-05-15 08:48:47] [daily_adj] Merge: 8402978 → 8402978 rows (+0) | max_date: 2026-05-14 → 2026-05-14
[2026-05-15 08:48:47] 
============================================================
[2026-05-15 08:48:47] [finance] Starting incremental update
[2026-05-15 08:48:48] [finance] Existing max date: 2026-05-14 | Fetching: 2026-05-11 ~ 2026-05-15
[2026-05-15 08:48:48] [finance] 1 months: 2026-05-11 ~ 2026-05-15
[2026-05-15 08:48:48] [finance] 1 to fetch, workers=6, tokens=143.9
[2026-05-15 08:48:54] [finance] [1/1] 2026-05 → 21967 rows | tokens=167.4
[2026-05-15 08:48:54] [finance] Total: 21967 rows, 20 columns
[2026-05-15 08:48:54] [finance] Saved → /root/shared-nvme/lingqiData/data/_incr_finance.tmp.parquet
[2026-05-15 08:48:54] [finance] Cleaned up 1 checkpoint files
[2026-05-15 08:49:05] [finance] Merge: 7308514 → 7308514 rows (+0) | max_date: 2026-05-14 → 2026-05-14
[2026-05-15 08:49:05] 
============================================================
[2026-05-15 08:49:05] [margin_detail] Starting incremental update
[2026-05-15 08:49:05] [margin_detail] Existing max date: 2026-05-12 | Fetching: 2026-05-09 ~ 2026-05-15
[2026-05-15 08:49:05] [margin_detail] 1 months: 2026-05-09 ~ 2026-05-15
[2026-05-15 08:49:05] [margin_detail] 1 to fetch, workers=6, tokens=220.1
[2026-05-15 08:49:07] [margin_detail] [1/1] 2026-05 -> 13064 rows | tokens=225.5
[2026-05-15 08:49:07] [margin_detail] Total: 13064 rows, 10 columns
[2026-05-15 08:49:07] [margin_detail] Saved -> /root/shared-nvme/lingqiData/data/_incr_margin_detail.tmp.parquet
[2026-05-15 08:49:07] [margin_detail] Cleaned up 1 checkpoint files
[2026-05-15 08:49:12] [margin_detail] Merge: 4603735 → 4603735 rows (+0) | max_date: 2026-05-12 → 2026-05-12
[2026-05-15 08:49:12] 
============================================================
[2026-05-15 08:49:12] [main_fund_flow] Starting incremental update
[2026-05-15 08:49:13] [main_fund_flow] Existing max date: 2026-05-14 | Fetching: 2026-05-11 ~ 2026-05-15
[2026-05-15 08:49:13] [fund_flow] 1 months: 2026-05-11 ~ 2026-05-15
[2026-05-15 08:49:13] [fund_flow] 1 to fetch, workers=6, tokens=254.8
[2026-05-15 08:49:17] [fund_flow] [1/1] 2026-05 -> 20725 rows | tokens=270.1
[2026-05-15 08:49:17] [fund_flow] Total: 20725 rows, 20 columns
[2026-05-15 08:49:17] [fund_flow] Saved -> /root/shared-nvme/lingqiData/data/_incr_main_fund_flow.tmp.parquet
[2026-05-15 08:49:17] [fund_flow] Cleaned up 1 checkpoint files
[2026-05-15 08:49:30] [main_fund_flow] Merge: 7931756 → 7931756 rows (+0) | max_date: 2026-05-14 → 2026-05-14
[2026-05-15 08:49:30] 
============================================================
[2026-05-15 08:49:30] [dragon_tiger] Starting incremental update
[2026-05-15 08:49:31] [dragon_tiger] Existing max date: 2026-05-14 | Fetching: 2026-05-11 ~ 2026-05-15
[2026-05-15 08:49:31] [dragon_tiger] 4 trading days: 2026-05-11 ~ 2026-05-14
[2026-05-15 08:49:31] [dragon_tiger] 1 months
[2026-05-15 08:49:31] [dragon_tiger] 1 months to fetch
[2026-05-15 08:49:31] [dragon_tiger] [1/1] 2026-05: 4 days
[2026-05-15 08:49:31]   [dragon_tiger/2026-05] [1/4] 2026-05-11 -> 836 rows
[2026-05-15 08:49:31]   [dragon_tiger/2026-05] [2/4] 2026-05-12 -> 955 rows
[2026-05-15 08:49:32]   [dragon_tiger/2026-05] [3/4] 2026-05-13 -> 985 rows
[2026-05-15 08:49:32]   [dragon_tiger/2026-05] [4/4] 2026-05-14 -> 859 rows
[2026-05-15 08:49:32] [dragon_tiger] [1/1] 2026-05 -> 3635 rows
[2026-05-15 08:49:32] [dragon_tiger] Total: 3635 rows, 10 columns
[2026-05-15 08:49:32] [dragon_tiger] Saved -> /root/shared-nvme/lingqiData/data/_incr_dragon_tiger.tmp.parquet
[2026-05-15 08:49:32] [dragon_tiger] Cleaned up 1 checkpoint files
[2026-05-15 08:49:33] [dragon_tiger] Merge: 1321213 → 90159 rows (+-1231054) | max_date: 2026-05-14 → 2026-05-14
[2026-05-15 08:49:33] 
============================================================
[2026-05-15 08:49:33] [top_list] Starting incremental update
[2026-05-15 08:49:33] [top_list] Existing max date: 2026-05-14 | Fetching: 2026-05-11 ~ 2026-05-15
[2026-05-15 08:49:33] [top_list] 4 trading days: 2026-05-11 ~ 2026-05-14
[2026-05-15 08:49:33] [top_list] 1 months
[2026-05-15 08:49:33] [top_list] 1 months to fetch
[2026-05-15 08:49:33] [top_list] [1/1] 2026-05: 4 days
[2026-05-15 08:49:33]   [top_list/2026-05] [1/4] 2026-05-11 -> 88 rows
[2026-05-15 08:49:33]   [top_list/2026-05] [2/4] 2026-05-12 -> 101 rows
[2026-05-15 08:49:33]   [top_list/2026-05] [3/4] 2026-05-13 -> 110 rows
[2026-05-15 08:49:33]   [top_list/2026-05] [4/4] 2026-05-14 -> 91 rows
[2026-05-15 08:49:33] [top_list] [1/1] 2026-05 -> 390 rows
[2026-05-15 08:49:33] [top_list] Dropped 38 rows with malformed stock_code
[2026-05-15 08:49:33] [top_list] Total: 352 rows, 15 columns
[2026-05-15 08:49:34] [top_list] Saved -> /root/shared-nvme/lingqiData/data/_incr_top_list.tmp.parquet
[2026-05-15 08:49:34] [top_list] Cleaned up 1 checkpoint files
[2026-05-15 08:49:34] [top_list] Merge: 94828 → 86492 rows (+-8336) | max_date: 2026-05-14 → 2026-05-14
[2026-05-15 08:49:34] 
============================================================
[2026-05-15 08:49:34] [limit_up] Starting incremental update
[2026-05-15 08:49:34] [limit_up] Existing max date: 2026-05-14 | Fetching: 2026-05-11 ~ 2026-05-15
[2026-05-15 08:49:34] [limit_up] 1 months: 2026-05-11 ~ 2026-05-15
[2026-05-15 08:49:34] [limit_up] 1 to fetch, workers=6, tokens=280.0
[2026-05-15 08:49:34] [limit_up] [1/1] 2026-05 -> 456 rows | tokens=280.0
[2026-05-15 08:49:34] [limit_up] Total: 456 rows, 17 columns
[2026-05-15 08:49:34] [limit_up] Saved -> /root/shared-nvme/lingqiData/data/_incr_limit_up.tmp.parquet
[2026-05-15 08:49:34] [limit_up] Cleaned up 1 checkpoint files
[2026-05-15 08:49:35] [limit_up] Merge: 122536 → 122536 rows (+0) | max_date: 2026-05-14 → 2026-05-14
[2026-05-15 08:49:35] 
============================================================
[2026-05-15 08:49:35] [limit_list] Starting incremental update
[2026-05-15 08:49:35] [limit_list] Existing max date: 2026-05-14 | Fetching: 2026-05-11 ~ 2026-05-15
[2026-05-15 08:49:35] [limit_list] 1 months: 2026-05-11 ~ 2026-05-15
[2026-05-15 08:49:35] [limit_list] 1 to fetch, workers=6, tokens=280.0
[2026-05-15 08:49:35] [limit_list] [1/1] 2026-05 -> 462 rows | tokens=280.0
[2026-05-15 08:49:35] [limit_list] Total: 462 rows, 18 columns
[2026-05-15 08:49:35] [limit_list] Saved -> /root/shared-nvme/lingqiData/data/_incr_limit_list.tmp.parquet
[2026-05-15 08:49:35] [limit_list] Cleaned up 1 checkpoint files
[2026-05-15 08:49:35] [limit_list] Merge: 153108 → 153108 rows (+0) | max_date: 2026-05-14 → 2026-05-14
[2026-05-15 08:49:36] 
============================================================
[2026-05-15 08:49:36] [kline_weekly] Starting incremental update
[2026-05-15 08:49:36] [kline_weekly] Existing max date: 2026-05-14 | Fetching: 2026-05-11 ~ 2026-05-15
[2026-05-15 08:49:36] [kline/weekly] 1 months: 2026-05-11 ~ 2026-05-15
[2026-05-15 08:49:36] [kline/weekly] 1 to fetch, workers=6, tokens=280.0
[2026-05-15 08:49:37] [kline/weekly] [1/1] 2026-05 -> 5496 rows | tokens=280.0
[2026-05-15 08:49:37] [kline/weekly] Total: 5496 rows, 12 columns
[2026-05-15 08:49:37] [kline/weekly] Saved -> /root/shared-nvme/lingqiData/data/_incr_kline_weekly.tmp.parquet
[2026-05-15 08:49:37] [kline/weekly] Cleaned up 1 checkpoint files
[2026-05-15 08:49:39] [kline_weekly] Merge: 1975923 → 1970433 rows (+-5490) | max_date: 2026-05-14 → 2026-05-14
[2026-05-15 08:49:39] 
============================================================
[2026-05-15 08:49:39] [kline_monthly] Starting incremental update
[2026-05-15 08:49:39] [kline_monthly] Existing max date: 2026-05-14 | Fetching: 2026-05-11 ~ 2026-05-15
[2026-05-15 08:49:39] [kline/monthly] 1 months: 2026-05-11 ~ 2026-05-15
[2026-05-15 08:49:39] [kline/monthly] 1 to fetch, workers=6, tokens=280.0
[2026-05-15 08:49:40] [kline/monthly] [1/1] 2026-05 -> 5496 rows | tokens=280.0
[2026-05-15 08:49:40] [kline/monthly] Total: 5496 rows, 12 columns
[2026-05-15 08:49:40] [kline/monthly] Saved -> /root/shared-nvme/lingqiData/data/_incr_kline_monthly.tmp.parquet
[2026-05-15 08:49:40] [kline/monthly] Cleaned up 1 checkpoint files
[2026-05-15 08:49:41] [kline_monthly] Merge: 438433 → 438425 rows (+-8) | max_date: 2026-05-14 → 2026-05-14
[2026-05-15 08:49:41] 
============================================================
[2026-05-15 08:49:41] [kline_adj_weekly] Starting incremental update
[2026-05-15 08:49:41] [kline_adj_weekly] Existing max date: 2026-05-14 | Fetching: 2026-05-11 ~ 2026-05-15
[2026-05-15 08:49:41] [kline_adj/weekly] 1 months: 2026-05-11 ~ 2026-05-15
[2026-05-15 08:49:41] [kline_adj/weekly] 1 to fetch, workers=6, tokens=280.0
[2026-05-15 08:49:43] [kline_adj/weekly] [1/1] 2026-05 -> 5496 rows | tokens=280.0
[2026-05-15 08:49:43] [kline_adj/weekly] Total: 5496 rows, 11 columns
[2026-05-15 08:49:43] [kline_adj/weekly] Saved -> /root/shared-nvme/lingqiData/data/_incr_kline_adj_weekly.tmp.parquet
[2026-05-15 08:49:43] [kline_adj/weekly] Cleaned up 1 checkpoint files
[2026-05-15 08:49:45] [kline_adj_weekly] Merge: 1975920 → 1970433 rows (+-5487) | max_date: 2026-05-14 → 2026-05-14
[2026-05-15 08:49:45] 
============================================================
[2026-05-15 08:49:45] [kline_adj_monthly] Starting incremental update
[2026-05-15 08:49:45] [kline_adj_monthly] Existing max date: 2026-05-14 | Fetching: 2026-05-11 ~ 2026-05-15
[2026-05-15 08:49:45] [kline_adj/monthly] 1 months: 2026-05-11 ~ 2026-05-15
[2026-05-15 08:49:45] [kline_adj/monthly] 1 to fetch, workers=6, tokens=280.0
[2026-05-15 08:49:47] [kline_adj/monthly] [1/1] 2026-05 -> 5496 rows | tokens=280.0
[2026-05-15 08:49:47] [kline_adj/monthly] Total: 5496 rows, 11 columns
[2026-05-15 08:49:47] [kline_adj/monthly] Saved -> /root/shared-nvme/lingqiData/data/_incr_kline_adj_monthly.tmp.parquet
[2026-05-15 08:49:47] [kline_adj/monthly] Cleaned up 1 checkpoint files
[2026-05-15 08:49:48] [kline_adj_monthly] Merge: 438433 → 438425 rows (+-8) | max_date: 2026-05-14 → 2026-05-14
[2026-05-15 08:49:48] 
============================================================
[2026-05-15 08:49:48] [holder_number] Starting incremental update
[2026-05-15 08:49:48] [holder_number] Existing max date: 2026-05-11 | Fetching: 2026-02-05 ~ 2026-05-15
[2026-05-15 08:49:48] [holder_number] 4 months: 2026-02-05 ~ 2026-05-15
[2026-05-15 08:49:48] [holder_number] 4 to fetch, workers=6, tokens=280.0
[2026-05-15 08:49:48] [holder_number] [1/4] 2026-05 -> 519 rows | tokens=276.9
[2026-05-15 08:49:48] [holder_number] [2/4] 2026-02 -> 3940 rows | tokens=278.0
[2026-05-15 08:49:48] [holder_number] [3/4] 2026-03 -> 7796 rows | tokens=278.5
[2026-05-15 08:49:49] [holder_number] [4/4] 2026-04 -> 2881 rows | tokens=279.4
[2026-05-15 08:49:49] [holder_number] Total: 15136 rows, 4 columns
[2026-05-15 08:49:49] [holder_number] Saved -> /root/shared-nvme/lingqiData/data/_incr_holder_number.tmp.parquet
[2026-05-15 08:49:49] [holder_number] Cleaned up 4 checkpoint files
[2026-05-15 08:49:49] [holder_number] Merge: 320646 → 320898 rows (+252) | max_date: 2026-05-11 → 2026-05-15
[2026-05-15 08:49:49] 
============================================================
[2026-05-15 08:49:49] [pledge_stat] Starting incremental update
[2026-05-15 08:49:49] [pledge_stat] Existing max date: 2026-04-30 | Fetching: 2026-01-25 ~ 2026-05-15
[2026-05-15 08:49:49] [pledge_stat] 5 months: 2026-01-25 ~ 2026-05-15
[2026-05-15 08:49:49] [pledge_stat] 5 to fetch, workers=6, tokens=280.0
[2026-05-15 08:49:49] [pledge_stat] [1/5] 2026-02 -> 0 rows | tokens=275.7
[2026-05-15 08:49:49] [pledge_stat] [2/5] 2026-03 -> 0 rows | tokens=275.8
[2026-05-15 08:49:49] [pledge_stat] [3/5] 2026-05 -> 0 rows | tokens=275.8
[2026-05-15 08:49:49] [pledge_stat] [4/5] 2026-01 -> 0 rows | tokens=275.8
[2026-05-15 08:49:50] [pledge_stat] [5/5] 2026-04 -> 4193 rows | tokens=277.1
[2026-05-15 08:49:50] [pledge_stat] Total: 4193 rows, 7 columns
[2026-05-15 08:49:50] [pledge_stat] Saved -> /root/shared-nvme/lingqiData/data/_incr_pledge_stat.tmp.parquet
[2026-05-15 08:49:50] [pledge_stat] Cleaned up 1 checkpoint files
[2026-05-15 08:49:50] [pledge_stat] Merge: 86099 → 86099 rows (+0) | max_date: 2026-04-30 → 2026-04-30
[2026-05-15 08:49:50] 
============================================================
[2026-05-15 08:49:50] [financial_indicator] Starting incremental update
[2026-05-15 08:49:50] [financial_indicator] Existing max date: 2026-03-31 | Fetching: 2025-12-26 ~ 2026-05-15
[2026-05-15 08:49:50] [financial] 2 quarters: 2025-12-31 ~ 2026-03-31
[2026-05-15 08:49:50] [financial] 2 to fetch, workers=6, tokens=278.3
[2026-05-15 08:49:57] [financial] [1/2] 2026-03-31 → 5607 rows | tokens=280.0
[2026-05-15 08:49:59] [financial] [2/2] 2025-12-31 → 6462 rows | tokens=280.0
[2026-05-15 08:49:59] [financial] Dropped 395 rows with malformed stock_code
[2026-05-15 08:49:59] [financial] Total: 11674 rows, 167 columns
[2026-05-15 08:49:59] [financial] Saved → /root/shared-nvme/lingqiData/data/_incr_financial_indicator.tmp.parquet
[2026-05-15 08:49:59] [financial] Cleaned up 2 checkpoint files
[2026-05-15 08:50:04] [financial_indicator] Merge: 180630 → 186721 rows (+6091) | max_date: 2026-03-31 → 2026-03-31
[2026-05-15 08:50:04] 
============================================================
[2026-05-15 08:50:04] [income] Starting incremental update
[2026-05-15 08:50:04] [income] Existing max date: 2026-03-31 | Fetching: 2025-12-26 ~ 2026-05-15
[2026-05-15 08:50:04] [income] 2 quarters: 2025-12-31 ~ 2026-03-31
[2026-05-15 08:50:04] [income] 2 to fetch, workers=6, tokens=280.0
[2026-05-15 08:50:08] [income] [1/2] 2026-03-31 -> 5561 rows | tokens=280.0
[2026-05-15 08:50:09] [income] [2/2] 2025-12-31 -> 6215 rows | tokens=280.0
[2026-05-15 08:50:09] [income] Dropped 7 rows with malformed stock_code
[2026-05-15 08:50:09] [income] Total: 11769 rows, 96 columns
[2026-05-15 08:50:09] [income] Saved -> /root/shared-nvme/lingqiData/data/_incr_income.tmp.parquet
[2026-05-15 08:50:10] [income] Cleaned up 2 checkpoint files
[2026-05-15 08:50:11] [income] Merge: 152657 → 152657 rows (+0) | max_date: 2026-03-31 → 2026-03-31
[2026-05-15 08:50:11] 
============================================================
[2026-05-15 08:50:11] [balancesheet] Starting incremental update
[2026-05-15 08:50:11] [balancesheet] Existing max date: 2026-03-31 | Fetching: 2025-12-26 ~ 2026-05-15
[2026-05-15 08:50:11] [balancesheet] 2 quarters: 2025-12-31 ~ 2026-03-31
[2026-05-15 08:50:11] [balancesheet] 2 to fetch, workers=6, tokens=280.0
[2026-05-15 08:50:18] [balancesheet] [1/2] 2026-03-31 -> 5564 rows | tokens=280.0
[2026-05-15 08:50:19] [balancesheet] [2/2] 2025-12-31 -> 6218 rows | tokens=280.0
[2026-05-15 08:50:19] [balancesheet] Dropped 10 rows with malformed stock_code
[2026-05-15 08:50:19] [balancesheet] Total: 11772 rows, 157 columns
[2026-05-15 08:50:19] [balancesheet] Saved -> /root/shared-nvme/lingqiData/data/_incr_balancesheet.tmp.parquet
[2026-05-15 08:50:19] [balancesheet] Cleaned up 2 checkpoint files
[2026-05-15 08:50:22] [balancesheet] Merge: 151113 → 151113 rows (+0) | max_date: 2026-03-31 → 2026-03-31
[2026-05-15 08:50:22] 
============================================================
[2026-05-15 08:50:22] [cashflow] Starting incremental update
[2026-05-15 08:50:22] [cashflow] Existing max date: 2026-03-31 | Fetching: 2025-12-26 ~ 2026-05-15
[2026-05-15 08:50:22] [cashflow] 2 quarters: 2025-12-31 ~ 2026-03-31
[2026-05-15 08:50:22] [cashflow] 2 to fetch, workers=6, tokens=280.0
[2026-05-15 08:50:26] [cashflow] [1/2] 2025-12-31 -> 4801 rows | tokens=280.0
[2026-05-15 08:50:27] [cashflow] [2/2] 2026-03-31 -> 5203 rows | tokens=280.0
[2026-05-15 08:50:27] [cashflow] Dropped 4 rows with malformed stock_code
[2026-05-15 08:50:27] [cashflow] Total: 10000 rows, 97 columns
[2026-05-15 08:50:27] [cashflow] Saved -> /root/shared-nvme/lingqiData/data/_incr_cashflow.tmp.parquet
[2026-05-15 08:50:27] [cashflow] Cleaned up 2 checkpoint files
[2026-05-15 08:50:29] [cashflow] Merge: 139706 → 140009 rows (+303) | max_date: 2026-03-31 → 2026-03-31
[2026-05-15 08:50:29] 
============================================================
[2026-05-15 08:50:29] [calendar] Starting incremental update
[2026-05-15 08:50:29] [calendar] 2020-01-01 ~ 2026-05-15 | 2327 days | Trading: 1540 | Non-trading: 787
[2026-05-15 08:50:29] [calendar] Saved → /root/shared-nvme/lingqiData/data/calendar.parquet
[2026-05-15 08:50:29] [calendar] Re-fetched: 2327 rows → /root/shared-nvme/lingqiData/data/calendar.parquet
[2026-05-15 08:50:29] 
============================================================
[2026-05-15 08:50:29] [stock_list] Starting incremental update
[2026-05-15 08:50:30] [stock_list] page 0: 5839 rows | total=5839
[2026-05-15 08:50:30] [stock_list] Total: 5839 stocks, 11 columns
[2026-05-15 08:50:30] [stock_list] Saved -> /root/shared-nvme/lingqiData/data/stock_list.parquet
[2026-05-15 08:50:30] [stock_list] Re-fetched: 5839 rows → /root/shared-nvme/lingqiData/data/stock_list.parquet
[2026-05-15 08:50:30] 
============================================================
[2026-05-15 08:50:30] [cyq_chips] Starting incremental update
[2026-05-15 08:50:32] [cyq_chips] 3002 stocks | 2991 incremental | 11 new | 0 up-to-date
[2026-05-15 08:50:32] [cyq_chips] Phase new: 11 stocks in 1 batches (batch_size=50)
[2026-05-15 08:52:25] [cyq_chips] [new 1/1] 11 stocks, 1417966 rows, +1417966 new | tokens=280.0
[2026-05-15 08:52:25] [cyq_chips] Phase incr: 2991 stocks in 60 batches (batch_size=50)
[2026-05-15 08:52:36] [cyq_chips] [incr 1/60] 50 stocks, 16994 rows, +0 new | tokens=209.7
[2026-05-15 08:52:45] [cyq_chips] [incr 2/60] 50 stocks, 15995 rows, +0 new | tokens=213.4
[2026-05-15 08:52:55] [cyq_chips] [incr 3/60] 50 stocks, 20135 rows, +0 new | tokens=262.1
[2026-05-15 08:53:05] [cyq_chips] [incr 4/60] 50 stocks, 18394 rows, +0 new | tokens=280.0
[2026-05-15 08:53:16] [cyq_chips] [incr 5/60] 50 stocks, 21092 rows, +0 new | tokens=280.0
[2026-05-15 08:53:27] [cyq_chips] [incr 6/60] 50 stocks, 21888 rows, +0 new | tokens=280.0
[2026-05-15 08:53:37] [cyq_chips] [incr 7/60] 50 stocks, 19340 rows, +0 new | tokens=280.0
[2026-05-15 08:53:45] [cyq_chips] [incr 8/60] 50 stocks, 22194 rows, +0 new | tokens=280.0
[2026-05-15 08:53:55] [cyq_chips] [incr 9/60] 50 stocks, 19448 rows, +0 new | tokens=280.0
[2026-05-15 08:54:06] [cyq_chips] [incr 10/60] 50 stocks, 21318 rows, +0 new | tokens=280.0
[2026-05-15 08:54:16] [cyq_chips] [incr 11/60] 50 stocks, 20245 rows, +0 new | tokens=280.0
[2026-05-15 08:54:21] [cyq_chips] [incr 12/60] 50 stocks, 22150 rows, +0 new | tokens=280.0
[2026-05-15 08:54:27] [cyq_chips] [incr 13/60] 50 stocks, 21382 rows, +0 new | tokens=280.0
[2026-05-15 08:54:37] [cyq_chips] [incr 14/60] 50 stocks, 19059 rows, +0 new | tokens=280.0
[2026-05-15 08:54:47] [cyq_chips] [incr 15/60] 50 stocks, 17063 rows, +0 new | tokens=280.0
[2026-05-15 08:54:57] [cyq_chips] [incr 16/60] 50 stocks, 17138 rows, +0 new | tokens=280.0
[2026-05-15 08:55:07] [cyq_chips] [incr 17/60] 50 stocks, 18759 rows, +0 new | tokens=280.0
[2026-05-15 08:55:17] [cyq_chips] [incr 18/60] 50 stocks, 18980 rows, +0 new | tokens=280.0
[2026-05-15 08:55:27] [cyq_chips] [incr 19/60] 50 stocks, 17157 rows, +0 new | tokens=280.0
[2026-05-15 08:55:37] [cyq_chips] [incr 20/60] 50 stocks, 16846 rows, +0 new | tokens=280.0
[2026-05-15 08:55:47] [cyq_chips] [incr 21/60] 50 stocks, 17181 rows, +0 new | tokens=280.0
[2026-05-15 08:55:56] [cyq_chips] [incr 22/60] 50 stocks, 18153 rows, +0 new | tokens=280.0
[2026-05-15 08:56:04] [cyq_chips] [incr 23/60] 50 stocks, 19147 rows, +0 new | tokens=280.0
[2026-05-15 08:56:13] [cyq_chips] [incr 24/60] 50 stocks, 18101 rows, +0 new | tokens=280.0
[2026-05-15 08:56:22] [cyq_chips] [incr 25/60] 50 stocks, 20977 rows, +0 new | tokens=280.0
[2026-05-15 08:56:31] [cyq_chips] [incr 26/60] 50 stocks, 22018 rows, +0 new | tokens=280.0
[2026-05-15 08:56:39] [cyq_chips] [incr 27/60] 50 stocks, 21663 rows, +0 new | tokens=280.0
[2026-05-15 08:56:47] [cyq_chips] [incr 28/60] 50 stocks, 20421 rows, +0 new | tokens=280.0
[2026-05-15 08:56:58] [cyq_chips] [incr 29/60] 50 stocks, 20391 rows, +0 new | tokens=280.0
[2026-05-15 08:57:09] [cyq_chips] [incr 30/60] 50 stocks, 23007 rows, +0 new | tokens=280.0
[2026-05-15 08:57:19] [cyq_chips] [incr 31/60] 50 stocks, 21000 rows, +0 new | tokens=280.0
[2026-05-15 08:57:30] [cyq_chips] [incr 32/60] 50 stocks, 20592 rows, +0 new | tokens=280.0
[2026-05-15 08:57:41] [cyq_chips] [incr 33/60] 50 stocks, 22941 rows, +0 new | tokens=280.0
[2026-05-15 08:57:51] [cyq_chips] [incr 34/60] 50 stocks, 21149 rows, +0 new | tokens=280.0
[2026-05-15 08:58:02] [cyq_chips] [incr 35/60] 50 stocks, 21527 rows, +0 new | tokens=280.0
[2026-05-15 08:58:13] [cyq_chips] [incr 36/60] 50 stocks, 22184 rows, +0 new | tokens=280.0
[2026-05-15 08:58:24] [cyq_chips] [incr 37/60] 50 stocks, 19593 rows, +0 new | tokens=280.0
[2026-05-15 08:58:35] [cyq_chips] [incr 38/60] 50 stocks, 23378 rows, +0 new | tokens=280.0
[2026-05-15 08:58:46] [cyq_chips] [incr 39/60] 50 stocks, 21533 rows, +0 new | tokens=280.0
[2026-05-15 08:58:55] [cyq_chips] [incr 40/60] 50 stocks, 22535 rows, +0 new | tokens=280.0
[2026-05-15 08:59:05] [cyq_chips] [incr 41/60] 50 stocks, 19735 rows, +0 new | tokens=280.0
[2026-05-15 08:59:14] [cyq_chips] [incr 42/60] 50 stocks, 19846 rows, +0 new | tokens=280.0
[2026-05-15 08:59:24] [cyq_chips] [incr 43/60] 50 stocks, 20191 rows, +0 new | tokens=280.0
[2026-05-15 08:59:32] [cyq_chips] [incr 44/60] 50 stocks, 20514 rows, +0 new | tokens=280.0
[2026-05-15 08:59:43] [cyq_chips] [incr 45/60] 50 stocks, 19347 rows, +0 new | tokens=280.0
[2026-05-15 08:59:52] [cyq_chips] [incr 46/60] 50 stocks, 19642 rows, +0 new | tokens=280.0
[2026-05-15 09:00:00] [cyq_chips] [incr 47/60] 50 stocks, 21450 rows, +0 new | tokens=280.0
[2026-05-15 09:00:07] [cyq_chips] [incr 48/60] 50 stocks, 20626 rows, +0 new | tokens=280.0
[2026-05-15 09:00:15] [cyq_chips] [incr 49/60] 50 stocks, 23844 rows, +0 new | tokens=280.0
[2026-05-15 09:00:22] [cyq_chips] [incr 50/60] 50 stocks, 21592 rows, +0 new | tokens=280.0
[2026-05-15 09:00:29] [cyq_chips] [incr 51/60] 50 stocks, 20996 rows, +0 new | tokens=280.0
[2026-05-15 09:00:38] [cyq_chips] [incr 52/60] 50 stocks, 23517 rows, +0 new | tokens=280.0
[2026-05-15 09:00:46] [cyq_chips] [incr 53/60] 50 stocks, 21794 rows, +0 new | tokens=280.0
[2026-05-15 09:00:56] [cyq_chips] [incr 54/60] 50 stocks, 23828 rows, +0 new | tokens=280.0
[2026-05-15 09:01:05] [cyq_chips] [incr 55/60] 50 stocks, 20986 rows, +0 new | tokens=280.0
[2026-05-15 09:01:12] [cyq_chips] [incr 56/60] 50 stocks, 38603 rows, +7581 new | tokens=280.0
[2026-05-15 09:01:21] [cyq_chips] [incr 57/60] 50 stocks, 21612 rows, +0 new | tokens=280.0
[2026-05-15 09:01:29] [cyq_chips] [incr 58/60] 50 stocks, 23311 rows, +0 new | tokens=280.0
[2026-05-15 09:01:35] [cyq_chips] [incr 59/60] 41 stocks, 20196 rows, +0 new | tokens=280.0
[2026-05-15 09:01:42] [cyq_chips] [incr 60/60] 50 stocks, 25733 rows, +0 new | tokens=280.0
[2026-05-15 09:01:42] [cyq_chips] Done: 3002 stocks processed, 1425547 new rows total
[2026-05-15 09:01:47] 
============================================================
[2026-05-15 09:01:47] [incremental] Summary:
[2026-05-15 09:01:47]   [updated]  daily: +0 rows | 2026-05-14 → 2026-05-14
[2026-05-15 09:01:47]   [updated]  daily_adj: +0 rows | 2026-05-14 → 2026-05-14
[2026-05-15 09:01:47]   [updated]  finance: +0 rows | 2026-05-14 → 2026-05-14
[2026-05-15 09:01:47]   [updated]  margin_detail: +0 rows | 2026-05-12 → 2026-05-12
[2026-05-15 09:01:47]   [updated]  main_fund_flow: +0 rows | 2026-05-14 → 2026-05-14
[2026-05-15 09:01:47]   [updated]  dragon_tiger: +-1231054 rows | 2026-05-14 → 2026-05-14
[2026-05-15 09:01:47]   [updated]  top_list: +-8336 rows | 2026-05-14 → 2026-05-14
[2026-05-15 09:01:47]   [updated]  limit_up: +0 rows | 2026-05-14 → 2026-05-14
[2026-05-15 09:01:47]   [updated]  limit_list: +0 rows | 2026-05-14 → 2026-05-14
[2026-05-15 09:01:47]   [updated]  kline_weekly: +-5490 rows | 2026-05-14 → 2026-05-14
[2026-05-15 09:01:47]   [updated]  kline_monthly: +-8 rows | 2026-05-14 → 2026-05-14
[2026-05-15 09:01:47]   [updated]  kline_adj_weekly: +-5487 rows | 2026-05-14 → 2026-05-14
[2026-05-15 09:01:47]   [updated]  kline_adj_monthly: +-8 rows | 2026-05-14 → 2026-05-14
[2026-05-15 09:01:47]   [updated]  holder_number: +252 rows | 2026-05-11 → 2026-05-15
[2026-05-15 09:01:47]   [updated]  pledge_stat: +0 rows | 2026-04-30 → 2026-04-30
[2026-05-15 09:01:47]   [updated]  financial_indicator: +6091 rows | 2026-03-31 → 2026-03-31
[2026-05-15 09:01:47]   [updated]  income: +0 rows | 2026-03-31 → 2026-03-31
[2026-05-15 09:01:47]   [updated]  balancesheet: +0 rows | 2026-03-31 → 2026-03-31
[2026-05-15 09:01:47]   [updated]  cashflow: +303 rows | 2026-03-31 → 2026-03-31
[2026-05-15 09:01:47]   [updated]  calendar: +2327 rows | ? → ?
[2026-05-15 09:01:47]   [updated]  stock_list: +5839 rows | ? → ?
[2026-05-15 09:01:47]   [updated]  cyq_chips: +? rows | ? → ?
[2026-05-15 09:01:47] [incremental] Done: 22 updated, 0 uptodate, 0 skipped, 0 errors
[2026-05-15 09:01:47] [incremental] Total API calls: 374
[2026-05-15 09:01:47]   basic/calendar: 1
[2026-05-15 09:01:47]   stock/balancesheet: 2
[2026-05-15 09:01:47]   stock/cashflow: 2
[2026-05-15 09:01:47]   stock/cyq_chips: 325
[2026-05-15 09:01:47]   stock/daily: 3
[2026-05-15 09:01:47]   stock/daily_adj: 3
[2026-05-15 09:01:47]   stock/dragon_tiger: 4
[2026-05-15 09:01:47]   stock/finance: 3
[2026-05-15 09:01:47]   stock/financial_indicator: 2
[2026-05-15 09:01:47]   stock/holder_number: 4
[2026-05-15 09:01:47]   stock/income: 2
[2026-05-15 09:01:47]   stock/kline: 2
[2026-05-15 09:01:47]   stock/kline_adj: 4
[2026-05-15 09:01:47]   stock/limit_list: 1
[2026-05-15 09:01:47]   stock/limit_up: 1
[2026-05-15 09:01:47]   stock/list: 1
[2026-05-15 09:01:47]   stock/main_fund_flow: 3
[2026-05-15 09:01:47]   stock/margin_detail: 2
[2026-05-15 09:01:47]   stock/pledge_stat: 5
[2026-05-15 09:01:47]   stock/top_list: 4
[2026-05-15 09:01:47] 
[incremental] PENDING (server behind, will re-fetch with extended overlap next run):
[2026-05-15 09:01:47]   [pending] balancesheet                 last_data=2026-03-31  since=2026-05-14
[2026-05-15 09:01:47]   [pending] cashflow                     last_data=2026-03-31  since=2026-05-14
[2026-05-15 09:01:47]   [pending] financial_indicator          last_data=2026-03-31  since=2026-05-14
[2026-05-15 09:01:47]   [pending] income                       last_data=2026-03-31  since=2026-05-14
[2026-05-15 09:01:47]   [pending] margin_detail                last_data=2026-05-12  since=2026-05-14
[2026-05-15 09:01:47]   [pending] pledge_stat                  last_data=2026-04-30  since=2026-05-14
[2026-05-15 09:01:47] 
============================================================
[2026-05-15 09:01:47] [timing] Per-dataset timing report
[2026-05-15 09:01:47] Dataset                      Phase                    Elapsed  Details
[2026-05-15 09:01:47] -------------------------------------------------------------------------------------
[2026-05-15 09:01:47]   balancesheet               fetch                      8.0s  
[2026-05-15 09:01:47]   balancesheet               merge                      2.6s  
[2026-05-15 09:01:47]   balancesheet               total                     10.7s  
[2026-05-15 09:01:47]   calendar                   fetch                      0.3s  
[2026-05-15 09:01:47]   calendar                   total                      0.3s  
[2026-05-15 09:01:47]   cashflow                   fetch                      5.2s  
[2026-05-15 09:01:47]   cashflow                   merge                      1.6s  
[2026-05-15 09:01:47]   cashflow                   total                      7.0s  
[2026-05-15 09:01:47]   cyq_chips                  fetch x61                200.3s  61 calls, 2,668,397 rows
[2026-05-15 09:01:47]   cyq_chips                  merge x61                557.4s  2,668,397 rows
[2026-05-15 09:01:47]   cyq_chips                  total                    676.3s  
[2026-05-15 09:01:47]   daily                      fetch                      3.8s  
[2026-05-15 09:01:47]   daily                      merge                      9.4s  
[2026-05-15 09:01:47]   daily                      total                     14.9s  
[2026-05-15 09:01:47]   daily_adj                  fetch                      5.7s  
[2026-05-15 09:01:47]   daily_adj                  merge                      9.2s  
[2026-05-15 09:01:47]   daily_adj                  total                     16.3s  
[2026-05-15 09:01:47]   dragon_tiger               fetch                      1.4s  
[2026-05-15 09:01:47]   dragon_tiger               merge                      0.6s  
[2026-05-15 09:01:47]   dragon_tiger               total                      2.2s  
[2026-05-15 09:01:47]   finance                    fetch                      5.8s  
[2026-05-15 09:01:47]   finance                    merge                     10.0s  
[2026-05-15 09:01:47]   finance                    total                     17.2s  
[2026-05-15 09:01:47]   financial_indicator        fetch                      9.5s  
[2026-05-15 09:01:47]   financial_indicator        merge                      4.8s  
[2026-05-15 09:01:47]   financial_indicator        total                     14.5s  
[2026-05-15 09:01:47]   holder_number              fetch                      0.8s  
[2026-05-15 09:01:47]   holder_number              merge                      0.3s  
[2026-05-15 09:01:47]   holder_number              total                      1.3s  
[2026-05-15 09:01:47]   income                     fetch                      5.2s  
[2026-05-15 09:01:47]   income                     merge                      1.5s  
[2026-05-15 09:01:47]   income                     total                      6.8s  
[2026-05-15 09:01:47]   kline_adj_monthly          fetch                      2.0s  
[2026-05-15 09:01:47]   kline_adj_monthly          merge                      0.5s  
[2026-05-15 09:01:47]   kline_adj_monthly          total                      2.6s  
[2026-05-15 09:01:47]   kline_adj_weekly           fetch                      2.1s  
[2026-05-15 09:01:47]   kline_adj_weekly           merge                      2.1s  
[2026-05-15 09:01:47]   kline_adj_weekly           total                      4.6s  
[2026-05-15 09:01:47]   kline_monthly              fetch                      0.9s  
[2026-05-15 09:01:47]   kline_monthly              merge                      0.5s  
[2026-05-15 09:01:47]   kline_monthly              total                      1.6s  
[2026-05-15 09:01:47]   kline_weekly               fetch                      1.0s  
[2026-05-15 09:01:47]   kline_weekly               merge                      2.2s  
[2026-05-15 09:01:47]   kline_weekly               total                      3.6s  
[2026-05-15 09:01:47]   limit_list                 fetch                      0.3s  
[2026-05-15 09:01:47]   limit_list                 merge                      0.4s  
[2026-05-15 09:01:47]   limit_list                 total                      0.9s  
[2026-05-15 09:01:47]   limit_up                   fetch                      0.4s  
[2026-05-15 09:01:47]   limit_up                   merge                      0.3s  
[2026-05-15 09:01:47]   limit_up                   total                      0.8s  
[2026-05-15 09:01:47]   main_fund_flow             fetch                      4.1s  
[2026-05-15 09:01:47]   main_fund_flow             merge                     12.7s  
[2026-05-15 09:01:47]   main_fund_flow             total                     18.3s  
[2026-05-15 09:01:47]   margin_detail              fetch                      1.7s  
[2026-05-15 09:01:47]   margin_detail              merge                      5.0s  
[2026-05-15 09:01:47]   margin_detail              total                      7.6s  
[2026-05-15 09:01:47]   pledge_stat                fetch                      0.5s  
[2026-05-15 09:01:47]   pledge_stat                merge                      0.1s  
[2026-05-15 09:01:47]   pledge_stat                total                      0.7s  
[2026-05-15 09:01:47]   stock_list                 fetch                      1.1s  
[2026-05-15 09:01:47]   stock_list                 total                      1.2s  
[2026-05-15 09:01:47]   top_list                   fetch                      0.8s  
[2026-05-15 09:01:47]   top_list                   merge                      0.2s  
[2026-05-15 09:01:47]   top_list                   total                      1.1s  
[2026-05-15 09:01:47] -------------------------------------------------------------------------------------
[2026-05-15 09:01:47]   TOTAL                                              1692.9s
[2026-05-15 09:01:47] 
[timing] Top 5 slowest datasets:
[2026-05-15 09:01:47]   cyq_chips                   1434.0s ( 84.7%) ################
[2026-05-15 09:01:47]   main_fund_flow                35.1s (  2.1%) 
[2026-05-15 09:01:47]   finance                       33.1s (  2.0%) 
[2026-05-15 09:01:47]   daily_adj                     31.2s (  1.8%) 
[2026-05-15 09:01:47]   financial_indicator           28.8s (  1.7%) 
