[2026-05-15 15:51:49] [main] stock_list -> skip (output exists: /root/shared-nvme/lingqiData/data/stock_list.parquet)
[2026-05-15 15:51:49] [main] calendar -> skip (output exists: /root/shared-nvme/lingqiData/data/calendar.parquet)
[2026-05-15 15:51:49] [main] ths_sector_categories -> skip (output exists: /root/shared-nvme/lingqiData/data/ths_sector_categories.parquet)
[2026-05-15 15:51:49] [main] ths_constituent_stocks -> skip (output exists: /root/shared-nvme/lingqiData/data/ths_constituent_stocks.parquet)
[2026-05-15 15:51:49] [main] holder_number -> skip (output exists: /root/shared-nvme/lingqiData/data/holder_number.parquet)
[2026-05-15 15:51:49] [main] pledge_stat -> skip (output exists: /root/shared-nvme/lingqiData/data/pledge_stat.parquet)
[2026-05-15 15:51:49] [main] financial -> skip (output exists: /root/shared-nvme/lingqiData/data/financial_indicator.parquet)
[2026-05-15 15:51:49] [main] income -> skip (output exists: /root/shared-nvme/lingqiData/data/income.parquet)
[2026-05-15 15:51:49] [main] balancesheet -> skip (output exists: /root/shared-nvme/lingqiData/data/balancesheet.parquet)
[2026-05-15 15:51:49] [main] cashflow -> skip (output exists: /root/shared-nvme/lingqiData/data/cashflow.parquet)
[2026-05-15 15:51:49] [main] limit_list -> skip (output exists: /root/shared-nvme/lingqiData/data/limit_list.parquet)
[2026-05-15 15:51:49] [main] limit_up -> skip (output exists: /root/shared-nvme/lingqiData/data/limit_up.parquet)
[2026-05-15 15:51:49] [main] kline_monthly -> skip (output exists: /root/shared-nvme/lingqiData/data/kline_monthly.parquet)
[2026-05-15 15:51:49] [main] kline_adj_monthly -> skip (output exists: /root/shared-nvme/lingqiData/data/kline_adj_monthly.parquet)
[2026-05-15 15:51:49] [main] top_list -> skip (output exists: /root/shared-nvme/lingqiData/data/top_list.parquet)
[2026-05-15 15:51:49] [main] dragon_tiger -> skip (output exists: /root/shared-nvme/lingqiData/data/dragon_tiger.parquet)
[2026-05-15 15:51:49] [main] kline_weekly -> skip (output exists: /root/shared-nvme/lingqiData/data/kline_weekly.parquet)
[2026-05-15 15:51:49] [main] kline_adj_weekly -> skip (output exists: /root/shared-nvme/lingqiData/data/kline_adj_weekly.parquet)
[2026-05-15 15:51:49] [main] finance -> skip (output exists: /root/shared-nvme/lingqiData/data/finance.parquet)
[2026-05-15 15:51:49] [main] daily -> skip (output exists: /root/shared-nvme/lingqiData/data/daily.parquet)
[2026-05-15 15:51:49] [main] daily_adj -> skip (output exists: /root/shared-nvme/lingqiData/data/daily_adj.parquet)
[2026-05-15 15:51:49] [main] main_fund_flow -> skip (output exists: /root/shared-nvme/lingqiData/data/main_fund_flow.parquet)
[2026-05-15 15:51:49] [main] margin_detail -> skip (output exists: /root/shared-nvme/lingqiData/data/margin_detail.parquet)
[2026-05-15 15:51:49] [main] ths_daily -> skip (output exists: /root/shared-nvme/lingqiData/data/ths_daily.parquet)
[2026-05-15 15:51:49] [main] index_weight -> skip (output exists: /root/shared-nvme/lingqiData/data/index_weight.parquet)
[2026-05-15 15:51:49] [main] cyq_chips -> skip (output exists: /root/shared-nvme/lingqiData/data/cyq_chips/.done)
[2026-05-15 15:51:49] [main] start | rate_limit=280 req/min | parallel=False | workers=6 | tasks=['history', 'min_adj']
[2026-05-15 15:51:49] [main] === history (2019-01-01 ~ 2026-05-15) ===
[2026-05-15 15:51:49] [history_60min] 3310 stocks × ~90 chunks (30d each) | level=60min | 2019-01-01 ~ 2026-05-15
[2026-05-15 15:51:49] [history_60min] Concurrency: 3 in-flight max | 6 chunk workers/stock | rate-limit: 280/min
[2026-05-15 15:51:49] [history_60min] ~297900 API calls | ~1064 min est | ~88 rows/chunk
[2026-05-15 15:51:50] [history_60min] 3306 stocks to fetch
[2026-05-15 15:51:51]   [000008.SZ] [--------------------] 1/90 chunks  rows=80
[2026-05-15 15:51:51]   [000008.SZ] [--------------------] 2/90 chunks  rows=164
[2026-05-15 15:51:51]   [000008.SZ] [--------------------] 3/90 chunks  rows=232
[2026-05-15 15:51:51]   [000008.SZ] [--------------------] 4/90 chunks  rows=308
[2026-05-15 15:51:51]   [000008.SZ] [#-------------------] 5/90 chunks  rows=388
[2026-05-15 15:51:51]   [000008.SZ] [#-------------------] 6/90 chunks  rows=472
[2026-05-15 15:51:51]   [000008.SZ] [#-------------------] 7/90 chunks  rows=556
[2026-05-15 15:51:51]   [000008.SZ] [#-------------------] 8/90 chunks  rows=644
[2026-05-15 15:51:51]   [000008.SZ] [##------------------] 9/90 chunks  rows=728
[2026-05-15 15:51:51]   [000008.SZ] [##------------------] 10/90 chunks  rows=788
[2026-05-15 15:51:51]   [000008.SZ] [##------------------] 11/90 chunks  rows=876
[2026-05-15 15:51:51]   [000008.SZ] [##------------------] 12/90 chunks  rows=964
[2026-05-15 15:51:52]   [000008.SZ] [##------------------] 13/90 chunks  rows=1028
[2026-05-15 15:51:52]   [000008.SZ] [###-----------------] 14/90 chunks  rows=1104
[2026-05-15 15:51:52]   [000008.SZ] [###-----------------] 15/90 chunks  rows=1192
[2026-05-15 15:51:52]   [000008.SZ] [###-----------------] 16/90 chunks  rows=1276
[2026-05-15 15:51:52]   [000008.SZ] [###-----------------] 17/90 chunks  rows=1344
[2026-05-15 15:51:52]   [000008.SZ] [####----------------] 18/90 chunks  rows=1432
[2026-05-15 15:51:52]   [000008.SZ] [####----------------] 19/90 chunks  rows=1516
[2026-05-15 15:51:52]   [000008.SZ] [####----------------] 20/90 chunks  rows=1580
[2026-05-15 15:51:52]   [000008.SZ] [####----------------] 21/90 chunks  rows=1660
[2026-05-15 15:51:52]   [000008.SZ] [####----------------] 22/90 chunks  rows=1748
[2026-05-15 15:51:52]   [000008.SZ] [#####---------------] 23/90 chunks  rows=1832
[2026-05-15 15:51:52]   [000008.SZ] [#####---------------] 24/90 chunks  rows=1912
[2026-05-15 15:51:52]   [000008.SZ] [#####---------------] 25/90 chunks  rows=1996
[2026-05-15 15:51:52]   [000008.SZ] [#####---------------] 26/90 chunks  rows=2076
[2026-05-15 15:51:53]   [000008.SZ] [######--------------] 27/90 chunks  rows=2144
[2026-05-15 15:51:53]   [000008.SZ] [######--------------] 28/90 chunks  rows=2224
[2026-05-15 15:51:53]   [000008.SZ] [######--------------] 29/90 chunks  rows=2300
[2026-05-15 15:51:53]   [000008.SZ] [######--------------] 30/90 chunks  rows=2384
[2026-05-15 15:51:53]   [000008.SZ] [######--------------] 31/90 chunks  rows=2468
[2026-05-15 15:51:53]   [000008.SZ] [#######-------------] 32/90 chunks  rows=2556
[2026-05-15 15:51:53]   [000008.SZ] [#######-------------] 33/90 chunks  rows=2644
[2026-05-15 15:51:53]   [000008.SZ] [#######-------------] 34/90 chunks  rows=2728
[2026-05-15 15:51:53]   [000008.SZ] [#######-------------] 35/90 chunks  rows=2784
[2026-05-15 15:51:53]   [000008.SZ] [########------------] 36/90 chunks  rows=2872
[2026-05-15 15:51:54]   [000008.SZ] [########------------] 37/90 chunks  rows=2952
[2026-05-15 15:51:54]   [000008.SZ] [########------------] 38/90 chunks  rows=3040
[2026-05-15 15:51:54]   [000008.SZ] [########------------] 39/90 chunks  rows=3100
[2026-05-15 15:51:54]   [000008.SZ] [########------------] 40/90 chunks  rows=3184
[2026-05-15 15:51:54]   [000008.SZ] [#########-----------] 41/90 chunks  rows=3272
[2026-05-15 15:51:54]   [000008.SZ] [#########-----------] 42/90 chunks  rows=3352
[2026-05-15 15:51:54]   [000008.SZ] [#########-----------] 43/90 chunks  rows=3432
[2026-05-15 15:51:54]   [000008.SZ] [#########-----------] 44/90 chunks  rows=3520
[2026-05-15 15:51:54]   [000008.SZ] [##########----------] 45/90 chunks  rows=3584
[2026-05-15 15:51:54]   [000008.SZ] [##########----------] 46/90 chunks  rows=3668
[2026-05-15 15:51:54]   [000008.SZ] [##########----------] 47/90 chunks  rows=3736
[2026-05-15 15:51:54]   [000008.SZ] [##########----------] 48/90 chunks  rows=3816
[2026-05-15 15:51:55]   [000008.SZ] [##########----------] 49/90 chunks  rows=3904
[2026-05-15 15:51:55]   [000008.SZ] [###########---------] 50/90 chunks  rows=3976
[2026-05-15 15:51:55]   [000008.SZ] [###########---------] 51/90 chunks  rows=4064
[2026-05-15 15:51:55]   [000008.SZ] [###########---------] 52/90 chunks  rows=4140
[2026-05-15 15:51:55]   [000008.SZ] [###########---------] 53/90 chunks  rows=4216
[2026-05-15 15:51:55]   [000008.SZ] [############--------] 54/90 chunks  rows=4304
[2026-05-15 15:51:55]   [000008.SZ] [############--------] 55/90 chunks  rows=4388
[2026-05-15 15:51:55]   [000008.SZ] [############--------] 56/90 chunks  rows=4468
[2026-05-15 15:51:55]   [000008.SZ] [############--------] 57/90 chunks  rows=4556
[2026-05-15 15:51:55]   [000008.SZ] [############--------] 58/90 chunks  rows=4620
[2026-05-15 15:51:56]   [000008.SZ] [#############-------] 59/90 chunks  rows=4696
[2026-05-15 15:51:56]   [000008.SZ] [#############-------] 60/90 chunks  rows=4780
[2026-05-15 15:51:56]   [000008.SZ] [#############-------] 61/90 chunks  rows=4840
[2026-05-15 15:51:56]   [000008.SZ] [#############-------] 62/90 chunks  rows=4928
[2026-05-15 15:51:56]   [000008.SZ] [##############------] 63/90 chunks  rows=5012
[2026-05-15 15:51:56]   [000008.SZ] [##############------] 64/90 chunks  rows=5080
[2026-05-15 15:51:56]   [000008.SZ] [##############------] 65/90 chunks  rows=5160
[2026-05-15 15:51:56]   [000008.SZ] [##############------] 66/90 chunks  rows=5236
[2026-05-15 15:51:56]   [000008.SZ] [##############------] 67/90 chunks  rows=5324
[2026-05-15 15:51:57]   [000008.SZ] [###############-----] 68/90 chunks  rows=5412
[2026-05-15 15:51:57]   [000008.SZ] [###############-----] 69/90 chunks  rows=5496
[2026-05-15 15:51:57]   [000008.SZ] [###############-----] 70/90 chunks  rows=5564
[2026-05-15 15:51:57]   [000008.SZ] [###############-----] 71/90 chunks  rows=5644
[2026-05-15 15:51:57]   [000008.SZ] [################----] 72/90 chunks  rows=5724
[2026-05-15 15:51:57]   [000008.SZ] [################----] 73/90 chunks  rows=5792
[2026-05-15 15:51:57]   [000008.SZ] [################----] 74/90 chunks  rows=5876
[2026-05-15 15:51:57]   [000008.SZ] [################----] 75/90 chunks  rows=5960
[2026-05-15 15:51:57]   [000008.SZ] [################----] 76/90 chunks  rows=6036
[2026-05-15 15:51:58]   [000008.SZ] [#################---] 77/90 chunks  rows=6116
[2026-05-15 15:51:58]   [000008.SZ] [#################---] 78/90 chunks  rows=6200
[2026-05-15 15:51:58]   [000008.SZ] [#################---] 79/90 chunks  rows=6288
[2026-05-15 15:51:58]   [000008.SZ] [#################---] 80/90 chunks  rows=6368
[2026-05-15 15:51:58]   [000008.SZ] [##################--] 81/90 chunks  rows=6456
[2026-05-15 15:51:58]   [000008.SZ] [##################--] 82/90 chunks  rows=6544
[2026-05-15 15:51:58]   [000008.SZ] [##################--] 83/90 chunks  rows=6628
[2026-05-15 15:51:58]   [000008.SZ] [##################--] 84/90 chunks  rows=6716
[2026-05-15 15:51:58]   [000008.SZ] [##################--] 85/90 chunks  rows=6800
[2026-05-15 15:51:58]   [000008.SZ] [###################-] 86/90 chunks  rows=6884
[2026-05-15 15:51:58]   [000008.SZ] [###################-] 87/90 chunks  rows=6944
[2026-05-15 15:51:58]   [000008.SZ] [###################-] 88/90 chunks  rows=7024
[2026-05-15 15:51:59]   [000008.SZ] [###################-] 89/90 chunks  rows=7072
[2026-05-15 15:51:59]   [000008.SZ] [####################] 90/90 chunks  rows=7132
[2026-05-15 15:51:59] [history_60min] [------------------------------]   0.0%  1/3306  ETA 451.5m  last:000008.SZ 7132r/8.2s  tok:-2/280
[2026-05-15 15:51:59]   [000009.SZ] [--------------------] 1/90 chunks  rows=80
[2026-05-15 15:51:59]   [000009.SZ] [--------------------] 2/90 chunks  rows=156
[2026-05-15 15:51:59]   [000009.SZ] [--------------------] 3/90 chunks  rows=224
[2026-05-15 15:51:59]   [000009.SZ] [--------------------] 4/90 chunks  rows=304
[2026-05-15 15:51:59]   [000009.SZ] [#-------------------] 5/90 chunks  rows=388
[2026-05-15 15:52:00]   [000009.SZ] [#-------------------] 6/90 chunks  rows=476
[2026-05-15 15:52:00]   [000009.SZ] [#-------------------] 7/90 chunks  rows=560
[2026-05-15 15:52:00]   [000009.SZ] [#-------------------] 8/90 chunks  rows=620
[2026-05-15 15:52:00]   [000009.SZ] [##------------------] 9/90 chunks  rows=704
[2026-05-15 15:52:00]   [000009.SZ] [##------------------] 10/90 chunks  rows=792
[2026-05-15 15:52:00]   [000009.SZ] [##------------------] 11/90 chunks  rows=868
[2026-05-15 15:52:00]   [000009.SZ] [##------------------] 12/90 chunks  rows=932
[2026-05-15 15:52:00]   [000009.SZ] [##------------------] 13/90 chunks  rows=1016
[2026-05-15 15:52:00]   [000009.SZ] [###-----------------] 14/90 chunks  rows=1100
[2026-05-15 15:52:00]   [000009.SZ] [###-----------------] 15/90 chunks  rows=1188
[2026-05-15 15:52:01]   [000009.SZ] [###-----------------] 16/90 chunks  rows=1276
[2026-05-15 15:52:01]   [000009.SZ] [###-----------------] 17/90 chunks  rows=1344
[2026-05-15 15:52:01]   [000009.SZ] [####----------------] 18/90 chunks  rows=1424
[2026-05-15 15:52:01]   [000009.SZ] [####----------------] 19/90 chunks  rows=1512
[2026-05-15 15:52:01]   [000009.SZ] [####----------------] 20/90 chunks  rows=1596
[2026-05-15 15:52:01]   [000009.SZ] [####----------------] 21/90 chunks  rows=1660
[2026-05-15 15:52:01]   [000009.SZ] [####----------------] 22/90 chunks  rows=1744
[2026-05-15 15:52:01]   [000009.SZ] [#####---------------] 23/90 chunks  rows=1828
[2026-05-15 15:52:01]   [000009.SZ] [#####---------------] 24/90 chunks  rows=1908
[2026-05-15 15:52:01]   [000009.SZ] [#####---------------] 25/90 chunks  rows=1996
[2026-05-15 15:52:01]   [000009.SZ] [#####---------------] 26/90 chunks  rows=2064
[2026-05-15 15:52:02]   [000009.SZ] [######--------------] 27/90 chunks  rows=2148
[2026-05-15 15:52:02]   [000009.SZ] [######--------------] 28/90 chunks  rows=2224
[2026-05-15 15:52:02]   [000009.SZ] [######--------------] 29/90 chunks  rows=2308
[2026-05-15 15:52:02]   [000009.SZ] [######--------------] 30/90 chunks  rows=2396
[2026-05-15 15:52:02]   [000009.SZ] [######--------------] 31/90 chunks  rows=2476
[2026-05-15 15:52:02]   [000009.SZ] [#######-------------] 32/90 chunks  rows=2564
[2026-05-15 15:52:02]   [000009.SZ] [#######-------------] 33/90 chunks  rows=2644
[2026-05-15 15:52:03]   [000009.SZ] [#######-------------] 34/90 chunks  rows=2728
[2026-05-15 15:52:03]   [000009.SZ] [#######-------------] 35/90 chunks  rows=2812
[2026-05-15 15:52:03]   [000009.SZ] [########------------] 36/90 chunks  rows=2872
[2026-05-15 15:52:03]   [000009.SZ] [########------------] 37/90 chunks  rows=2960
[2026-05-15 15:52:03]   [000009.SZ] [########------------] 38/90 chunks  rows=3016
[2026-05-15 15:52:03]   [000009.SZ] [########------------] 39/90 chunks  rows=3088
[2026-05-15 15:52:03]   [000009.SZ] [########------------] 40/90 chunks  rows=3168
[2026-05-15 15:52:04]   [000009.SZ] [#########-----------] 41/90 chunks  rows=3248
[2026-05-15 15:52:04]   [000009.SZ] [#########-----------] 42/90 chunks  rows=3336
[2026-05-15 15:52:04]   [000009.SZ] [#########-----------] 43/90 chunks  rows=3424
[2026-05-15 15:52:04]   [000009.SZ] [#########-----------] 44/90 chunks  rows=3504
[2026-05-15 15:52:04]   [000009.SZ] [##########----------] 45/90 chunks  rows=3592
[2026-05-15 15:52:04]   [000009.SZ] [##########----------] 46/90 chunks  rows=3676
[2026-05-15 15:52:04]   [000009.SZ] [##########----------] 47/90 chunks  rows=3740
[2026-05-15 15:52:04]   [000009.SZ] [##########----------] 48/90 chunks  rows=3820
[2026-05-15 15:52:05]   [000009.SZ] [##########----------] 49/90 chunks  rows=3908
[2026-05-15 15:52:05]   [000009.SZ] [###########---------] 50/90 chunks  rows=3984
[2026-05-15 15:52:05]   [000009.SZ] [###########---------] 51/90 chunks  rows=4052
[2026-05-15 15:52:05]   [000009.SZ] [###########---------] 52/90 chunks  rows=4128
[2026-05-15 15:52:05]   [000009.SZ] [###########---------] 53/90 chunks  rows=4216
[2026-05-15 15:52:05]   [000009.SZ] [############--------] 54/90 chunks  rows=4304
[2026-05-15 15:52:05]   [000009.SZ] [############--------] 55/90 chunks  rows=4368
[2026-05-15 15:52:06]   [000009.SZ] [############--------] 56/90 chunks  rows=4444
[2026-05-15 15:52:06]   [000009.SZ] [############--------] 57/90 chunks  rows=4532
[2026-05-15 15:52:06]   [000009.SZ] [############--------] 58/90 chunks  rows=4616
[2026-05-15 15:52:06]   [000009.SZ] [#############-------] 59/90 chunks  rows=4704
[2026-05-15 15:52:06]   [000009.SZ] [#############-------] 60/90 chunks  rows=4784
[2026-05-15 15:52:06]   [000009.SZ] [#############-------] 61/90 chunks  rows=4868
[2026-05-15 15:52:06]   [000009.SZ] [#############-------] 62/90 chunks  rows=4952
[2026-05-15 15:52:07]   [000009.SZ] [##############------] 63/90 chunks  rows=5032
[2026-05-15 15:52:07]   [000009.SZ] [##############------] 64/90 chunks  rows=5116
[2026-05-15 15:52:07]   [000009.SZ] [##############------] 65/90 chunks  rows=5176
[2026-05-15 15:52:07]   [000009.SZ] [##############------] 66/90 chunks  rows=5264
[2026-05-15 15:52:07]   [000009.SZ] [##############------] 67/90 chunks  rows=5332
[2026-05-15 15:52:07]   [000009.SZ] [###############-----] 68/90 chunks  rows=5408
[2026-05-15 15:52:07]   [000009.SZ] [###############-----] 69/90 chunks  rows=5476
[2026-05-15 15:52:08]   [000009.SZ] [###############-----] 70/90 chunks  rows=5560
[2026-05-15 15:52:08]   [000009.SZ] [###############-----] 71/90 chunks  rows=5640
[2026-05-15 15:52:08]   [000009.SZ] [################----] 72/90 chunks  rows=5728
[2026-05-15 15:52:08]   [000009.SZ] [################----] 73/90 chunks  rows=5796
[2026-05-15 15:52:08]   [000009.SZ] [################----] 74/90 chunks  rows=5884
[2026-05-15 15:52:08]   [000009.SZ] [################----] 75/90 chunks  rows=5964
[2026-05-15 15:52:08]   [000009.SZ] [################----] 76/90 chunks  rows=6048
[2026-05-15 15:52:09]   [000009.SZ] [#################---] 77/90 chunks  rows=6124
[2026-05-15 15:52:09]   [000009.SZ] [#################---] 78/90 chunks  rows=6204
[2026-05-15 15:52:09]   [000009.SZ] [#################---] 79/90 chunks  rows=6292
[2026-05-15 15:52:09]   [000009.SZ] [#################---] 80/90 chunks  rows=6372
[2026-05-15 15:52:09]   [000009.SZ] [##################--] 81/90 chunks  rows=6456
[2026-05-15 15:52:09]   [000009.SZ] [##################--] 82/90 chunks  rows=6544
[2026-05-15 15:52:09]   [000009.SZ] [##################--] 83/90 chunks  rows=6604
[2026-05-15 15:52:09]   [000009.SZ] [##################--] 84/90 chunks  rows=6664
[2026-05-15 15:52:09]   [000009.SZ] [##################--] 85/90 chunks  rows=6748
[2026-05-15 15:52:10]   [000009.SZ] [###################-] 86/90 chunks  rows=6832
[2026-05-15 15:52:10]   [000009.SZ] [###################-] 87/90 chunks  rows=6920
[2026-05-15 15:52:10]   [000009.SZ] [###################-] 88/90 chunks  rows=7000
[2026-05-15 15:52:11]   [000009.SZ] [###################-] 89/90 chunks  rows=7048
[2026-05-15 15:52:11]   [000009.SZ] [####################] 90/90 chunks  rows=7132
[2026-05-15 15:52:11] [history_60min] [------------------------------]   0.1%  2/3306  ETA 474.9m  last:000009.SZ 7132r/12.5s  tok:6/280
[2026-05-15 15:52:11]   [000011.SZ] [--------------------] 1/90 chunks  rows=80
[2026-05-15 15:52:12]   [000011.SZ] [--------------------] 2/90 chunks  rows=164
[2026-05-15 15:52:12]   [000011.SZ] [--------------------] 3/90 chunks  rows=240
[2026-05-15 15:52:12]   [000011.SZ] [--------------------] 4/90 chunks  rows=308
[2026-05-15 15:52:12]   [000011.SZ] [#-------------------] 5/90 chunks  rows=392
[2026-05-15 15:52:12]   [000011.SZ] [#-------------------] 6/90 chunks  rows=472
[2026-05-15 15:52:12]   [000011.SZ] [#-------------------] 7/90 chunks  rows=556
[2026-05-15 15:52:12]   [000011.SZ] [#-------------------] 8/90 chunks  rows=644
[2026-05-15 15:52:12]   [000011.SZ] [##------------------] 9/90 chunks  rows=728
[2026-05-15 15:52:13]   [000011.SZ] [##------------------] 10/90 chunks  rows=816
[2026-05-15 15:52:13]   [000011.SZ] [##------------------] 11/90 chunks  rows=876
[2026-05-15 15:52:13]   [000011.SZ] [##------------------] 12/90 chunks  rows=964
[2026-05-15 15:52:13]   [000011.SZ] [##------------------] 13/90 chunks  rows=1052
[2026-05-15 15:52:13]   [000011.SZ] [###-----------------] 14/90 chunks  rows=1116
[2026-05-15 15:52:13]   [000011.SZ] [###-----------------] 15/90 chunks  rows=1192
[2026-05-15 15:52:13]   [000011.SZ] [###-----------------] 16/90 chunks  rows=1260
[2026-05-15 15:52:13]   [000011.SZ] [###-----------------] 17/90 chunks  rows=1348
[2026-05-15 15:52:13]   [000011.SZ] [####----------------] 18/90 chunks  rows=1432
[2026-05-15 15:52:13]   [000011.SZ] [####----------------] 19/90 chunks  rows=1512
[2026-05-15 15:52:14]   [000011.SZ] [####----------------] 20/90 chunks  rows=1596
[2026-05-15 15:52:14]   [000011.SZ] [####----------------] 21/90 chunks  rows=1684
[2026-05-15 15:52:14]   [000011.SZ] [####----------------] 22/90 chunks  rows=1764
[2026-05-15 15:52:14]   [000011.SZ] [#####---------------] 23/90 chunks  rows=1848
[2026-05-15 15:52:14]   [000011.SZ] [#####---------------] 24/90 chunks  rows=1932
[2026-05-15 15:52:14]   [000011.SZ] [#####---------------] 25/90 chunks  rows=2016
[2026-05-15 15:52:14]   [000011.SZ] [#####---------------] 26/90 chunks  rows=2092
[2026-05-15 15:52:15]   [000011.SZ] [######--------------] 27/90 chunks  rows=2160
[2026-05-15 15:52:15]   [000011.SZ] [######--------------] 28/90 chunks  rows=2244
[2026-05-15 15:52:15]   [000011.SZ] [######--------------] 29/90 chunks  rows=2324
[2026-05-15 15:52:15]   [000011.SZ] [######--------------] 30/90 chunks  rows=2404
[2026-05-15 15:52:15]   [000011.SZ] [######--------------] 31/90 chunks  rows=2492
[2026-05-15 15:52:16]   [000011.SZ] [#######-------------] 32/90 chunks  rows=2556
[2026-05-15 15:52:16]   [000011.SZ] [#######-------------] 33/90 chunks  rows=2644
[2026-05-15 15:52:16]   [000011.SZ] [#######-------------] 34/90 chunks  rows=2700
[2026-05-15 15:52:16]   [000011.SZ] [#######-------------] 35/90 chunks  rows=2784
[2026-05-15 15:52:16]   [000011.SZ] [########------------] 36/90 chunks  rows=2872
[2026-05-15 15:52:16]   [000011.SZ] [########------------] 37/90 chunks  rows=2932
[2026-05-15 15:52:16]   [000011.SZ] [########------------] 38/90 chunks  rows=3016
[2026-05-15 15:52:16]   [000011.SZ] [########------------] 39/90 chunks  rows=3104
[2026-05-15 15:52:16]   [000011.SZ] [########------------] 40/90 chunks  rows=3184
[2026-05-15 15:52:16]   [000011.SZ] [#########-----------] 41/90 chunks  rows=3272
[2026-05-15 15:52:17]   [000011.SZ] [#########-----------] 42/90 chunks  rows=3360
[2026-05-15 15:52:17]   [000011.SZ] [#########-----------] 43/90 chunks  rows=3432
[2026-05-15 15:52:17]   [000011.SZ] [#########-----------] 44/90 chunks  rows=3512
[2026-05-15 15:52:17]   [000011.SZ] [##########----------] 45/90 chunks  rows=3592
[2026-05-15 15:52:18]   [000011.SZ] [##########----------] 46/90 chunks  rows=3680
[2026-05-15 15:52:18]   [000011.SZ] [##########----------] 47/90 chunks  rows=3744
[2026-05-15 15:52:18]   [000011.SZ] [##########----------] 48/90 chunks  rows=3824
[2026-05-15 15:52:18]   [000011.SZ] [##########----------] 49/90 chunks  rows=3900
[2026-05-15 15:52:18]   [000011.SZ] [###########---------] 50/90 chunks  rows=3988
[2026-05-15 15:52:18]   [000011.SZ] [###########---------] 51/90 chunks  rows=4056
[2026-05-15 15:52:18]   [000011.SZ] [###########---------] 52/90 chunks  rows=4132
[2026-05-15 15:52:19]   [000011.SZ] [###########---------] 53/90 chunks  rows=4216
[2026-05-15 15:52:19]   [000011.SZ] [############--------] 54/90 chunks  rows=4300
[2026-05-15 15:52:19]   [000011.SZ] [############--------] 55/90 chunks  rows=4376
[2026-05-15 15:52:19]   [000011.SZ] [############--------] 56/90 chunks  rows=4464
[2026-05-15 15:52:19]   [000011.SZ] [############--------] 57/90 chunks  rows=4552
[2026-05-15 15:52:19]   [000011.SZ] [############--------] 58/90 chunks  rows=4632
[2026-05-15 15:52:19]   [000011.SZ] [#############-------] 59/90 chunks  rows=4720
[2026-05-15 15:52:19]   [000011.SZ] [#############-------] 60/90 chunks  rows=4784
[2026-05-15 15:52:20]   [000011.SZ] [#############-------] 61/90 chunks  rows=4868
[2026-05-15 15:52:20]   [000011.SZ] [#############-------] 62/90 chunks  rows=4952
[2026-05-15 15:52:20]   [000011.SZ] [##############------] 63/90 chunks  rows=5012
[2026-05-15 15:52:20]   [000011.SZ] [##############------] 64/90 chunks  rows=5092
[2026-05-15 15:52:20]   [000011.SZ] [##############------] 65/90 chunks  rows=5180
[2026-05-15 15:52:20]   [000011.SZ] [##############------] 66/90 chunks  rows=5268
[2026-05-15 15:52:20]   [000011.SZ] [##############------] 67/90 chunks  rows=5352
[2026-05-15 15:52:21]   [000011.SZ] [###############-----] 68/90 chunks  rows=5440
[2026-05-15 15:52:21]   [000011.SZ] [###############-----] 69/90 chunks  rows=5508
[2026-05-15 15:52:21]   [000011.SZ] [###############-----] 70/90 chunks  rows=5584
[2026-05-15 15:52:21]   [000011.SZ] [###############-----] 71/90 chunks  rows=5652
[2026-05-15 15:52:21]   [000011.SZ] [################----] 72/90 chunks  rows=5736
[2026-05-15 15:52:21]   [000011.SZ] [################----] 73/90 chunks  rows=5816
[2026-05-15 15:52:22]   [000011.SZ] [################----] 74/90 chunks  rows=5896
[2026-05-15 15:52:22]   [000011.SZ] [################----] 75/90 chunks  rows=5964
[2026-05-15 15:52:22]   [000011.SZ] [################----] 76/90 chunks  rows=6040
[2026-05-15 15:52:22]   [000011.SZ] [#################---] 77/90 chunks  rows=6124
[2026-05-15 15:52:22]   [000011.SZ] [#################---] 78/90 chunks  rows=6208
[2026-05-15 15:52:22]   [000011.SZ] [#################---] 79/90 chunks  rows=6288
[2026-05-15 15:52:22]   [000011.SZ] [#################---] 80/90 chunks  rows=6368
[2026-05-15 15:52:22]   [000011.SZ] [##################--] 81/90 chunks  rows=6456
[2026-05-15 15:52:22]   [000011.SZ] [##################--] 82/90 chunks  rows=6516
[2026-05-15 15:52:23]   [000011.SZ] [##################--] 83/90 chunks  rows=6596
[2026-05-15 15:52:23]   [000011.SZ] [##################--] 84/90 chunks  rows=6684
[2026-05-15 15:52:23]   [000011.SZ] [##################--] 85/90 chunks  rows=6772
[2026-05-15 15:52:23]   [000011.SZ] [###################-] 86/90 chunks  rows=6832
[2026-05-15 15:52:23]   [000011.SZ] [###################-] 87/90 chunks  rows=6916
[2026-05-15 15:52:23]   [000011.SZ] [###################-] 88/90 chunks  rows=7000
[2026-05-15 15:52:23]   [000011.SZ] [###################-] 89/90 chunks  rows=7048
[2026-05-15 15:52:23]   [000011.SZ] [####################] 90/90 chunks  rows=7132
[2026-05-15 15:52:23] [history_60min] [------------------------------]   0.1%  3/3306  ETA 495.1m  last:000011.SZ 7132r/12.3s  tok:0/280
[2026-05-15 15:52:24]   [000012.SZ] [--------------------] 1/90 chunks  rows=80
[2026-05-15 15:52:24]   [000012.SZ] [--------------------] 2/90 chunks  rows=148
[2026-05-15 15:52:24]   [000012.SZ] [--------------------] 3/90 chunks  rows=232
[2026-05-15 15:52:24]   [000012.SZ] [--------------------] 4/90 chunks  rows=316
[2026-05-15 15:52:24]   [000012.SZ] [#-------------------] 5/90 chunks  rows=392
[2026-05-15 15:52:24]   [000012.SZ] [#-------------------] 6/90 chunks  rows=472
[2026-05-15 15:52:24]   [000012.SZ] [#-------------------] 7/90 chunks  rows=556
[2026-05-15 15:52:25]   [000012.SZ] [#-------------------] 8/90 chunks  rows=644
[2026-05-15 15:52:25]   [000012.SZ] [##------------------] 9/90 chunks  rows=732
[2026-05-15 15:52:25]   [000012.SZ] [##------------------] 10/90 chunks  rows=808
[2026-05-15 15:52:25]   [000012.SZ] [##------------------] 11/90 chunks  rows=896
[2026-05-15 15:52:25]   [000012.SZ] [##------------------] 12/90 chunks  rows=960
[2026-05-15 15:52:25]   [000012.SZ] [##------------------] 13/90 chunks  rows=1048
[2026-05-15 15:52:25]   [000012.SZ] [###-----------------] 14/90 chunks  rows=1132
[2026-05-15 15:52:26]   [000012.SZ] [###-----------------] 15/90 chunks  rows=1192
[2026-05-15 15:52:26]   [000012.SZ] [###-----------------] 16/90 chunks  rows=1260
[2026-05-15 15:52:26]   [000012.SZ] [###-----------------] 17/90 chunks  rows=1348
[2026-05-15 15:52:26]   [000012.SZ] [####----------------] 18/90 chunks  rows=1432
[2026-05-15 15:52:27]   [000012.SZ] [####----------------] 19/90 chunks  rows=1516
[2026-05-15 15:52:27]   [000012.SZ] [####----------------] 20/90 chunks  rows=1600
[2026-05-15 15:52:27]   [000012.SZ] [####----------------] 21/90 chunks  rows=1680
[2026-05-15 15:52:27]   [000012.SZ] [####----------------] 22/90 chunks  rows=1760
[2026-05-15 15:52:27]   [000012.SZ] [#####---------------] 23/90 chunks  rows=1844
[2026-05-15 15:52:27]   [000012.SZ] [#####---------------] 24/90 chunks  rows=1932
[2026-05-15 15:52:27]   [000012.SZ] [#####---------------] 25/90 chunks  rows=2000
[2026-05-15 15:52:28]   [000012.SZ] [#####---------------] 26/90 chunks  rows=2084
[2026-05-15 15:52:28]   [000012.SZ] [######--------------] 27/90 chunks  rows=2148
[2026-05-15 15:52:28]   [000012.SZ] [######--------------] 28/90 chunks  rows=2228
[2026-05-15 15:52:28]   [000012.SZ] [######--------------] 29/90 chunks  rows=2304
[2026-05-15 15:52:28]   [000012.SZ] [######--------------] 30/90 chunks  rows=2388
[2026-05-15 15:52:28]   [000012.SZ] [######--------------] 31/90 chunks  rows=2476
[2026-05-15 15:52:28]   [000012.SZ] [#######-------------] 32/90 chunks  rows=2556
[2026-05-15 15:52:28]   [000012.SZ] [#######-------------] 33/90 chunks  rows=2644
[2026-05-15 15:52:28]   [000012.SZ] [#######-------------] 34/90 chunks  rows=2728
[2026-05-15 15:52:29]   [000012.SZ] [#######-------------] 35/90 chunks  rows=2812
[2026-05-15 15:52:29]   [000012.SZ] [########------------] 36/90 chunks  rows=2900
[2026-05-15 15:52:29]   [000012.SZ] [########------------] 37/90 chunks  rows=2960
[2026-05-15 15:52:29]   [000012.SZ] [########------------] 38/90 chunks  rows=3016
[2026-05-15 15:52:29]   [000012.SZ] [########------------] 39/90 chunks  rows=3104
[2026-05-15 15:52:30]   [000012.SZ] [########------------] 40/90 chunks  rows=3176
[2026-05-15 15:52:30]   [000012.SZ] [#########-----------] 41/90 chunks  rows=3256
[2026-05-15 15:52:30]   [000012.SZ] [#########-----------] 42/90 chunks  rows=3336
[2026-05-15 15:52:30]   [000012.SZ] [#########-----------] 43/90 chunks  rows=3424
[2026-05-15 15:52:30]   [000012.SZ] [#########-----------] 44/90 chunks  rows=3512
[2026-05-15 15:52:30]   [000012.SZ] [##########----------] 45/90 chunks  rows=3576
[2026-05-15 15:52:31]   [000012.SZ] [##########----------] 46/90 chunks  rows=3656
[2026-05-15 15:52:31]   [000012.SZ] [##########----------] 47/90 chunks  rows=3740
[2026-05-15 15:52:31]   [000012.SZ] [##########----------] 48/90 chunks  rows=3820
[2026-05-15 15:52:31]   [000012.SZ] [##########----------] 49/90 chunks  rows=3908
[2026-05-15 15:52:31]   [000012.SZ] [###########---------] 50/90 chunks  rows=3996
[2026-05-15 15:52:31]   [000012.SZ] [###########---------] 51/90 chunks  rows=4072
[2026-05-15 15:52:31]   [000012.SZ] [###########---------] 52/90 chunks  rows=4148
[2026-05-15 15:52:31]   [000012.SZ] [###########---------] 53/90 chunks  rows=4216
[2026-05-15 15:52:31]   [000012.SZ] [############--------] 54/90 chunks  rows=4304
[2026-05-15 15:52:31]   [000012.SZ] [############--------] 55/90 chunks  rows=4380
[2026-05-15 15:52:31]   [000012.SZ] [############--------] 56/90 chunks  rows=4464
[2026-05-15 15:52:31]   [000012.SZ] [############--------] 57/90 chunks  rows=4552
[2026-05-15 15:52:32]   [000012.SZ] [############--------] 58/90 chunks  rows=4640
[2026-05-15 15:52:32]   [000012.SZ] [#############-------] 59/90 chunks  rows=4720
[2026-05-15 15:52:32]   [000012.SZ] [#############-------] 60/90 chunks  rows=4784
[2026-05-15 15:52:32]   [000012.SZ] [#############-------] 61/90 chunks  rows=4868
[2026-05-15 15:52:32]   [000012.SZ] [#############-------] 62/90 chunks  rows=4952
[2026-05-15 15:52:32]   [000012.SZ] [##############------] 63/90 chunks  rows=5032
[2026-05-15 15:52:33]   [000012.SZ] [##############------] 64/90 chunks  rows=5116
[2026-05-15 15:52:33]   [000012.SZ] [##############------] 65/90 chunks  rows=5184
[2026-05-15 15:52:33]   [000012.SZ] [##############------] 66/90 chunks  rows=5244
[2026-05-15 15:52:33]   [000012.SZ] [##############------] 67/90 chunks  rows=5332
[2026-05-15 15:52:33]   [000012.SZ] [###############-----] 68/90 chunks  rows=5416
[2026-05-15 15:52:33]   [000012.SZ] [###############-----] 69/90 chunks  rows=5484
[2026-05-15 15:52:33]   [000012.SZ] [###############-----] 70/90 chunks  rows=5572
[2026-05-15 15:52:33]   [000012.SZ] [###############-----] 71/90 chunks  rows=5652
[2026-05-15 15:52:33]   [000012.SZ] [################----] 72/90 chunks  rows=5740
[2026-05-15 15:52:34]   [000012.SZ] [################----] 73/90 chunks  rows=5816
[2026-05-15 15:52:34]   [000012.SZ] [################----] 74/90 chunks  rows=5900
[2026-05-15 15:52:34]   [000012.SZ] [################----] 75/90 chunks  rows=5968
[2026-05-15 15:52:34]   [000012.SZ] [################----] 76/90 chunks  rows=6052
[2026-05-15 15:52:34]   [000012.SZ] [#################---] 77/90 chunks  rows=6132
[2026-05-15 15:52:34]   [000012.SZ] [#################---] 78/90 chunks  rows=6208
[2026-05-15 15:52:34]   [000012.SZ] [#################---] 79/90 chunks  rows=6288
[2026-05-15 15:52:34]   [000012.SZ] [#################---] 80/90 chunks  rows=6376
[2026-05-15 15:52:34]   [000012.SZ] [##################--] 81/90 chunks  rows=6436
[2026-05-15 15:52:34]   [000012.SZ] [##################--] 82/90 chunks  rows=6516
[2026-05-15 15:52:34]   [000012.SZ] [##################--] 83/90 chunks  rows=6604
[2026-05-15 15:52:35]   [000012.SZ] [##################--] 84/90 chunks  rows=6688
[2026-05-15 15:52:35]   [000012.SZ] [##################--] 85/90 chunks  rows=6776
[2026-05-15 15:52:35]   [000012.SZ] [###################-] 86/90 chunks  rows=6856
[2026-05-15 15:52:35]   [000012.SZ] [###################-] 87/90 chunks  rows=6940
[2026-05-15 15:52:35]   [000012.SZ] [###################-] 88/90 chunks  rows=7024
[2026-05-15 15:52:35]   [000012.SZ] [###################-] 89/90 chunks  rows=7072
[2026-05-15 15:52:35]   [000012.SZ] [####################] 90/90 chunks  rows=7132
[2026-05-15 15:52:35] [history_60min] [------------------------------]   0.1%  4/3306  ETA 510.5m  last:000012.SZ 7132r/11.8s  tok:-1/280
[2026-05-15 15:52:36]   [000014.SZ] [--------------------] 1/90 chunks  rows=68
[2026-05-15 15:52:36]   [000014.SZ] [--------------------] 2/90 chunks  rows=144
[2026-05-15 15:52:36]   [000014.SZ] [--------------------] 3/90 chunks  rows=224
[2026-05-15 15:52:36]   [000014.SZ] [--------------------] 4/90 chunks  rows=304
[2026-05-15 15:52:36]   [000014.SZ] [#-------------------] 5/90 chunks  rows=388
[2026-05-15 15:52:36]   [000014.SZ] [#-------------------] 6/90 chunks  rows=472
[2026-05-15 15:52:36]   [000014.SZ] [#-------------------] 7/90 chunks  rows=556
[2026-05-15 15:52:37]   [000014.SZ] [#-------------------] 8/90 chunks  rows=616
[2026-05-15 15:52:37]   [000014.SZ] [##------------------] 9/90 chunks  rows=692
[2026-05-15 15:52:37]   [000014.SZ] [##------------------] 10/90 chunks  rows=780
[2026-05-15 15:52:37]   [000014.SZ] [##------------------] 11/90 chunks  rows=864
[2026-05-15 15:52:37]   [000014.SZ] [##------------------] 12/90 chunks  rows=952
[2026-05-15 15:52:37]   [000014.SZ] [##------------------] 13/90 chunks  rows=1040
[2026-05-15 15:52:37]   [000014.SZ] [###-----------------] 14/90 chunks  rows=1104
[2026-05-15 15:52:37]   [000014.SZ] [###-----------------] 15/90 chunks  rows=1188
[2026-05-15 15:52:38]   [000014.SZ] [###-----------------] 16/90 chunks  rows=1276
[2026-05-15 15:52:38]   [000014.SZ] [###-----------------] 17/90 chunks  rows=1344
[2026-05-15 15:52:38]   [000014.SZ] [####----------------] 18/90 chunks  rows=1428
[2026-05-15 15:52:38]   [000014.SZ] [####----------------] 19/90 chunks  rows=1508
[2026-05-15 15:52:39]   [000014.SZ] [####----------------] 20/90 chunks  rows=1596
[2026-05-15 15:52:39]   [000014.SZ] [####----------------] 21/90 chunks  rows=1680
[2026-05-15 15:52:39]   [000014.SZ] [####----------------] 22/90 chunks  rows=1760
[2026-05-15 15:52:39]   [000014.SZ] [#####---------------] 23/90 chunks  rows=1824
[2026-05-15 15:52:39]   [000014.SZ] [#####---------------] 24/90 chunks  rows=1892
[2026-05-15 15:52:39]   [000014.SZ] [#####---------------] 25/90 chunks  rows=1972
[2026-05-15 15:52:39]   [000014.SZ] [#####---------------] 26/90 chunks  rows=2060
[2026-05-15 15:52:40]   [000014.SZ] [######--------------] 27/90 chunks  rows=2144
[2026-05-15 15:52:40]   [000014.SZ] [######--------------] 28/90 chunks  rows=2220
[2026-05-15 15:52:40]   [000014.SZ] [######--------------] 29/90 chunks  rows=2304
[2026-05-15 15:52:40]   [000014.SZ] [######--------------] 30/90 chunks  rows=2388
[2026-05-15 15:52:40]   [000014.SZ] [######--------------] 31/90 chunks  rows=2468
[2026-05-15 15:52:40]   [000014.SZ] [#######-------------] 32/90 chunks  rows=2556
[2026-05-15 15:52:40]   [000014.SZ] [#######-------------] 33/90 chunks  rows=2612
[2026-05-15 15:52:41]   [000014.SZ] [#######-------------] 34/90 chunks  rows=2696
[2026-05-15 15:52:41]   [000014.SZ] [#######-------------] 35/90 chunks  rows=2780
[2026-05-15 15:52:41]   [000014.SZ] [########------------] 36/90 chunks  rows=2868
[2026-05-15 15:52:41]   [000014.SZ] [########------------] 37/90 chunks  rows=2928
[2026-05-15 15:52:41]   [000014.SZ] [########------------] 38/90 chunks  rows=3016
[2026-05-15 15:52:41]   [retry 1/3] API Error: code=429, msg=请求过于频繁
[2026-05-15 15:52:41]   [retry 1/3] API Error: code=429, msg=请求过于频繁
[2026-05-15 15:52:41]   [retry 1/3] API Error: code=429, msg=请求过于频繁
[2026-05-15 15:52:56]   [retry 2/3] API Error: code=429, msg=请求过于频繁
[2026-05-15 15:52:56]   [retry 2/3] API Error: code=429, msg=请求过于频繁
[2026-05-15 15:52:56]   [retry 2/3] API Error: code=429, msg=请求过于频繁
[2026-05-15 15:53:27]   [000014.SZ] [########------------] 39/90 chunks  rows=3088
[2026-05-15 15:53:27]   [000014.SZ] [########------------] 40/90 chunks  rows=3176
[2026-05-15 15:53:27]   [000014.SZ] [#########-----------] 41/90 chunks  rows=3256
[2026-05-15 15:53:27]   [000014.SZ] [#########-----------] 42/90 chunks  rows=3344
[2026-05-15 15:53:27]   [000014.SZ] [#########-----------] 43/90 chunks  rows=3432
[2026-05-15 15:53:27]   [000014.SZ] [#########-----------] 44/90 chunks  rows=3512
[2026-05-15 15:53:27]   [000014.SZ] [##########----------] 45/90 chunks  rows=3592
[2026-05-15 15:53:27]   [000014.SZ] [##########----------] 46/90 chunks  rows=3656
[2026-05-15 15:53:27]   [000014.SZ] [##########----------] 47/90 chunks  rows=3744
[2026-05-15 15:53:27]   [000014.SZ] [##########----------] 48/90 chunks  rows=3828
[2026-05-15 15:53:27]   [000014.SZ] [##########----------] 49/90 chunks  rows=3908
[2026-05-15 15:53:28]   [000014.SZ] [###########---------] 50/90 chunks  rows=3996
[2026-05-15 15:53:28]   [000014.SZ] [###########---------] 51/90 chunks  rows=4072
[2026-05-15 15:53:28]   [000014.SZ] [###########---------] 52/90 chunks  rows=4140
[2026-05-15 15:53:28]   [000014.SZ] [###########---------] 53/90 chunks  rows=4216
[2026-05-15 15:53:29]   [000014.SZ] [############--------] 54/90 chunks  rows=4292
[2026-05-15 15:53:29]   [000014.SZ] [############--------] 55/90 chunks  rows=4376
[2026-05-15 15:53:29]   [000014.SZ] [############--------] 56/90 chunks  rows=4464
[2026-05-15 15:53:29]   [000014.SZ] [############--------] 57/90 chunks  rows=4528
[2026-05-15 15:53:29]   [000014.SZ] [############--------] 58/90 chunks  rows=4616
[2026-05-15 15:53:29]   [000014.SZ] [#############-------] 59/90 chunks  rows=4696
[2026-05-15 15:53:29]   [000014.SZ] [#############-------] 60/90 chunks  rows=4780
[2026-05-15 15:53:29]   [000014.SZ] [#############-------] 61/90 chunks  rows=4868
[2026-05-15 15:53:29]   [000014.SZ] [#############-------] 62/90 chunks  rows=4928
[2026-05-15 15:53:29]   [000014.SZ] [##############------] 63/90 chunks  rows=5012
[2026-05-15 15:53:29]   [000014.SZ] [##############------] 64/90 chunks  rows=5100
[2026-05-15 15:53:30]   [000014.SZ] [##############------] 65/90 chunks  rows=5180
[2026-05-15 15:53:30]   [000014.SZ] [##############------] 66/90 chunks  rows=5264
[2026-05-15 15:53:30]   [000014.SZ] [##############------] 67/90 chunks  rows=5352
[2026-05-15 15:53:30]   [000014.SZ] [###############-----] 68/90 chunks  rows=5436
[2026-05-15 15:53:30]   [000014.SZ] [###############-----] 69/90 chunks  rows=5512
[2026-05-15 15:53:30]   [000014.SZ] [###############-----] 70/90 chunks  rows=5580
[2026-05-15 15:53:30]   [000014.SZ] [###############-----] 71/90 chunks  rows=5668
[2026-05-15 15:53:31]   [000014.SZ] [################----] 72/90 chunks  rows=5748
[2026-05-15 15:53:31]   [000014.SZ] [################----] 73/90 chunks  rows=5816
[2026-05-15 15:53:31]   [000014.SZ] [################----] 74/90 chunks  rows=5884
[2026-05-15 15:53:31]   [000014.SZ] [################----] 75/90 chunks  rows=5968
[2026-05-15 15:53:31]   [000014.SZ] [################----] 76/90 chunks  rows=6048
[2026-05-15 15:53:31]   [000014.SZ] [#################---] 77/90 chunks  rows=6128
[2026-05-15 15:53:31]   [000014.SZ] [#################---] 78/90 chunks  rows=6212
[2026-05-15 15:53:31]   [000014.SZ] [#################---] 79/90 chunks  rows=6300
[2026-05-15 15:53:31]   [000014.SZ] [#################---] 80/90 chunks  rows=6380
[2026-05-15 15:53:32]   [000014.SZ] [##################--] 81/90 chunks  rows=6468
[2026-05-15 15:53:32]   [000014.SZ] [##################--] 82/90 chunks  rows=6528
[2026-05-15 15:53:32]   [000014.SZ] [##################--] 83/90 chunks  rows=6612
[2026-05-15 15:53:32]   [000014.SZ] [##################--] 84/90 chunks  rows=6688
[2026-05-15 15:53:32]   [000014.SZ] [##################--] 85/90 chunks  rows=6776
[2026-05-15 15:53:32]   [000014.SZ] [###################-] 86/90 chunks  rows=6856
[2026-05-15 15:53:32]   [000014.SZ] [###################-] 87/90 chunks  rows=6916
[2026-05-15 15:53:32]   [000014.SZ] [###################-] 88/90 chunks  rows=7000
[2026-05-15 15:53:32]   [000014.SZ] [###################-] 89/90 chunks  rows=7048
[2026-05-15 15:53:32]   [000014.SZ] [####################] 90/90 chunks  rows=7132
[2026-05-15 15:53:32] [history_60min] [------------------------------]   0.2%  5/3306  ETA 773.9m  last:000014.SZ 7132r/57.2s  tok:184/280
[2026-05-15 15:53:33]   [000017.SZ] [--------------------] 1/90 chunks  rows=68
[2026-05-15 15:53:33]   [000017.SZ] [--------------------] 2/90 chunks  rows=148
[2026-05-15 15:53:33]   [000017.SZ] [--------------------] 3/90 chunks  rows=224
[2026-05-15 15:53:33]   [000017.SZ] [--------------------] 4/90 chunks  rows=308
[2026-05-15 15:53:33]   [000017.SZ] [#-------------------] 5/90 chunks  rows=388
[2026-05-15 15:53:33]   [000017.SZ] [#-------------------] 6/90 chunks  rows=472
[2026-05-15 15:53:33]   [000017.SZ] [#-------------------] 7/90 chunks  rows=560
[2026-05-15 15:53:33]   [000017.SZ] [#-------------------] 8/90 chunks  rows=644
[2026-05-15 15:53:33]   [000017.SZ] [##------------------] 9/90 chunks  rows=728
[2026-05-15 15:53:34]   [000017.SZ] [##------------------] 10/90 chunks  rows=788
[2026-05-15 15:53:34]   [000017.SZ] [##------------------] 11/90 chunks  rows=852
[2026-05-15 15:53:34]   [000017.SZ] [##------------------] 12/90 chunks  rows=940
[2026-05-15 15:53:34]   [000017.SZ] [##------------------] 13/90 chunks  rows=1016
[2026-05-15 15:53:34]   [000017.SZ] [###-----------------] 14/90 chunks  rows=1104
[2026-05-15 15:53:34]   [000017.SZ] [###-----------------] 15/90 chunks  rows=1188
[2026-05-15 15:53:34]   [000017.SZ] [###-----------------] 16/90 chunks  rows=1252
[2026-05-15 15:53:34]   [000017.SZ] [###-----------------] 17/90 chunks  rows=1340
[2026-05-15 15:53:35]   [000017.SZ] [####----------------] 18/90 chunks  rows=1424
[2026-05-15 15:53:35]   [000017.SZ] [####----------------] 19/90 chunks  rows=1512
[2026-05-15 15:53:35]   [000017.SZ] [####----------------] 20/90 chunks  rows=1576
[2026-05-15 15:53:35]   [000017.SZ] [####----------------] 21/90 chunks  rows=1660
[2026-05-15 15:53:35]   [000017.SZ] [####----------------] 22/90 chunks  rows=1740
[2026-05-15 15:53:36]   [000017.SZ] [#####---------------] 23/90 chunks  rows=1824
[2026-05-15 15:53:36]   [000017.SZ] [#####---------------] 24/90 chunks  rows=1904
[2026-05-15 15:53:36]   [000017.SZ] [#####---------------] 25/90 chunks  rows=1972
[2026-05-15 15:53:36]   [000017.SZ] [#####---------------] 26/90 chunks  rows=2060
[2026-05-15 15:53:36]   [000017.SZ] [######--------------] 27/90 chunks  rows=2144
[2026-05-15 15:53:36]   [000017.SZ] [######--------------] 28/90 chunks  rows=2224
[2026-05-15 15:53:36]   [000017.SZ] [######--------------] 29/90 chunks  rows=2300
[2026-05-15 15:53:36]   [000017.SZ] [######--------------] 30/90 chunks  rows=2384
[2026-05-15 15:53:36]   [000017.SZ] [######--------------] 31/90 chunks  rows=2460
[2026-05-15 15:53:36]   [000017.SZ] [#######-------------] 32/90 chunks  rows=2548
[2026-05-15 15:53:37]   [000017.SZ] [#######-------------] 33/90 chunks  rows=2636
[2026-05-15 15:53:37]   [000017.SZ] [#######-------------] 34/90 chunks  rows=2692
[2026-05-15 15:53:37]   [000017.SZ] [#######-------------] 35/90 chunks  rows=2780
[2026-05-15 15:53:37]   [000017.SZ] [########------------] 36/90 chunks  rows=2864
[2026-05-15 15:53:37]   [000017.SZ] [########------------] 37/90 chunks  rows=2924
[2026-05-15 15:53:37]   [000017.SZ] [########------------] 38/90 chunks  rows=3012
[2026-05-15 15:53:37]   [000017.SZ] [########------------] 39/90 chunks  rows=3092
[2026-05-15 15:53:37]   [000017.SZ] [########------------] 40/90 chunks  rows=3176
[2026-05-15 15:53:38]   [000017.SZ] [#########-----------] 41/90 chunks  rows=3248
[2026-05-15 15:53:38]   [000017.SZ] [#########-----------] 42/90 chunks  rows=3328
[2026-05-15 15:53:38]   [000017.SZ] [#########-----------] 43/90 chunks  rows=3416
[2026-05-15 15:53:38]   [000017.SZ] [#########-----------] 44/90 chunks  rows=3504
[2026-05-15 15:53:38]   [000017.SZ] [##########----------] 45/90 chunks  rows=3584
[2026-05-15 15:53:38]   [000017.SZ] [##########----------] 46/90 chunks  rows=3648
[2026-05-15 15:53:39]   [000017.SZ] [##########----------] 47/90 chunks  rows=3736
[2026-05-15 15:53:39]   [000017.SZ] [##########----------] 48/90 chunks  rows=3816
[2026-05-15 15:53:39]   [000017.SZ] [##########----------] 49/90 chunks  rows=3884
[2026-05-15 15:53:39]   [000017.SZ] [###########---------] 50/90 chunks  rows=3972
[2026-05-15 15:53:39]   [000017.SZ] [###########---------] 51/90 chunks  rows=4048
[2026-05-15 15:53:39]   [000017.SZ] [###########---------] 52/90 chunks  rows=4124
[2026-05-15 15:53:39]   [000017.SZ] [###########---------] 53/90 chunks  rows=4212
[2026-05-15 15:53:40]   [000017.SZ] [############--------] 54/90 chunks  rows=4296
[2026-05-15 15:53:40]   [000017.SZ] [############--------] 55/90 chunks  rows=4372
[2026-05-15 15:53:40]   [000017.SZ] [############--------] 56/90 chunks  rows=4460
[2026-05-15 15:53:40]   [000017.SZ] [############--------] 57/90 chunks  rows=4524
[2026-05-15 15:53:40]   [000017.SZ] [############--------] 58/90 chunks  rows=4604
[2026-05-15 15:53:40]   [000017.SZ] [#############-------] 59/90 chunks  rows=4692
[2026-05-15 15:53:40]   [000017.SZ] [#############-------] 60/90 chunks  rows=4776
[2026-05-15 15:53:41]   [000017.SZ] [#############-------] 61/90 chunks  rows=4860
[2026-05-15 15:53:41]   [000017.SZ] [#############-------] 62/90 chunks  rows=4920
[2026-05-15 15:53:41]   [000017.SZ] [##############------] 63/90 chunks  rows=5004
[2026-05-15 15:53:41]   [000017.SZ] [##############------] 64/90 chunks  rows=5092
[2026-05-15 15:53:41]   [000017.SZ] [##############------] 65/90 chunks  rows=5160
[2026-05-15 15:53:41]   [000017.SZ] [##############------] 66/90 chunks  rows=5240
[2026-05-15 15:53:41]   [000017.SZ] [##############------] 67/90 chunks  rows=5324
[2026-05-15 15:53:41]   [000017.SZ] [###############-----] 68/90 chunks  rows=5412
[2026-05-15 15:53:41]   [000017.SZ] [###############-----] 69/90 chunks  rows=5496
[2026-05-15 15:53:41]   [000017.SZ] [###############-----] 70/90 chunks  rows=5572
[2026-05-15 15:53:41]   [000017.SZ] [###############-----] 71/90 chunks  rows=5640
[2026-05-15 15:53:42]   [000017.SZ] [################----] 72/90 chunks  rows=5728
[2026-05-15 15:53:42]   [000017.SZ] [################----] 73/90 chunks  rows=5808
[2026-05-15 15:53:42]   [000017.SZ] [################----] 74/90 chunks  rows=5888
[2026-05-15 15:53:42]   [000017.SZ] [################----] 75/90 chunks  rows=5972
[2026-05-15 15:53:42]   [000017.SZ] [################----] 76/90 chunks  rows=6040
[2026-05-15 15:53:42]   [000017.SZ] [#################---] 77/90 chunks  rows=6120
[2026-05-15 15:53:42]   [000017.SZ] [#################---] 78/90 chunks  rows=6196
[2026-05-15 15:53:42]   [000017.SZ] [#################---] 79/90 chunks  rows=6280
[2026-05-15 15:53:42]   [000017.SZ] [#################---] 80/90 chunks  rows=6360
[2026-05-15 15:53:42]   [000017.SZ] [##################--] 81/90 chunks  rows=6448
[2026-05-15 15:53:42]   [000017.SZ] [##################--] 82/90 chunks  rows=6536
[2026-05-15 15:53:42]   [000017.SZ] [##################--] 83/90 chunks  rows=6596
[2026-05-15 15:53:43]   [000017.SZ] [##################--] 84/90 chunks  rows=6684
[2026-05-15 15:53:43]   [000017.SZ] [##################--] 85/90 chunks  rows=6768
[2026-05-15 15:53:43]   [000017.SZ] [###################-] 86/90 chunks  rows=6848
[2026-05-15 15:53:43]   [000017.SZ] [###################-] 87/90 chunks  rows=6908
[2026-05-15 15:53:43]   [000017.SZ] [###################-] 88/90 chunks  rows=6992
[2026-05-15 15:53:43]   [000017.SZ] [###################-] 89/90 chunks  rows=7076
[2026-05-15 15:53:44]   [000017.SZ] [####################] 90/90 chunks  rows=7124
[2026-05-15 15:53:44] [history_60min] [------------------------------]   0.2%  6/3306  ETA 758.1m  last:000017.SZ 7124r/11.2s  tok:146/280
[2026-05-15 15:53:44]   [000019.SZ] [--------------------] 1/90 chunks  rows=84
[2026-05-15 15:53:44]   [000019.SZ] [--------------------] 2/90 chunks  rows=164
[2026-05-15 15:53:44]   [000019.SZ] [--------------------] 3/90 chunks  rows=232
[2026-05-15 15:53:44]   [000019.SZ] [--------------------] 4/90 chunks  rows=316
[2026-05-15 15:53:44]   [000019.SZ] [#-------------------] 5/90 chunks  rows=392
[2026-05-15 15:53:44]   [000019.SZ] [#-------------------] 6/90 chunks  rows=472
[2026-05-15 15:53:44]   [000019.SZ] [#-------------------] 7/90 chunks  rows=556
[2026-05-15 15:53:44]   [000019.SZ] [#-------------------] 8/90 chunks  rows=644
[2026-05-15 15:53:45]   [000019.SZ] [##------------------] 9/90 chunks  rows=728
[2026-05-15 15:53:45]   [000019.SZ] [##------------------] 10/90 chunks  rows=788
[2026-05-15 15:53:45]   [000019.SZ] [##------------------] 11/90 chunks  rows=876
[2026-05-15 15:53:45]   [000019.SZ] [##------------------] 12/90 chunks  rows=964
[2026-05-15 15:53:45]   [000019.SZ] [##------------------] 13/90 chunks  rows=1040
[2026-05-15 15:53:45]   [000019.SZ] [###-----------------] 14/90 chunks  rows=1128
[2026-05-15 15:53:45]   [000019.SZ] [###-----------------] 15/90 chunks  rows=1212
[2026-05-15 15:53:45]   [000019.SZ] [###-----------------] 16/90 chunks  rows=1280
[2026-05-15 15:53:45]   [000019.SZ] [###-----------------] 17/90 chunks  rows=1368
[2026-05-15 15:53:45]   [000019.SZ] [####----------------] 18/90 chunks  rows=1448
[2026-05-15 15:53:46]   [000019.SZ] [####----------------] 19/90 chunks  rows=1532
[2026-05-15 15:53:46]   [000019.SZ] [####----------------] 20/90 chunks  rows=1616
[2026-05-15 15:53:46]   [000019.SZ] [####----------------] 21/90 chunks  rows=1680
[2026-05-15 15:53:46]   [000019.SZ] [####----------------] 22/90 chunks  rows=1760
[2026-05-15 15:53:46]   [000019.SZ] [#####---------------] 23/90 chunks  rows=1848
[2026-05-15 15:53:46]   [000019.SZ] [#####---------------] 24/90 chunks  rows=1916
[2026-05-15 15:53:46]   [000019.SZ] [#####---------------] 25/90 chunks  rows=2000
[2026-05-15 15:53:46]   [000019.SZ] [#####---------------] 26/90 chunks  rows=2064
[2026-05-15 15:53:46]   [000019.SZ] [######--------------] 27/90 chunks  rows=2148
[2026-05-15 15:53:46]   [000019.SZ] [######--------------] 28/90 chunks  rows=2228
[2026-05-15 15:53:47]   [000019.SZ] [######--------------] 29/90 chunks  rows=2304
[2026-05-15 15:53:47]   [000019.SZ] [######--------------] 30/90 chunks  rows=2388
[2026-05-15 15:53:47]   [000019.SZ] [######--------------] 31/90 chunks  rows=2476
[2026-05-15 15:53:47]   [000019.SZ] [#######-------------] 32/90 chunks  rows=2564
[2026-05-15 15:53:47]   [000019.SZ] [#######-------------] 33/90 chunks  rows=2648
[2026-05-15 15:53:47]   [000019.SZ] [#######-------------] 34/90 chunks  rows=2736
[2026-05-15 15:53:47]   [000019.SZ] [#######-------------] 35/90 chunks  rows=2816
[2026-05-15 15:53:48]   [000019.SZ] [########------------] 36/90 chunks  rows=2872
[2026-05-15 15:53:48]   [000019.SZ] [########------------] 37/90 chunks  rows=2932
[2026-05-15 15:53:48]   [000019.SZ] [########------------] 38/90 chunks  rows=3020
[2026-05-15 15:53:48]   [000019.SZ] [########------------] 39/90 chunks  rows=3100
[2026-05-15 15:53:48]   [000019.SZ] [########------------] 40/90 chunks  rows=3172
[2026-05-15 15:53:48]   [000019.SZ] [#########-----------] 41/90 chunks  rows=3252
[2026-05-15 15:53:48]   [000019.SZ] [#########-----------] 42/90 chunks  rows=3340
[2026-05-15 15:53:48]   [000019.SZ] [#########-----------] 43/90 chunks  rows=3428
[2026-05-15 15:53:48]   [000019.SZ] [#########-----------] 44/90 chunks  rows=3512
[2026-05-15 15:53:49]   [000019.SZ] [##########----------] 45/90 chunks  rows=3576
[2026-05-15 15:53:49]   [000019.SZ] [##########----------] 46/90 chunks  rows=3656
[2026-05-15 15:53:49]   [000019.SZ] [##########----------] 47/90 chunks  rows=3740
[2026-05-15 15:53:50]   [000019.SZ] [##########----------] 48/90 chunks  rows=3820
[2026-05-15 15:53:50]   [000019.SZ] [##########----------] 49/90 chunks  rows=3888
[2026-05-15 15:53:50]   [000019.SZ] [###########---------] 50/90 chunks  rows=3976
[2026-05-15 15:53:50]   [000019.SZ] [###########---------] 51/90 chunks  rows=4064
[2026-05-15 15:53:50]   [000019.SZ] [###########---------] 52/90 chunks  rows=4140
[2026-05-15 15:53:50]   [000019.SZ] [###########---------] 53/90 chunks  rows=4216
[2026-05-15 15:53:50]   [000019.SZ] [############--------] 54/90 chunks  rows=4304
[2026-05-15 15:53:50]   [000019.SZ] [############--------] 55/90 chunks  rows=4380
[2026-05-15 15:53:50]   [000019.SZ] [############--------] 56/90 chunks  rows=4464
[2026-05-15 15:53:51]   [000019.SZ] [############--------] 57/90 chunks  rows=4552
[2026-05-15 15:53:51]   [000019.SZ] [############--------] 58/90 chunks  rows=4616
[2026-05-15 15:53:51]   [000019.SZ] [#############-------] 59/90 chunks  rows=4696
[2026-05-15 15:53:51]   [000019.SZ] [#############-------] 60/90 chunks  rows=4780
[2026-05-15 15:53:51]   [000019.SZ] [#############-------] 61/90 chunks  rows=4864
[2026-05-15 15:53:51]   [000019.SZ] [#############-------] 62/90 chunks  rows=4924
[2026-05-15 15:53:51]   [000019.SZ] [##############------] 63/90 chunks  rows=5012
[2026-05-15 15:53:51]   [000019.SZ] [##############------] 64/90 chunks  rows=5080
[2026-05-15 15:53:51]   [000019.SZ] [##############------] 65/90 chunks  rows=5160
[2026-05-15 15:53:52]   [000019.SZ] [##############------] 66/90 chunks  rows=5244
[2026-05-15 15:53:52]   [000019.SZ] [##############------] 67/90 chunks  rows=5332
[2026-05-15 15:53:52]   [000019.SZ] [###############-----] 68/90 chunks  rows=5420
[2026-05-15 15:53:52]   [000019.SZ] [###############-----] 69/90 chunks  rows=5504
[2026-05-15 15:53:52]   [000019.SZ] [###############-----] 70/90 chunks  rows=5580
[2026-05-15 15:53:52]   [000019.SZ] [###############-----] 71/90 chunks  rows=5648
[2026-05-15 15:53:52]   [000019.SZ] [################----] 72/90 chunks  rows=5728
[2026-05-15 15:53:52]   [000019.SZ] [################----] 73/90 chunks  rows=5816
[2026-05-15 15:53:52]   [000019.SZ] [################----] 74/90 chunks  rows=5896
[2026-05-15 15:53:52]   [000019.SZ] [################----] 75/90 chunks  rows=5964
[2026-05-15 15:53:52]   [000019.SZ] [################----] 76/90 chunks  rows=6048
[2026-05-15 15:53:52]   [000019.SZ] [#################---] 77/90 chunks  rows=6128
[2026-05-15 15:53:52]   [000019.SZ] [#################---] 78/90 chunks  rows=6204
[2026-05-15 15:53:52]   [000019.SZ] [#################---] 79/90 chunks  rows=6288
[2026-05-15 15:53:53]   [000019.SZ] [#################---] 80/90 chunks  rows=6368
[2026-05-15 15:53:53]   [000019.SZ] [##################--] 81/90 chunks  rows=6456
[2026-05-15 15:53:53]   [000019.SZ] [##################--] 82/90 chunks  rows=6544
[2026-05-15 15:53:53]   [000019.SZ] [##################--] 83/90 chunks  rows=6604
[2026-05-15 15:53:53]   [000019.SZ] [##################--] 84/90 chunks  rows=6688
[2026-05-15 15:53:53]   [000019.SZ] [##################--] 85/90 chunks  rows=6776
[2026-05-15 15:53:53]   [000019.SZ] [###################-] 86/90 chunks  rows=6836
[2026-05-15 15:53:53]   [000019.SZ] [###################-] 87/90 chunks  rows=6920
[2026-05-15 15:53:53]   [000019.SZ] [###################-] 88/90 chunks  rows=7004
[2026-05-15 15:53:53]   [000019.SZ] [###################-] 89/90 chunks  rows=7052
[2026-05-15 15:53:54]   [000019.SZ] [####################] 90/90 chunks  rows=7132
[2026-05-15 15:53:54] [history_60min] [------------------------------]   0.2%  7/3306  ETA 739.0m  last:000019.SZ 7132r/10.4s  tok:105/280
[2026-05-15 15:53:54]   [000020.SZ] [--------------------] 1/90 chunks  rows=80
[2026-05-15 15:53:54]   [000020.SZ] [--------------------] 2/90 chunks  rows=148
[2026-05-15 15:53:54]   [000020.SZ] [--------------------] 3/90 chunks  rows=232
[2026-05-15 15:53:54]   [000020.SZ] [--------------------] 4/90 chunks  rows=316
[2026-05-15 15:53:54]   [000020.SZ] [#-------------------] 5/90 chunks  rows=392
[2026-05-15 15:53:54]   [000020.SZ] [#-------------------] 6/90 chunks  rows=472
[2026-05-15 15:53:55]   [000020.SZ] [#-------------------] 7/90 chunks  rows=560
[2026-05-15 15:53:55]   [000020.SZ] [#-------------------] 8/90 chunks  rows=644
[2026-05-15 15:53:55]   [000020.SZ] [##------------------] 9/90 chunks  rows=728
[2026-05-15 15:53:55]   [000020.SZ] [##------------------] 10/90 chunks  rows=788
[2026-05-15 15:53:55]   [000020.SZ] [##------------------] 11/90 chunks  rows=876
[2026-05-15 15:53:55]   [000020.SZ] [##------------------] 12/90 chunks  rows=964
[2026-05-15 15:53:55]   [000020.SZ] [##------------------] 13/90 chunks  rows=1028
[2026-05-15 15:53:55]   [000020.SZ] [###-----------------] 14/90 chunks  rows=1116
[2026-05-15 15:53:55]   [000020.SZ] [###-----------------] 15/90 chunks  rows=1192
[2026-05-15 15:53:55]   [000020.SZ] [###-----------------] 16/90 chunks  rows=1260
[2026-05-15 15:53:55]   [000020.SZ] [###-----------------] 17/90 chunks  rows=1344
[2026-05-15 15:53:55]   [000020.SZ] [####----------------] 18/90 chunks  rows=1432
[2026-05-15 15:53:56]   [000020.SZ] [####----------------] 19/90 chunks  rows=1512
[2026-05-15 15:53:56]   [000020.SZ] [####----------------] 20/90 chunks  rows=1596
[2026-05-15 15:53:56]   [000020.SZ] [####----------------] 21/90 chunks  rows=1680
[2026-05-15 15:53:56]   [000020.SZ] [####----------------] 22/90 chunks  rows=1744
[2026-05-15 15:53:56]   [000020.SZ] [#####---------------] 23/90 chunks  rows=1828
[2026-05-15 15:53:56]   [000020.SZ] [#####---------------] 24/90 chunks  rows=1896
[2026-05-15 15:53:56]   [000020.SZ] [#####---------------] 25/90 chunks  rows=1984
[2026-05-15 15:53:56]   [000020.SZ] [#####---------------] 26/90 chunks  rows=2064
[2026-05-15 15:53:56]   [000020.SZ] [######--------------] 27/90 chunks  rows=2148
[2026-05-15 15:53:56]   [000020.SZ] [######--------------] 28/90 chunks  rows=2224
[2026-05-15 15:53:56]   [000020.SZ] [######--------------] 29/90 chunks  rows=2304
[2026-05-15 15:53:57]   [000020.SZ] [######--------------] 30/90 chunks  rows=2384
[2026-05-15 15:53:57]   [000020.SZ] [######--------------] 31/90 chunks  rows=2468
[2026-05-15 15:53:57]   [000020.SZ] [#######-------------] 32/90 chunks  rows=2556
[2026-05-15 15:53:57]   [000020.SZ] [#######-------------] 33/90 chunks  rows=2644
[2026-05-15 15:53:57]   [000020.SZ] [#######-------------] 34/90 chunks  rows=2700
[2026-05-15 15:53:57]   [000020.SZ] [#######-------------] 35/90 chunks  rows=2784
[2026-05-15 15:53:57]   [000020.SZ] [########------------] 36/90 chunks  rows=2872
[2026-05-15 15:53:57]   [000020.SZ] [########------------] 37/90 chunks  rows=2956
[2026-05-15 15:53:57]   [000020.SZ] [########------------] 38/90 chunks  rows=3016
[2026-05-15 15:53:57]   [000020.SZ] [########------------] 39/90 chunks  rows=3104
[2026-05-15 15:53:57]   [000020.SZ] [########------------] 40/90 chunks  rows=3184
[2026-05-15 15:53:57]   [000020.SZ] [#########-----------] 41/90 chunks  rows=3256
[2026-05-15 15:53:58]   [000020.SZ] [#########-----------] 42/90 chunks  rows=3336
[2026-05-15 15:53:58]   [000020.SZ] [#########-----------] 43/90 chunks  rows=3424
[2026-05-15 15:53:58]   [000020.SZ] [#########-----------] 44/90 chunks  rows=3512
[2026-05-15 15:53:58]   [000020.SZ] [##########----------] 45/90 chunks  rows=3592
[2026-05-15 15:53:58]   [000020.SZ] [##########----------] 46/90 chunks  rows=3656
[2026-05-15 15:53:58]   [000020.SZ] [##########----------] 47/90 chunks  rows=3744
[2026-05-15 15:53:58]   [000020.SZ] [##########----------] 48/90 chunks  rows=3828
[2026-05-15 15:53:58]   [000020.SZ] [##########----------] 49/90 chunks  rows=3908
[2026-05-15 15:53:58]   [000020.SZ] [###########---------] 50/90 chunks  rows=3976
[2026-05-15 15:53:58]   [000020.SZ] [###########---------] 51/90 chunks  rows=4064
[2026-05-15 15:53:58]   [000020.SZ] [###########---------] 52/90 chunks  rows=4140
[2026-05-15 15:53:59]   [000020.SZ] [###########---------] 53/90 chunks  rows=4216
[2026-05-15 15:53:59]   [000020.SZ] [############--------] 54/90 chunks  rows=4304
[2026-05-15 15:53:59]   [000020.SZ] [############--------] 55/90 chunks  rows=4380
[2026-05-15 15:53:59]   [000020.SZ] [############--------] 56/90 chunks  rows=4464
[2026-05-15 15:53:59]   [000020.SZ] [############--------] 57/90 chunks  rows=4528
[2026-05-15 15:53:59]   [000020.SZ] [############--------] 58/90 chunks  rows=4616
[2026-05-15 15:53:59]   [000020.SZ] [#############-------] 59/90 chunks  rows=4696
[2026-05-15 15:53:59]   [000020.SZ] [#############-------] 60/90 chunks  rows=4784
[2026-05-15 15:53:59]   [000020.SZ] [#############-------] 61/90 chunks  rows=4868
[2026-05-15 15:53:59]   [000020.SZ] [#############-------] 62/90 chunks  rows=4952
[2026-05-15 15:53:59]   [000020.SZ] [##############------] 63/90 chunks  rows=5012
[2026-05-15 15:53:59]   [000020.SZ] [##############------] 64/90 chunks  rows=5100
[2026-05-15 15:53:59]   [000020.SZ] [##############------] 65/90 chunks  rows=5168
[2026-05-15 15:54:00]   [000020.SZ] [##############------] 66/90 chunks  rows=5248
[2026-05-15 15:54:00]   [000020.SZ] [##############------] 67/90 chunks  rows=5332
[2026-05-15 15:54:00]   [000020.SZ] [###############-----] 68/90 chunks  rows=5420
[2026-05-15 15:54:00]   [000020.SZ] [###############-----] 69/90 chunks  rows=5504
[2026-05-15 15:54:00]   [000020.SZ] [###############-----] 70/90 chunks  rows=5580
[2026-05-15 15:54:00]   [000020.SZ] [###############-----] 71/90 chunks  rows=5668
[2026-05-15 15:54:00]   [000020.SZ] [################----] 72/90 chunks  rows=5736
[2026-05-15 15:54:00]   [000020.SZ] [################----] 73/90 chunks  rows=5816
[2026-05-15 15:54:00]   [000020.SZ] [################----] 74/90 chunks  rows=5884
[2026-05-15 15:54:01]   [000020.SZ] [################----] 75/90 chunks  rows=5964
[2026-05-15 15:54:01]   [000020.SZ] [################----] 76/90 chunks  rows=6048
[2026-05-15 15:54:01]   [000020.SZ] [#################---] 77/90 chunks  rows=6124
[2026-05-15 15:54:01]   [000020.SZ] [#################---] 78/90 chunks  rows=6208
[2026-05-15 15:54:01]   [000020.SZ] [#################---] 79/90 chunks  rows=6288
[2026-05-15 15:54:01]   [000020.SZ] [#################---] 80/90 chunks  rows=6376
[2026-05-15 15:54:02]   [000020.SZ] [##################--] 81/90 chunks  rows=6464
[2026-05-15 15:54:02]   [000020.SZ] [##################--] 82/90 chunks  rows=6524
[2026-05-15 15:54:02]   [000020.SZ] [##################--] 83/90 chunks  rows=6608
[2026-05-15 15:54:02]   [000020.SZ] [##################--] 84/90 chunks  rows=6688
[2026-05-15 15:54:02]   [000020.SZ] [##################--] 85/90 chunks  rows=6748
[2026-05-15 15:54:03]   [000020.SZ] [###################-] 86/90 chunks  rows=6836
[2026-05-15 15:54:03]   [000020.SZ] [###################-] 87/90 chunks  rows=6920
[2026-05-15 15:54:03]   [000020.SZ] [###################-] 88/90 chunks  rows=7004
[2026-05-15 15:54:03]   [000020.SZ] [###################-] 89/90 chunks  rows=7052
[2026-05-15 15:54:03]   [000020.SZ] [####################] 90/90 chunks  rows=7132
[2026-05-15 15:54:03] [history_60min] [------------------------------]   0.2%  8/3306  ETA 716.7m  last:000020.SZ 7132r/9.4s  tok:58/280
[2026-05-15 15:54:04]   [000021.SZ] [--------------------] 1/90 chunks  rows=80
[2026-05-15 15:54:04]   [000021.SZ] [--------------------] 2/90 chunks  rows=148
[2026-05-15 15:54:04]   [000021.SZ] [--------------------] 3/90 chunks  rows=232
[2026-05-15 15:54:04]   [000021.SZ] [--------------------] 4/90 chunks  rows=312
[2026-05-15 15:54:04]   [000021.SZ] [#-------------------] 5/90 chunks  rows=396
[2026-05-15 15:54:04]   [000021.SZ] [#-------------------] 6/90 chunks  rows=484
[2026-05-15 15:54:05]   [000021.SZ] [#-------------------] 7/90 chunks  rows=568
[2026-05-15 15:54:05]   [000021.SZ] [#-------------------] 8/90 chunks  rows=644
[2026-05-15 15:54:05]   [000021.SZ] [##------------------] 9/90 chunks  rows=728
[2026-05-15 15:54:05]   [000021.SZ] [##------------------] 10/90 chunks  rows=788
[2026-05-15 15:54:05]   [000021.SZ] [##------------------] 11/90 chunks  rows=876
[2026-05-15 15:54:05]   [000021.SZ] [##------------------] 12/90 chunks  rows=964
[2026-05-15 15:54:05]   [000021.SZ] [##------------------] 13/90 chunks  rows=1028
[2026-05-15 15:54:06]   [000021.SZ] [###-----------------] 14/90 chunks  rows=1104
[2026-05-15 15:54:06]   [000021.SZ] [###-----------------] 15/90 chunks  rows=1192
[2026-05-15 15:54:06]   [000021.SZ] [###-----------------] 16/90 chunks  rows=1260
[2026-05-15 15:54:06]   [000021.SZ] [###-----------------] 17/90 chunks  rows=1344
[2026-05-15 15:54:06]   [000021.SZ] [####----------------] 18/90 chunks  rows=1432
[2026-05-15 15:54:06]   [000021.SZ] [####----------------] 19/90 chunks  rows=1512
[2026-05-15 15:54:07]   [000021.SZ] [####----------------] 20/90 chunks  rows=1596
[2026-05-15 15:54:07]   [000021.SZ] [####----------------] 21/90 chunks  rows=1680
[2026-05-15 15:54:07]   [000021.SZ] [####----------------] 22/90 chunks  rows=1744
[2026-05-15 15:54:07]   [000021.SZ] [#####---------------] 23/90 chunks  rows=1832
[2026-05-15 15:54:07]   [000021.SZ] [#####---------------] 24/90 chunks  rows=1916
[2026-05-15 15:54:07]   [000021.SZ] [#####---------------] 25/90 chunks  rows=1984
[2026-05-15 15:54:07]   [000021.SZ] [#####---------------] 26/90 chunks  rows=2068
[2026-05-15 15:54:08]   [000021.SZ] [######--------------] 27/90 chunks  rows=2144
[2026-05-15 15:54:08]   [000021.SZ] [######--------------] 28/90 chunks  rows=2224
[2026-05-15 15:54:08]   [000021.SZ] [######--------------] 29/90 chunks  rows=2308
[2026-05-15 15:54:08]   [000021.SZ] [######--------------] 30/90 chunks  rows=2388
[2026-05-15 15:54:08]   [000021.SZ] [######--------------] 31/90 chunks  rows=2476
[2026-05-15 15:54:08]   [000021.SZ] [#######-------------] 32/90 chunks  rows=2564
[2026-05-15 15:54:08]   [000021.SZ] [#######-------------] 33/90 chunks  rows=2644
[2026-05-15 15:54:08]   [000021.SZ] [#######-------------] 34/90 chunks  rows=2700
[2026-05-15 15:54:08]   [000021.SZ] [#######-------------] 35/90 chunks  rows=2784
[2026-05-15 15:54:08]   [000021.SZ] [########------------] 36/90 chunks  rows=2872
[2026-05-15 15:54:09]   [000021.SZ] [########------------] 37/90 chunks  rows=2932
[2026-05-15 15:54:09]   [000021.SZ] [########------------] 38/90 chunks  rows=3020
[2026-05-15 15:54:09]   [000021.SZ] [########------------] 39/90 chunks  rows=3100
[2026-05-15 15:54:09]   [000021.SZ] [########------------] 40/90 chunks  rows=3172
[2026-05-15 15:54:09]   [000021.SZ] [#########-----------] 41/90 chunks  rows=3252
[2026-05-15 15:54:09]   [000021.SZ] [#########-----------] 42/90 chunks  rows=3340
[2026-05-15 15:54:09]   [000021.SZ] [#########-----------] 43/90 chunks  rows=3424
[2026-05-15 15:54:09]   [000021.SZ] [#########-----------] 44/90 chunks  rows=3512
[2026-05-15 15:54:09]   [000021.SZ] [##########----------] 45/90 chunks  rows=3576
[2026-05-15 15:54:09]   [000021.SZ] [##########----------] 46/90 chunks  rows=3656
[2026-05-15 15:54:10]   [000021.SZ] [##########----------] 47/90 chunks  rows=3740
[2026-05-15 15:54:10]   [000021.SZ] [##########----------] 48/90 chunks  rows=3828
[2026-05-15 15:54:10]   [000021.SZ] [##########----------] 49/90 chunks  rows=3908
[2026-05-15 15:54:10]   [000021.SZ] [###########---------] 50/90 chunks  rows=3996
[2026-05-15 15:54:10]   [000021.SZ] [###########---------] 51/90 chunks  rows=4072
[2026-05-15 15:54:10]   [000021.SZ] [###########---------] 52/90 chunks  rows=4148
[2026-05-15 15:54:11]   [000021.SZ] [###########---------] 53/90 chunks  rows=4236
[2026-05-15 15:54:11]   [000021.SZ] [############--------] 54/90 chunks  rows=4312
[2026-05-15 15:54:11]   [000021.SZ] [############--------] 55/90 chunks  rows=4396
[2026-05-15 15:54:11]   [000021.SZ] [############--------] 56/90 chunks  rows=4464
[2026-05-15 15:54:11]   [000021.SZ] [############--------] 57/90 chunks  rows=4552
[2026-05-15 15:54:11]   [000021.SZ] [############--------] 58/90 chunks  rows=4616
[2026-05-15 15:54:11]   [000021.SZ] [#############-------] 59/90 chunks  rows=4704
[2026-05-15 15:54:11]   [000021.SZ] [#############-------] 60/90 chunks  rows=4784
[2026-05-15 15:54:12]   [000021.SZ] [#############-------] 61/90 chunks  rows=4844
[2026-05-15 15:54:12]   [000021.SZ] [#############-------] 62/90 chunks  rows=4928
[2026-05-15 15:54:12]   [000021.SZ] [##############------] 63/90 chunks  rows=5012
[2026-05-15 15:54:12]   [000021.SZ] [##############------] 64/90 chunks  rows=5080
[2026-05-15 15:54:12]   [000021.SZ] [##############------] 65/90 chunks  rows=5168
[2026-05-15 15:54:12]   [000021.SZ] [##############------] 66/90 chunks  rows=5248
[2026-05-15 15:54:12]   [000021.SZ] [##############------] 67/90 chunks  rows=5332
[2026-05-15 15:54:12]   [000021.SZ] [###############-----] 68/90 chunks  rows=5416
[2026-05-15 15:54:12]   [000021.SZ] [###############-----] 69/90 chunks  rows=5504
[2026-05-15 15:54:13]   [000021.SZ] [###############-----] 70/90 chunks  rows=5580
[2026-05-15 15:54:13]   [000021.SZ] [###############-----] 71/90 chunks  rows=5668
[2026-05-15 15:54:13]   [000021.SZ] [################----] 72/90 chunks  rows=5736
[2026-05-15 15:54:13]   [000021.SZ] [################----] 73/90 chunks  rows=5816
[2026-05-15 15:54:13]   [000021.SZ] [################----] 74/90 chunks  rows=5884
[2026-05-15 15:54:13]   [000021.SZ] [################----] 75/90 chunks  rows=5964
[2026-05-15 15:54:13]   [000021.SZ] [################----] 76/90 chunks  rows=6048
[2026-05-15 15:54:13]   [000021.SZ] [#################---] 77/90 chunks  rows=6124
[2026-05-15 15:54:13]   [000021.SZ] [#################---] 78/90 chunks  rows=6204
[2026-05-15 15:54:13]   [000021.SZ] [#################---] 79/90 chunks  rows=6288
[2026-05-15 15:54:13]   [000021.SZ] [#################---] 80/90 chunks  rows=6368
[2026-05-15 15:54:13]   [000021.SZ] [##################--] 81/90 chunks  rows=6456
[2026-05-15 15:54:14]   [000021.SZ] [##################--] 82/90 chunks  rows=6544
[2026-05-15 15:54:14]   [000021.SZ] [##################--] 83/90 chunks  rows=6628
[2026-05-15 15:54:14]   [000021.SZ] [##################--] 84/90 chunks  rows=6688
[2026-05-15 15:54:14]   [000021.SZ] [##################--] 85/90 chunks  rows=6776
[2026-05-15 15:54:14]   [000021.SZ] [###################-] 86/90 chunks  rows=6856
[2026-05-15 15:54:14]   [000021.SZ] [###################-] 87/90 chunks  rows=6916
[2026-05-15 15:54:14]   [000021.SZ] [###################-] 88/90 chunks  rows=7000
[2026-05-15 15:54:14]   [000021.SZ] [###################-] 89/90 chunks  rows=7048
[2026-05-15 15:54:15]   [000021.SZ] [####################] 90/90 chunks  rows=7132
[2026-05-15 15:54:15] [history_60min] [------------------------------]   0.3%  9/3306  ETA 705.7m  last:000021.SZ 7132r/11.1s  tok:20/280
[2026-05-15 15:54:15]   [000025.SZ] [--------------------] 1/90 chunks  rows=80
[2026-05-15 15:54:15]   [000025.SZ] [--------------------] 2/90 chunks  rows=148
[2026-05-15 15:54:15]   [000025.SZ] [--------------------] 3/90 chunks  rows=232
[2026-05-15 15:54:15]   [000025.SZ] [--------------------] 4/90 chunks  rows=312
[2026-05-15 15:54:15]   [000025.SZ] [#-------------------] 5/90 chunks  rows=388
[2026-05-15 15:54:15]   [000025.SZ] [#-------------------] 6/90 chunks  rows=472
[2026-05-15 15:54:16]   [000025.SZ] [#-------------------] 7/90 chunks  rows=556
[2026-05-15 15:54:16]   [000025.SZ] [#-------------------] 8/90 chunks  rows=644
[2026-05-15 15:54:16]   [000025.SZ] [##------------------] 9/90 chunks  rows=728
[2026-05-15 15:54:16]   [000025.SZ] [##------------------] 10/90 chunks  rows=788
[2026-05-15 15:54:16]   [000025.SZ] [##------------------] 11/90 chunks  rows=876
[2026-05-15 15:54:16]   [000025.SZ] [##------------------] 12/90 chunks  rows=952
[2026-05-15 15:54:16]   [000025.SZ] [##------------------] 13/90 chunks  rows=1016
[2026-05-15 15:54:16]   [000025.SZ] [###-----------------] 14/90 chunks  rows=1100
[2026-05-15 15:54:17]   [000025.SZ] [###-----------------] 15/90 chunks  rows=1188
[2026-05-15 15:54:17]   [000025.SZ] [###-----------------] 16/90 chunks  rows=1276
[2026-05-15 15:54:17]   [000025.SZ] [###-----------------] 17/90 chunks  rows=1364
[2026-05-15 15:54:17]   [000025.SZ] [####----------------] 18/90 chunks  rows=1444
[2026-05-15 15:54:17]   [000025.SZ] [####----------------] 19/90 chunks  rows=1528
[2026-05-15 15:54:18]   [000025.SZ] [####----------------] 20/90 chunks  rows=1596
[2026-05-15 15:54:18]   [000025.SZ] [####----------------] 21/90 chunks  rows=1660
[2026-05-15 15:54:18]   [000025.SZ] [####----------------] 22/90 chunks  rows=1748
[2026-05-15 15:54:18]   [000025.SZ] [#####---------------] 23/90 chunks  rows=1828
[2026-05-15 15:54:18]   [000025.SZ] [#####---------------] 24/90 chunks  rows=1912
[2026-05-15 15:54:18]   [000025.SZ] [#####---------------] 25/90 chunks  rows=1996
[2026-05-15 15:54:18]   [000025.SZ] [#####---------------] 26/90 chunks  rows=2080
[2026-05-15 15:54:18]   [000025.SZ] [######--------------] 27/90 chunks  rows=2160
[2026-05-15 15:54:18]   [000025.SZ] [######--------------] 28/90 chunks  rows=2228
[2026-05-15 15:54:19]   [000025.SZ] [######--------------] 29/90 chunks  rows=2304
[2026-05-15 15:54:19]   [000025.SZ] [######--------------] 30/90 chunks  rows=2384
[2026-05-15 15:54:19]   [000025.SZ] [######--------------] 31/90 chunks  rows=2472
[2026-05-15 15:54:19]   [000025.SZ] [#######-------------] 32/90 chunks  rows=2556
[2026-05-15 15:54:19]   [000025.SZ] [#######-------------] 33/90 chunks  rows=2644
[2026-05-15 15:54:19]   [000025.SZ] [#######-------------] 34/90 chunks  rows=2700
[2026-05-15 15:54:19]   [000025.SZ] [#######-------------] 35/90 chunks  rows=2784
[2026-05-15 15:54:19]   [000025.SZ] [########------------] 36/90 chunks  rows=2868
[2026-05-15 15:54:20]   [000025.SZ] [########------------] 37/90 chunks  rows=2928
[2026-05-15 15:54:20]   [000025.SZ] [########------------] 38/90 chunks  rows=3016
[2026-05-15 15:54:20]   [000025.SZ] [########------------] 39/90 chunks  rows=3104
[2026-05-15 15:54:20]   [000025.SZ] [########------------] 40/90 chunks  rows=3184
[2026-05-15 15:54:21]   [000025.SZ] [#########-----------] 41/90 chunks  rows=3272
[2026-05-15 15:54:21]   [000025.SZ] [#########-----------] 42/90 chunks  rows=3352
[2026-05-15 15:54:21]   [000025.SZ] [#########-----------] 43/90 chunks  rows=3424
[2026-05-15 15:54:21]   [000025.SZ] [#########-----------] 44/90 chunks  rows=3512
[2026-05-15 15:54:21]   [000025.SZ] [##########----------] 45/90 chunks  rows=3592
[2026-05-15 15:54:21]   [000025.SZ] [##########----------] 46/90 chunks  rows=3656
[2026-05-15 15:54:22]   [000025.SZ] [##########----------] 47/90 chunks  rows=3736
[2026-05-15 15:54:22]   [000025.SZ] [##########----------] 48/90 chunks  rows=3824
[2026-05-15 15:54:22]   [000025.SZ] [##########----------] 49/90 chunks  rows=3908
[2026-05-15 15:54:22]   [000025.SZ] [###########---------] 50/90 chunks  rows=3996
[2026-05-15 15:54:22]   [000025.SZ] [###########---------] 51/90 chunks  rows=4064
[2026-05-15 15:54:22]   [000025.SZ] [###########---------] 52/90 chunks  rows=4140
[2026-05-15 15:54:22]   [000025.SZ] [###########---------] 53/90 chunks  rows=4228
[2026-05-15 15:54:22]   [000025.SZ] [############--------] 54/90 chunks  rows=4304
[2026-05-15 15:54:23]   [000025.SZ] [############--------] 55/90 chunks  rows=4380
[2026-05-15 15:54:23]   [000025.SZ] [############--------] 56/90 chunks  rows=4464
[2026-05-15 15:54:23]   [000025.SZ] [############--------] 57/90 chunks  rows=4528
[2026-05-15 15:54:23]   [000025.SZ] [############--------] 58/90 chunks  rows=4608
[2026-05-15 15:54:23]   [000025.SZ] [#############-------] 59/90 chunks  rows=4692
[2026-05-15 15:54:23]   [000025.SZ] [#############-------] 60/90 chunks  rows=4752
[2026-05-15 15:54:23]   [000025.SZ] [#############-------] 61/90 chunks  rows=4840
[2026-05-15 15:54:23]   [000025.SZ] [#############-------] 62/90 chunks  rows=4924
[2026-05-15 15:54:24]   [000025.SZ] [##############------] 63/90 chunks  rows=5012
[2026-05-15 15:54:24]   [000025.SZ] [##############------] 64/90 chunks  rows=5100
[2026-05-15 15:54:24]   [000025.SZ] [##############------] 65/90 chunks  rows=5180
[2026-05-15 15:54:24]   [000025.SZ] [##############------] 66/90 chunks  rows=5264
[2026-05-15 15:54:24]   [000025.SZ] [##############------] 67/90 chunks  rows=5332
[2026-05-15 15:54:24]   [000025.SZ] [###############-----] 68/90 chunks  rows=5416
[2026-05-15 15:54:24]   [000025.SZ] [###############-----] 69/90 chunks  rows=5492
[2026-05-15 15:54:24]   [000025.SZ] [###############-----] 70/90 chunks  rows=5580
[2026-05-15 15:54:25]   [000025.SZ] [###############-----] 71/90 chunks  rows=5660
[2026-05-15 15:54:25]   [000025.SZ] [################----] 72/90 chunks  rows=5748
[2026-05-15 15:54:26]   [000025.SZ] [################----] 73/90 chunks  rows=5828
[2026-05-15 15:54:26]   [000025.SZ] [################----] 74/90 chunks  rows=5912
[2026-05-15 15:54:26]   [000025.SZ] [################----] 75/90 chunks  rows=5980
[2026-05-15 15:54:26]   [000025.SZ] [################----] 76/90 chunks  rows=6048
[2026-05-15 15:54:26]   [000025.SZ] [#################---] 77/90 chunks  rows=6124
[2026-05-15 15:54:26]   [000025.SZ] [#################---] 78/90 chunks  rows=6204
[2026-05-15 15:54:26]   [000025.SZ] [#################---] 79/90 chunks  rows=6288
[2026-05-15 15:54:26]   [000025.SZ] [#################---] 80/90 chunks  rows=6376
[2026-05-15 15:54:26]   [000025.SZ] [##################--] 81/90 chunks  rows=6436
[2026-05-15 15:54:26]   [000025.SZ] [##################--] 82/90 chunks  rows=6524
[2026-05-15 15:54:26]   [000025.SZ] [##################--] 83/90 chunks  rows=6604
[2026-05-15 15:54:27]   [000025.SZ] [##################--] 84/90 chunks  rows=6684
[2026-05-15 15:54:27]   [000025.SZ] [##################--] 85/90 chunks  rows=6772
[2026-05-15 15:54:27]   [000025.SZ] [###################-] 86/90 chunks  rows=6820
[2026-05-15 15:54:27]   [000025.SZ] [###################-] 87/90 chunks  rows=6904
[2026-05-15 15:54:27]   [000025.SZ] [###################-] 88/90 chunks  rows=6964
[2026-05-15 15:54:27]   [000025.SZ] [###################-] 89/90 chunks  rows=7048
[2026-05-15 15:54:27]   [000025.SZ] [####################] 90/90 chunks  rows=7132
[2026-05-15 15:54:27] [history_60min] [------------------------------]   0.3%  10/3306  ETA 705.6m  last:000025.SZ 7132r/12.9s  tok:0/280
[2026-05-15 15:54:28]   [000026.SZ] [--------------------] 1/90 chunks  rows=80
[2026-05-15 15:54:28]   [000026.SZ] [--------------------] 2/90 chunks  rows=164
[2026-05-15 15:54:28]   [000026.SZ] [--------------------] 3/90 chunks  rows=232
[2026-05-15 15:54:28]   [000026.SZ] [--------------------] 4/90 chunks  rows=308
[2026-05-15 15:54:28]   [000026.SZ] [#-------------------] 5/90 chunks  rows=388
[2026-05-15 15:54:28]   [000026.SZ] [#-------------------] 6/90 chunks  rows=472
[2026-05-15 15:54:28]   [000026.SZ] [#-------------------] 7/90 chunks  rows=560
[2026-05-15 15:54:28]   [000026.SZ] [#-------------------] 8/90 chunks  rows=644
[2026-05-15 15:54:29]   [000026.SZ] [##------------------] 9/90 chunks  rows=704
[2026-05-15 15:54:29]   [000026.SZ] [##------------------] 10/90 chunks  rows=792
[2026-05-15 15:54:29]   [000026.SZ] [##------------------] 11/90 chunks  rows=880
[2026-05-15 15:54:29]   [000026.SZ] [##------------------] 12/90 chunks  rows=964
[2026-05-15 15:54:29]   [000026.SZ] [##------------------] 13/90 chunks  rows=1028
[2026-05-15 15:54:29]   [000026.SZ] [###-----------------] 14/90 chunks  rows=1104
[2026-05-15 15:54:30]   [000026.SZ] [###-----------------] 15/90 chunks  rows=1172
[2026-05-15 15:54:30]   [000026.SZ] [###-----------------] 16/90 chunks  rows=1256
[2026-05-15 15:54:30]   [000026.SZ] [###-----------------] 17/90 chunks  rows=1336
[2026-05-15 15:54:30]   [000026.SZ] [####----------------] 18/90 chunks  rows=1420
[2026-05-15 15:54:30]   [000026.SZ] [####----------------] 19/90 chunks  rows=1484
[2026-05-15 15:54:30]   [000026.SZ] [####----------------] 20/90 chunks  rows=1568
[2026-05-15 15:54:31]   [000026.SZ] [####----------------] 21/90 chunks  rows=1656
[2026-05-15 15:54:31]   [000026.SZ] [####----------------] 22/90 chunks  rows=1744
[2026-05-15 15:54:31]   [000026.SZ] [#####---------------] 23/90 chunks  rows=1824
[2026-05-15 15:54:31]   [000026.SZ] [#####---------------] 24/90 chunks  rows=1892
[2026-05-15 15:54:31]   [000026.SZ] [#####---------------] 25/90 chunks  rows=1968
[2026-05-15 15:54:32]   [000026.SZ] [#####---------------] 26/90 chunks  rows=2048
[2026-05-15 15:54:32]   [000026.SZ] [######--------------] 27/90 chunks  rows=2132
[2026-05-15 15:54:32]   [000026.SZ] [######--------------] 28/90 chunks  rows=2220
[2026-05-15 15:54:32]   [000026.SZ] [######--------------] 29/90 chunks  rows=2304
[2026-05-15 15:54:32]   [000026.SZ] [######--------------] 30/90 chunks  rows=2388
[2026-05-15 15:54:32]   [000026.SZ] [######--------------] 31/90 chunks  rows=2468
[2026-05-15 15:54:32]   [000026.SZ] [#######-------------] 32/90 chunks  rows=2556
[2026-05-15 15:54:33]   [000026.SZ] [#######-------------] 33/90 chunks  rows=2644
[2026-05-15 15:54:33]   [000026.SZ] [#######-------------] 34/90 chunks  rows=2700
[2026-05-15 15:54:33]   [000026.SZ] [#######-------------] 35/90 chunks  rows=2784
[2026-05-15 15:54:33]   [000026.SZ] [########------------] 36/90 chunks  rows=2872
[2026-05-15 15:54:33]   [000026.SZ] [########------------] 37/90 chunks  rows=2956
[2026-05-15 15:54:33]   [000026.SZ] [########------------] 38/90 chunks  rows=3036
[2026-05-15 15:54:34]   [000026.SZ] [########------------] 39/90 chunks  rows=3124
[2026-05-15 15:54:34]   [000026.SZ] [########------------] 40/90 chunks  rows=3184
[2026-05-15 15:54:34]   [000026.SZ] [#########-----------] 41/90 chunks  rows=3264
[2026-05-15 15:54:34]   [000026.SZ] [#########-----------] 42/90 chunks  rows=3352
[2026-05-15 15:54:34]   [000026.SZ] [#########-----------] 43/90 chunks  rows=3440
[2026-05-15 15:54:34]   [000026.SZ] [#########-----------] 44/90 chunks  rows=3520
[2026-05-15 15:54:34]   [000026.SZ] [##########----------] 45/90 chunks  rows=3592
[2026-05-15 15:54:34]   [000026.SZ] [##########----------] 46/90 chunks  rows=3680
[2026-05-15 15:54:35]   [000026.SZ] [##########----------] 47/90 chunks  rows=3760
[2026-05-15 15:54:35]   [000026.SZ] [##########----------] 48/90 chunks  rows=3824
[2026-05-15 15:54:35]   [000026.SZ] [##########----------] 49/90 chunks  rows=3892
[2026-05-15 15:54:35]   [000026.SZ] [###########---------] 50/90 chunks  rows=3976
[2026-05-15 15:54:35]   [000026.SZ] [###########---------] 51/90 chunks  rows=4064
[2026-05-15 15:54:35]   [000026.SZ] [###########---------] 52/90 chunks  rows=4152
[2026-05-15 15:54:35]   [000026.SZ] [###########---------] 53/90 chunks  rows=4228
[2026-05-15 15:54:35]   [000026.SZ] [############--------] 54/90 chunks  rows=4304
[2026-05-15 15:54:35]   [000026.SZ] [############--------] 55/90 chunks  rows=4392
[2026-05-15 15:54:35]   [000026.SZ] [############--------] 56/90 chunks  rows=4468
[2026-05-15 15:54:35]   [000026.SZ] [############--------] 57/90 chunks  rows=4532
[2026-05-15 15:54:35]   [000026.SZ] [############--------] 58/90 chunks  rows=4616
[2026-05-15 15:54:35]   [000026.SZ] [#############-------] 59/90 chunks  rows=4704
[2026-05-15 15:54:36]   [000026.SZ] [#############-------] 60/90 chunks  rows=4788
[2026-05-15 15:54:36]   [000026.SZ] [#############-------] 61/90 chunks  rows=4868
[2026-05-15 15:54:36]   [000026.SZ] [#############-------] 62/90 chunks  rows=4956
[2026-05-15 15:54:36]   [000026.SZ] [##############------] 63/90 chunks  rows=5024
[2026-05-15 15:54:36]   [000026.SZ] [##############------] 64/90 chunks  rows=5108
[2026-05-15 15:54:36]   [000026.SZ] [##############------] 65/90 chunks  rows=5168
[2026-05-15 15:54:36]   [000026.SZ] [##############------] 66/90 chunks  rows=5252
[2026-05-15 15:54:36]   [000026.SZ] [##############------] 67/90 chunks  rows=5332
[2026-05-15 15:54:36]   [000026.SZ] [###############-----] 68/90 chunks  rows=5416
[2026-05-15 15:54:37]   [000026.SZ] [###############-----] 69/90 chunks  rows=5492
[2026-05-15 15:54:37]   [000026.SZ] [###############-----] 70/90 chunks  rows=5580
[2026-05-15 15:54:37]   [000026.SZ] [###############-----] 71/90 chunks  rows=5668
[2026-05-15 15:54:37]   [000026.SZ] [################----] 72/90 chunks  rows=5748
[2026-05-15 15:54:37]   [000026.SZ] [################----] 73/90 chunks  rows=5828
[2026-05-15 15:54:37]   [000026.SZ] [################----] 74/90 chunks  rows=5912
[2026-05-15 15:54:37]   [000026.SZ] [################----] 75/90 chunks  rows=5980
[2026-05-15 15:54:37]   [000026.SZ] [################----] 76/90 chunks  rows=6060
[2026-05-15 15:54:37]   [000026.SZ] [#################---] 77/90 chunks  rows=6136
[2026-05-15 15:54:38]   [000026.SZ] [#################---] 78/90 chunks  rows=6224
[2026-05-15 15:54:38]   [000026.SZ] [#################---] 79/90 chunks  rows=6292
[2026-05-15 15:54:38]   [000026.SZ] [#################---] 80/90 chunks  rows=6376
[2026-05-15 15:54:38]   [000026.SZ] [##################--] 81/90 chunks  rows=6456
[2026-05-15 15:54:38]   [000026.SZ] [##################--] 82/90 chunks  rows=6516
[2026-05-15 15:54:38]   [000026.SZ] [##################--] 83/90 chunks  rows=6604
[2026-05-15 15:54:38]   [000026.SZ] [##################--] 84/90 chunks  rows=6692
[2026-05-15 15:54:38]   [000026.SZ] [##################--] 85/90 chunks  rows=6752
[2026-05-15 15:54:38]   [000026.SZ] [###################-] 86/90 chunks  rows=6836
[2026-05-15 15:54:39]   [000026.SZ] [###################-] 87/90 chunks  rows=6884
[2026-05-15 15:54:39]   [000026.SZ] [###################-] 88/90 chunks  rows=6968
[2026-05-15 15:54:39]   [000026.SZ] [###################-] 89/90 chunks  rows=7052
[2026-05-15 15:54:39]   [000026.SZ] [####################] 90/90 chunks  rows=7132
[2026-05-15 15:54:39] [history_60min] [------------------------------]   0.3%  11/3306  ETA 699.4m  last:000026.SZ 7132r/11.8s  tok:1/280
[2026-05-15 15:54:39]   [000027.SZ] [--------------------] 1/90 chunks  rows=84
[2026-05-15 15:54:40]   [000027.SZ] [--------------------] 2/90 chunks  rows=152
[2026-05-15 15:54:40]   [000027.SZ] [--------------------] 3/90 chunks  rows=228
[2026-05-15 15:54:40]   [000027.SZ] [--------------------] 4/90 chunks  rows=308
[2026-05-15 15:54:40]   [000027.SZ] [#-------------------] 5/90 chunks  rows=392
[2026-05-15 15:54:40]   [retry 1/3] API Error: code=429, msg=请求过于频繁
[2026-05-15 15:54:41]   [000027.SZ] [#-------------------] 6/90 chunks  rows=480
[2026-05-15 15:54:41]   [000027.SZ] [#-------------------] 7/90 chunks  rows=560
[2026-05-15 15:54:41]   [retry 1/3] API Error: code=429, msg=请求过于频繁
[2026-05-15 15:54:41]   [retry 1/3] API Error: code=429, msg=请求过于频繁
