[2026-05-16 10:16:26] [main] stock_list -> skip (output exists: /root/shared-nvme/lingqiData/data/stock_list.parquet)
[2026-05-16 10:16:26] [main] calendar -> skip (output exists: /root/shared-nvme/lingqiData/data/calendar.parquet)
[2026-05-16 10:16:26] [main] ths_sector_categories -> skip (output exists: /root/shared-nvme/lingqiData/data/ths_sector_categories.parquet)
[2026-05-16 10:16:26] [main] ths_constituent_stocks -> skip (output exists: /root/shared-nvme/lingqiData/data/ths_constituent_stocks.parquet)
[2026-05-16 10:16:26] [main] holder_number -> skip (output exists: /root/shared-nvme/lingqiData/data/holder_number.parquet)
[2026-05-16 10:16:26] [main] pledge_stat -> skip (output exists: /root/shared-nvme/lingqiData/data/pledge_stat.parquet)
[2026-05-16 10:16:26] [main] financial -> skip (output exists: /root/shared-nvme/lingqiData/data/financial_indicator.parquet)
[2026-05-16 10:16:26] [main] income -> skip (output exists: /root/shared-nvme/lingqiData/data/income.parquet)
[2026-05-16 10:16:26] [main] balancesheet -> skip (output exists: /root/shared-nvme/lingqiData/data/balancesheet.parquet)
[2026-05-16 10:16:26] [main] cashflow -> skip (output exists: /root/shared-nvme/lingqiData/data/cashflow.parquet)
[2026-05-16 10:16:26] [main] limit_list -> skip (output exists: /root/shared-nvme/lingqiData/data/limit_list.parquet)
[2026-05-16 10:16:26] [main] limit_up -> skip (output exists: /root/shared-nvme/lingqiData/data/limit_up.parquet)
[2026-05-16 10:16:26] [main] kline_monthly -> skip (output exists: /root/shared-nvme/lingqiData/data/kline_monthly.parquet)
[2026-05-16 10:16:26] [main] kline_adj_monthly -> skip (output exists: /root/shared-nvme/lingqiData/data/kline_adj_monthly.parquet)
[2026-05-16 10:16:26] [main] top_list -> skip (output exists: /root/shared-nvme/lingqiData/data/top_list.parquet)
[2026-05-16 10:16:26] [main] dragon_tiger -> skip (output exists: /root/shared-nvme/lingqiData/data/dragon_tiger.parquet)
[2026-05-16 10:16:26] [main] kline_weekly -> skip (output exists: /root/shared-nvme/lingqiData/data/kline_weekly.parquet)
[2026-05-16 10:16:26] [main] kline_adj_weekly -> skip (output exists: /root/shared-nvme/lingqiData/data/kline_adj_weekly.parquet)
[2026-05-16 10:16:26] [main] finance -> skip (output exists: /root/shared-nvme/lingqiData/data/finance.parquet)
[2026-05-16 10:16:26] [main] daily -> skip (output exists: /root/shared-nvme/lingqiData/data/daily.parquet)
[2026-05-16 10:16:26] [main] daily_adj -> skip (output exists: /root/shared-nvme/lingqiData/data/daily_adj.parquet)
[2026-05-16 10:16:26] [main] main_fund_flow -> skip (output exists: /root/shared-nvme/lingqiData/data/main_fund_flow.parquet)
[2026-05-16 10:16:26] [main] margin_detail -> skip (output exists: /root/shared-nvme/lingqiData/data/margin_detail.parquet)
[2026-05-16 10:16:26] [main] ths_daily -> skip (output exists: /root/shared-nvme/lingqiData/data/ths_daily.parquet)
[2026-05-16 10:16:26] [main] index_weight -> skip (output exists: /root/shared-nvme/lingqiData/data/index_weight.parquet)
[2026-05-16 10:16:26] [main] cyq_chips -> skip (output exists: /root/shared-nvme/lingqiData/data/cyq_chips/.done)
[2026-05-16 10:16:26] [main] start | rate_limit=280 req/min | parallel=False | workers=6 | tasks=['history', 'min_adj']
[2026-05-16 10:16:26] [main] === history (2019-01-01 ~ 2026-05-16) ===
[2026-05-16 10:16:27] [history_5min] 3310 stocks | level=5min | 2019-01-01 ~ 2026-05-16
[2026-05-16 10:16:27] [history_5min] Concurrency: 3 in-flight max | rate-limit: 280/min
[2026-05-16 10:16:27] [history_5min] ~13240 API calls (adaptive) | ~47 min est | ~48 bars/day
[2026-05-16 10:16:27] [history_5min] 3310 stocks to fetch
[2026-05-16 10:16:48] [history_5min] [------------------------------]   0.0%  1/3310  ETA 1149.2m  last:000001.SZ 85632r/20.8s  tok:102/280
[2026-05-16 10:17:07] [history_5min] [------------------------------]   0.1%  2/3310  ETA 1136.2m  last:000002.SZ 85632r/18.5s  tok:180/280
[2026-05-16 10:17:25] [history_5min] [------------------------------]   0.1%  3/3310  ETA 1121.8m  last:000006.SZ 85680r/18.1s  tok:255/280
[2026-05-16 10:17:45] [history_5min] [------------------------------]   0.1%  4/3310  ETA 1118.5m  last:000007.SZ 85487r/19.8s  tok:280/280
[2026-05-16 10:18:00] [history_5min] [------------------------------]   0.2%  5/3310  ETA 1090.4m  last:000008.SZ 85680r/15.2s  tok:280/280
[2026-05-16 10:18:17] [history_5min] [------------------------------]   0.2%  6/3310  ETA 1074.5m  last:000009.SZ 85680r/17.0s  tok:280/280
[2026-05-16 10:18:35] [history_5min] [------------------------------]   0.2%  7/3310  ETA 1064.8m  last:000011.SZ 85680r/17.8s  tok:280/280
[2026-05-16 10:18:54] [history_5min] [------------------------------]   0.2%  8/3310  ETA 1066.3m  last:000012.SZ 85680r/19.7s  tok:280/280
[2026-05-16 10:19:13] [history_5min] [------------------------------]   0.3%  9/3310  ETA 1060.0m  last:000014.SZ 85680r/18.3s  tok:280/280
[2026-05-16 10:19:32] [history_5min] [------------------------------]   0.3%  10/3310  ETA 1061.4m  last:000017.SZ 85584r/19.6s  tok:280/280
[2026-05-16 10:19:49] [history_5min] [------------------------------]   0.3%  11/3310  ETA 1047.2m  last:000019.SZ 85680r/16.8s  tok:280/280
[2026-05-16 10:20:06] [history_5min] [------------------------------]   0.4%  12/3310  ETA 1037.1m  last:000020.SZ 85680r/17.3s  tok:280/280
[2026-05-16 10:20:22] [history_5min] [------------------------------]   0.4%  13/3310  ETA 1019.7m  last:000021.SZ 85680r/15.8s  tok:280/280
[2026-05-16 10:20:37] [history_5min] [------------------------------]   0.4%  14/3310  ETA 1001.3m  last:000025.SZ 85680r/15.3s  tok:280/280
[2026-05-16 10:20:53] [history_5min] [------------------------------]   0.5%  15/3310  ETA 988.1m  last:000026.SZ 85680r/15.9s  tok:280/280
[2026-05-16 10:21:08] [history_5min] [------------------------------]   0.5%  16/3310  ETA 967.3m  last:000027.SZ 85680r/14.3s  tok:280/280
[2026-05-16 10:21:23] [history_5min] [------------------------------]   0.5%  17/3310  ETA 957.7m  last:000028.SZ 85680r/15.9s  tok:280/280
[2026-05-16 10:21:34] [history_5min] [------------------------------]   0.5%  18/3310  ETA 921.0m  last:000029.SZ 64176r/10.8s  tok:280/280
[2026-05-16 10:21:48] [history_5min] [------------------------------]   0.6%  19/3310  ETA 905.1m  last:000030.SZ 85680r/13.9s  tok:280/280
[2026-05-16 10:22:05] [history_5min] [------------------------------]   0.6%  20/3310  ETA 905.8m  last:000031.SZ 85680r/16.7s  tok:280/280
[2026-05-16 10:22:21] [history_5min] [------------------------------]   0.6%  21/3310  ETA 904.3m  last:000032.SZ 85152r/16.3s  tok:280/280
[2026-05-16 10:22:37] [history_5min] [------------------------------]   0.7%  22/3310  ETA 902.1m  last:000034.SZ 85680r/16.1s  tok:280/280
[2026-05-16 10:22:52] [history_5min] [------------------------------]   0.7%  23/3310  ETA 889.8m  last:000035.SZ 85680r/14.3s  tok:280/280
[2026-05-16 10:23:09] [history_5min] [------------------------------]   0.7%  24/3310  ETA 893.3m  last:000036.SZ 85680r/16.9s  tok:280/280
[2026-05-16 10:23:24] [history_5min] [------------------------------]   0.8%  25/3310  ETA 886.2m  last:000037.SZ 85536r/15.1s  tok:280/280
[2026-05-16 10:23:39] [history_5min] [------------------------------]   0.8%  26/3310  ETA 883.9m  last:000039.SZ 85440r/15.8s  tok:280/280
[2026-05-16 10:23:55] [history_5min] [------------------------------]   0.8%  27/3310  ETA 881.0m  last:000042.SZ 85679r/15.7s  tok:280/280
[2026-05-16 10:24:10] [history_5min] [------------------------------]   0.8%  28/3310  ETA 876.0m  last:000045.SZ 85056r/15.2s  tok:280/280
[2026-05-16 10:24:25] [history_5min] [------------------------------]   0.9%  29/3310  ETA 868.1m  last:000048.SZ 85483r/14.6s  tok:280/280
[2026-05-16 10:24:38] [history_5min] [------------------------------]   0.9%  30/3310  ETA 852.9m  last:000049.SZ 85392r/13.1s  tok:280/280
[2026-05-16 10:24:52] [history_5min] [------------------------------]   0.9%  31/3310  ETA 841.7m  last:000050.SZ 85680r/13.6s  tok:280/280
[2026-05-16 10:25:09] [history_5min] [------------------------------]   1.0%  32/3310  ETA 854.0m  last:000055.SZ 85680r/17.7s  tok:280/280
[2026-05-16 10:25:28] [history_5min] [------------------------------]   1.0%  33/3310  ETA 868.6m  last:000058.SZ 85680r/18.3s  tok:280/280
[2026-05-16 10:25:45] [history_5min] [------------------------------]   1.0%  34/3310  ETA 877.3m  last:000059.SZ 85680r/17.5s  tok:280/280
[2026-05-16 10:26:03] [history_5min] [------------------------------]   1.1%  35/3310  ETA 885.4m  last:000060.SZ 85680r/17.6s  tok:280/280
[2026-05-16 10:26:21] [history_5min] [------------------------------]   1.1%  36/3310  ETA 897.0m  last:000061.SZ 85680r/18.4s  tok:280/280
[2026-05-16 10:26:40] [history_5min] [------------------------------]   1.1%  37/3310  ETA 908.6m  last:000062.SZ 85200r/18.6s  tok:280/280
[2026-05-16 10:26:57] [history_5min] [------------------------------]   1.1%  38/3310  ETA 910.8m  last:000063.SZ 85608r/17.1s  tok:280/280
[2026-05-16 10:27:15] [history_5min] [------------------------------]   1.2%  39/3310  ETA 916.5m  last:000065.SZ 85392r/17.8s  tok:280/280
[2026-05-16 10:27:33] [history_5min] [------------------------------]   1.2%  40/3310  ETA 921.4m  last:000066.SZ 85680r/17.8s  tok:280/280
[2026-05-16 10:27:50] [history_5min] [------------------------------]   1.2%  41/3310  ETA 925.1m  last:000068.SZ 85680r/17.6s  tok:280/280
[2026-05-16 10:28:09] [history_5min] [------------------------------]   1.3%  42/3310  ETA 931.7m  last:000069.SZ 85680r/18.2s  tok:280/280
[2026-05-16 10:28:25] [history_5min] [------------------------------]   1.3%  43/3310  ETA 928.0m  last:000070.SZ 85584r/16.5s  tok:280/280
[2026-05-16 10:28:40] [history_5min] [------------------------------]   1.3%  44/3310  ETA 916.0m  last:000088.SZ 84912r/14.9s  tok:280/280
[2026-05-16 10:28:51] [history_5min] [------------------------------]   1.4%  45/3310  ETA 885.9m  last:000089.SZ 85680r/11.4s  tok:280/280
[2026-05-16 10:29:11] [history_5min] [------------------------------]   1.4%  46/3310  ETA 903.7m  last:000090.SZ 85440r/19.6s  tok:280/280
[2026-05-16 10:29:28] [history_5min] [------------------------------]   1.4%  47/3310  ETA 905.9m  last:000096.SZ 85680r/17.1s  tok:280/280
[2026-05-16 10:29:45] [history_5min] [------------------------------]   1.5%  48/3310  ETA 908.7m  last:000099.SZ 85680r/17.2s  tok:280/280
[2026-05-16 10:30:04] [history_5min] [------------------------------]   1.5%  49/3310  ETA 920.2m  last:000100.SZ 85632r/18.9s  tok:280/280
[2026-05-16 10:30:22] [history_5min] [------------------------------]   1.5%  50/3310  ETA 925.6m  last:000151.SZ 85296r/18.0s  tok:280/280
[2026-05-16 10:30:39] [history_5min] [------------------------------]   1.5%  51/3310  ETA 922.1m  last:000153.SZ 85200r/16.4s  tok:280/280
[2026-05-16 10:30:57] [history_5min] [------------------------------]   1.6%  52/3310  ETA 927.6m  last:000155.SZ 84720r/18.0s  tok:280/280
[2026-05-16 10:31:13] [history_5min] [------------------------------]   1.6%  53/3310  ETA 923.1m  last:000156.SZ 85248r/16.3s  tok:280/280
[2026-05-16 10:31:29] [history_5min] [------------------------------]   1.6%  54/3310  ETA 916.0m  last:000157.SZ 85680r/15.7s  tok:280/280
[2026-05-16 10:31:46] [history_5min] [------------------------------]   1.7%  55/3310  ETA 917.8m  last:000158.SZ 85680r/17.3s  tok:280/280
[2026-05-16 10:32:03] [history_5min] [------------------------------]   1.7%  56/3310  ETA 917.0m  last:000159.SZ 85680r/16.8s  tok:280/280
[2026-05-16 10:32:17] [history_5min] [------------------------------]   1.7%  57/3310  ETA 901.7m  last:000166.SZ 85680r/14.1s  tok:280/280
[2026-05-16 10:32:32] [history_5min] [------------------------------]   1.8%  58/3310  ETA 892.3m  last:000301.SZ 85152r/15.0s  tok:280/280
[2026-05-16 10:32:48] [history_5min] [------------------------------]   1.8%  59/3310  ETA 892.6m  last:000333.SZ 85152r/16.6s  tok:280/280
[2026-05-16 10:33:06] [history_5min] [------------------------------]   1.8%  60/3310  ETA 897.7m  last:000338.SZ 85680r/17.5s  tok:280/280
[2026-05-16 10:33:21] [history_5min] [------------------------------]   1.8%  61/3310  ETA 891.2m  last:000400.SZ 85680r/15.4s  tok:280/280
[2026-05-16 10:33:38] [history_5min] [------------------------------]   1.9%  62/3310  ETA 892.8m  last:000401.SZ 84624r/16.8s  tok:280/280
[2026-05-16 10:33:54] [history_5min] [------------------------------]   1.9%  63/3310  ETA 889.5m  last:000402.SZ 85680r/15.9s  tok:280/280
[2026-05-16 10:34:10] [history_5min] [------------------------------]   1.9%  64/3310  ETA 884.2m  last:000403.SZ 85056r/15.5s  tok:280/280
[2026-05-16 10:34:26] [history_5min] [------------------------------]   2.0%  65/3310  ETA 881.7m  last:000404.SZ 85680r/15.9s  tok:280/280
[2026-05-16 10:34:39] [history_5min] [------------------------------]   2.0%  66/3310  ETA 863.9m  last:000407.SZ 85200r/13.1s  tok:280/280
[2026-05-16 10:34:55] [history_5min] [------------------------------]   2.0%  67/3310  ETA 865.7m  last:000408.SZ 85344r/16.3s  tok:280/280
[2026-05-16 10:35:10] [history_5min] [------------------------------]   2.1%  68/3310  ETA 860.8m  last:000409.SZ 85488r/15.2s  tok:280/280
[2026-05-16 10:35:27] [history_5min] [------------------------------]   2.1%  69/3310  ETA 867.4m  last:000410.SZ 84864r/17.2s  tok:280/280
[2026-05-16 10:35:44] [history_5min] [------------------------------]   2.1%  70/3310  ETA 869.3m  last:000411.SZ 85152r/16.5s  tok:280/280
[2026-05-16 10:36:00] [history_5min] [------------------------------]   2.1%  71/3310  ETA 869.4m  last:000415.SZ 85680r/16.2s  tok:280/280
[2026-05-16 10:36:16] [history_5min] [------------------------------]   2.2%  72/3310  ETA 869.5m  last:000417.SZ 85680r/16.2s  tok:280/280
[2026-05-16 10:36:29] [history_5min] [------------------------------]   2.2%  73/3310  ETA 851.0m  last:000419.SZ 85680r/12.7s  tok:280/280
[2026-05-16 10:36:44] [history_5min] [------------------------------]   2.2%  74/3310  ETA 846.8m  last:000420.SZ 84864r/15.0s  tok:280/280
[2026-05-16 10:36:59] [history_5min] [------------------------------]   2.3%  75/3310  ETA 840.7m  last:000421.SZ 85200r/14.6s  tok:280/280
[2026-05-16 10:37:15] [history_5min] [------------------------------]   2.3%  76/3310  ETA 843.1m  last:000422.SZ 85584r/16.1s  tok:280/280
[2026-05-16 10:37:30] [history_5min] [------------------------------]   2.3%  77/3310  ETA 842.2m  last:000423.SZ 85680r/15.5s  tok:280/280
[2026-05-16 10:37:47] [history_5min] [------------------------------]   2.4%  78/3310  ETA 850.6m  last:000425.SZ 84576r/17.2s  tok:280/280
[2026-05-16 10:38:02] [history_5min] [------------------------------]   2.4%  79/3310  ETA 845.4m  last:000426.SZ 85680r/14.9s  tok:280/280
[2026-05-16 10:38:17] [history_5min] [------------------------------]   2.4%  80/3310  ETA 838.8m  last:000428.SZ 85680r/14.5s  tok:280/280
[2026-05-16 10:38:32] [history_5min] [------------------------------]   2.4%  81/3310  ETA 833.5m  last:000429.SZ 85680r/14.6s  tok:280/280
[2026-05-16 10:38:45] [history_5min] [------------------------------]   2.5%  82/3310  ETA 824.4m  last:000498.SZ 85152r/13.8s  tok:280/280
[2026-05-16 10:39:02] [history_5min] [------------------------------]   2.5%  83/3310  ETA 833.6m  last:000501.SZ 85680r/17.1s  tok:280/280
[2026-05-16 10:39:19] [history_5min] [------------------------------]   2.5%  84/3310  ETA 836.8m  last:000503.SZ 85200r/16.1s  tok:280/280
[2026-05-16 10:39:34] [history_5min] [------------------------------]   2.6%  85/3310  ETA 837.0m  last:000505.SZ 85392r/15.7s  tok:280/280
[2026-05-16 10:39:49] [history_5min] [------------------------------]   2.6%  86/3310  ETA 832.5m  last:000506.SZ 85104r/14.8s  tok:280/280
[2026-05-16 10:40:05] [history_5min] [------------------------------]   2.6%  87/3310  ETA 833.0m  last:000507.SZ 85536r/15.6s  tok:280/280
[2026-05-16 10:40:20] [history_5min] [------------------------------]   2.7%  88/3310  ETA 830.5m  last:000509.SZ 85584r/15.1s  tok:280/280
[2026-05-16 10:40:35] [history_5min] [------------------------------]   2.7%  89/3310  ETA 828.6m  last:000510.SZ 85200r/15.2s  tok:280/280
[2026-05-16 10:40:50] [history_5min] [------------------------------]   2.7%  90/3310  ETA 828.6m  last:000513.SZ 85680r/15.5s  tok:280/280
[2026-05-16 10:41:06] [history_5min] [------------------------------]   2.7%  91/3310  ETA 829.1m  last:000514.SZ 85680r/15.6s  tok:280/280
[2026-05-16 10:41:20] [history_5min] [------------------------------]   2.8%  92/3310  ETA 822.5m  last:000516.SZ 85584r/14.3s  tok:280/280
[2026-05-16 10:41:36] [history_5min] [------------------------------]   2.8%  93/3310  ETA 822.0m  last:000517.SZ 85680r/15.3s  tok:280/280
[2026-05-16 10:41:51] [history_5min] [------------------------------]   2.8%  94/3310  ETA 819.4m  last:000519.SZ 85680r/14.9s  tok:280/280
[2026-05-16 10:42:05] [history_5min] [------------------------------]   2.9%  95/3310  ETA 813.6m  last:000520.SZ 85651r/14.3s  tok:280/280
[2026-05-16 10:42:18] [history_5min] [------------------------------]   2.9%  96/3310  ETA 805.2m  last:000521.SZ 85680r/13.7s  tok:280/280
[2026-05-16 10:42:33] [history_5min] [------------------------------]   2.9%  97/3310  ETA 803.2m  last:000523.SZ 85536r/14.7s  tok:280/280
[2026-05-16 10:42:50] [history_5min] [------------------------------]   3.0%  98/3310  ETA 811.2m  last:000524.SZ 85680r/16.5s  tok:280/280
[2026-05-16 10:43:04] [history_5min] [------------------------------]   3.0%  99/3310  ETA 808.0m  last:000525.SZ 84336r/14.6s  tok:280/280
[2026-05-16 10:43:21] [history_5min] [------------------------------]   3.0%  100/3310  ETA 817.3m  last:000526.SZ 85680r/16.9s  tok:280/280
[2026-05-16 10:43:36] [history_5min] [------------------------------]   3.1%  101/3310  ETA 814.2m  last:000528.SZ 84672r/14.7s  tok:280/280
[2026-05-16 10:43:50] [history_5min] [------------------------------]   3.1%  102/3310  ETA 809.9m  last:000529.SZ 85680r/14.5s  tok:280/280
[2026-05-16 10:44:03] [history_5min] [------------------------------]   3.1%  103/3310  ETA 794.3m  last:000530.SZ 85680r/12.3s  tok:280/280
[2026-05-16 10:44:19] [history_5min] [------------------------------]   3.1%  104/3310  ETA 799.4m  last:000531.SZ 85680r/15.9s  tok:280/280
[2026-05-16 10:44:36] [history_5min] [------------------------------]   3.2%  105/3310  ETA 811.2m  last:000532.SZ 85680r/17.2s  tok:280/280
[2026-05-16 10:44:52] [history_5min] [------------------------------]   3.2%  106/3310  ETA 813.8m  last:000533.SZ 85680r/15.7s  tok:280/280
[2026-05-16 10:45:08] [history_5min] [------------------------------]   3.2%  107/3310  ETA 822.3m  last:000534.SZ 85680r/16.9s  tok:280/280
[2026-05-16 10:45:25] [history_5min] [------------------------------]   3.3%  108/3310  ETA 828.9m  last:000536.SZ 85584r/16.7s  tok:280/280
[2026-05-16 10:45:42] [history_5min] [------------------------------]   3.3%  109/3310  ETA 837.9m  last:000537.SZ 85680r/17.3s  tok:280/280
[2026-05-16 10:45:59] [history_5min] [------------------------------]   3.3%  110/3310  ETA 842.1m  last:000538.SZ 85200r/16.5s  tok:280/280
[2026-05-16 10:46:15] [history_5min] [#-----------------------------]   3.4%  111/3310  ETA 841.7m  last:000539.SZ 85680r/15.8s  tok:280/280
[2026-05-16 10:46:31] [history_5min] [#-----------------------------]   3.4%  112/3310  ETA 842.7m  last:000541.SZ 85680r/16.0s  tok:280/280
[2026-05-16 10:46:47] [history_5min] [#-----------------------------]   3.4%  113/3310  ETA 843.0m  last:000543.SZ 85584r/15.9s  tok:280/280
[2026-05-16 10:47:01] [history_5min] [#-----------------------------]   3.4%  114/3310  ETA 835.9m  last:000544.SZ 85632r/14.5s  tok:280/280
[2026-05-16 10:47:17] [history_5min] [#-----------------------------]   3.5%  115/3310  ETA 837.3m  last:000545.SZ 85104r/16.0s  tok:280/280
[2026-05-16 10:47:32] [history_5min] [#-----------------------------]   3.5%  116/3310  ETA 831.8m  last:000546.SZ 85344r/14.7s  tok:280/280
[2026-05-16 10:47:50] [history_5min] [#-----------------------------]   3.5%  117/3310  ETA 845.9m  last:000547.SZ 85632r/18.3s  tok:280/280
[2026-05-16 10:48:06] [history_5min] [#-----------------------------]   3.6%  118/3310  ETA 842.7m  last:000548.SZ 85632r/15.3s  tok:280/280
[2026-05-16 10:48:22] [history_5min] [#-----------------------------]   3.6%  119/3310  ETA 847.4m  last:000550.SZ 85632r/16.8s  tok:280/280
[2026-05-16 10:48:43] [history_5min] [#-----------------------------]   3.6%  120/3310  ETA 870.6m  last:000551.SZ 85632r/20.3s  tok:280/280
[2026-05-16 10:49:00] [history_5min] [#-----------------------------]   3.7%  121/3310  ETA 876.3m  last:000552.SZ 84624r/17.5s  tok:280/280
[2026-05-16 10:49:17] [history_5min] [#-----------------------------]   3.7%  122/3310  ETA 879.4m  last:000553.SZ 85632r/17.1s  tok:280/280
[2026-05-16 10:49:35] [history_5min] [#-----------------------------]   3.7%  123/3310  ETA 885.2m  last:000554.SZ 85632r/17.7s  tok:280/280
[2026-05-16 10:49:53] [history_5min] [#-----------------------------]   3.7%  124/3310  ETA 892.1m  last:000555.SZ 85680r/18.0s  tok:280/280
[2026-05-16 10:50:09] [history_5min] [#-----------------------------]   3.8%  125/3310  ETA 887.6m  last:000557.SZ 85680r/16.0s  tok:280/280
[2026-05-16 10:50:24] [history_5min] [#-----------------------------]   3.8%  126/3310  ETA 878.7m  last:000558.SZ 85200r/15.1s  tok:280/280
[2026-05-16 10:50:43] [history_5min] [#-----------------------------]   3.8%  127/3310  ETA 887.7m  last:000559.SZ 85200r/18.3s  tok:280/280
[2026-05-16 10:51:00] [history_5min] [#-----------------------------]   3.9%  128/3310  ETA 893.1m  last:000560.SZ 85680r/17.8s  tok:280/280
[2026-05-16 10:51:19] [history_5min] [#-----------------------------]   3.9%  129/3310  ETA 904.6m  last:000561.SZ 85200r/19.1s  tok:280/280
[2026-05-16 10:51:37] [history_5min] [#-----------------------------]   3.9%  130/3310  ETA 905.7m  last:000563.SZ 85680r/17.3s  tok:280/280
[2026-05-16 10:51:57] [history_5min] [#-----------------------------]   4.0%  131/3310  ETA 922.8m  last:000564.SZ 85200r/20.4s  tok:280/280
[2026-05-16 10:52:13] [history_5min] [#-----------------------------]   4.0%  132/3310  ETA 916.5m  last:000565.SZ 85680r/16.3s  tok:280/280
[2026-05-16 10:52:28] [history_5min] [#-----------------------------]   4.0%  133/3310  ETA 903.7m  last:000566.SZ 85584r/15.0s  tok:280/280
[2026-05-16 10:52:46] [history_5min] [#-----------------------------]   4.0%  134/3310  ETA 904.5m  last:000567.SZ 85680r/17.3s  tok:280/280
[2026-05-16 10:53:00] [history_5min] [#-----------------------------]   4.1%  135/3310  ETA 889.3m  last:000568.SZ 85680r/14.3s  tok:280/280
[2026-05-16 10:53:15] [history_5min] [#-----------------------------]   4.1%  136/3310  ETA 879.3m  last:000570.SZ 85680r/15.0s  tok:280/280
[2026-05-16 10:53:28] [history_5min] [#-----------------------------]   4.1%  137/3310  ETA 860.8m  last:000571.SZ 85488r/13.2s  tok:280/280
[2026-05-16 10:53:42] [history_5min] [#-----------------------------]   4.2%  138/3310  ETA 846.3m  last:000572.SZ 85536r/13.6s  tok:280/280
[2026-05-16 10:53:55] [history_5min] [#-----------------------------]   4.2%  139/3310  ETA 833.5m  last:000573.SZ 85680r/13.6s  tok:280/280
[2026-05-16 10:54:09] [history_5min] [#-----------------------------]   4.2%  140/3310  ETA 820.9m  last:000576.SZ 85680r/13.4s  tok:280/280
[2026-05-16 10:54:23] [history_5min] [#-----------------------------]   4.3%  141/3310  ETA 813.7m  last:000581.SZ 85680r/14.2s  tok:280/280
[2026-05-16 10:54:38] [history_5min] [#-----------------------------]   4.3%  142/3310  ETA 810.5m  last:000582.SZ 85680r/14.9s  tok:280/280
[2026-05-16 10:54:54] [history_5min] [#-----------------------------]   4.3%  143/3310  ETA 813.1m  last:000586.SZ 85200r/15.9s  tok:280/280
[2026-05-16 10:55:08] [history_5min] [#-----------------------------]   4.4%  144/3310  ETA 808.1m  last:000589.SZ 85680r/14.5s  tok:280/280
[2026-05-16 10:55:23] [history_5min] [#-----------------------------]   4.4%  145/3310  ETA 806.6m  last:000590.SZ 85200r/15.1s  tok:280/280
[2026-05-16 10:55:36] [history_5min] [#-----------------------------]   4.4%  146/3310  ETA 794.1m  last:000591.SZ 85680r/13.0s  tok:280/280
[2026-05-16 10:55:51] [history_5min] [#-----------------------------]   4.4%  147/3310  ETA 793.5m  last:000592.SZ 85536r/15.0s  tok:280/280
[2026-05-16 10:56:05] [history_5min] [#-----------------------------]   4.5%  148/3310  ETA 788.3m  last:000593.SZ 85584r/14.1s  tok:280/280
[2026-05-16 10:56:22] [history_5min] [#-----------------------------]   4.5%  149/3310  ETA 794.5m  last:000596.SZ 85680r/16.2s  tok:280/280
[2026-05-16 10:56:35] [history_5min] [#-----------------------------]   4.5%  150/3310  ETA 787.3m  last:000597.SZ 85104r/13.8s  tok:280/280
[2026-05-16 10:56:49] [history_5min] [#-----------------------------]   4.6%  151/3310  ETA 782.7m  last:000598.SZ 85680r/14.1s  tok:280/280
[2026-05-16 10:57:03] [history_5min] [#-----------------------------]   4.6%  152/3310  ETA 775.4m  last:000599.SZ 85296r/13.5s  tok:280/280
[2026-05-16 10:57:17] [history_5min] [#-----------------------------]   4.6%  153/3310  ETA 773.3m  last:000600.SZ 85584r/14.4s  tok:280/280
[2026-05-16 10:57:30] [history_5min] [#-----------------------------]   4.7%  154/3310  ETA 763.5m  last:000601.SZ 85104r/12.9s  tok:280/280
[2026-05-16 10:57:46] [history_5min] [#-----------------------------]   4.7%  155/3310  ETA 768.3m  last:000603.SZ 84912r/15.5s  tok:280/280
[2026-05-16 10:58:00] [history_5min] [#-----------------------------]   4.7%  156/3310  ETA 768.5m  last:000605.SZ 85680r/14.7s  tok:280/280
[2026-05-16 10:58:21] [history_5min] [#-----------------------------]   4.7%  157/3310  ETA 801.6m  last:000607.SZ 85680r/21.0s  tok:280/280
[2026-05-16 10:58:38] [history_5min] [#-----------------------------]   4.8%  158/3310  ETA 810.1m  last:000612.SZ 84960r/16.9s  tok:280/280
[2026-05-16 10:58:53] [history_5min] [#-----------------------------]   4.8%  159/3310  ETA 807.9m  last:000617.SZ 85680r/15.1s  tok:280/280
[2026-05-16 10:59:09] [history_5min] [#-----------------------------]   4.8%  160/3310  ETA 808.2m  last:000619.SZ 85680r/15.5s  tok:280/280
[2026-05-16 10:59:24] [history_5min] [#-----------------------------]   4.9%  161/3310  ETA 808.6m  last:000620.SZ 85536r/15.5s  tok:280/280
[2026-05-16 10:59:39] [history_5min] [#-----------------------------]   4.9%  162/3310  ETA 804.0m  last:000623.SZ 85680r/14.6s  tok:280/280
[2026-05-16 10:59:57] [history_5min] [#-----------------------------]   4.9%  163/3310  ETA 816.8m  last:000625.SZ 85680r/17.8s  tok:280/280
[2026-05-16 11:00:12] [history_5min] [#-----------------------------]   5.0%  164/3310  ETA 813.6m  last:000626.SZ 85680r/15.0s  tok:280/280
[2026-05-16 11:00:27] [history_5min] [#-----------------------------]   5.0%  165/3310  ETA 811.8m  last:000628.SZ 85200r/15.2s  tok:280/280
[2026-05-16 11:00:41] [history_5min] [#-----------------------------]   5.0%  166/3310  ETA 804.3m  last:000629.SZ 85680r/14.1s  tok:280/280
[2026-05-16 11:00:56] [history_5min] [#-----------------------------]   5.0%  167/3310  ETA 802.0m  last:000630.SZ 85200r/15.0s  tok:280/280
[2026-05-16 11:01:10] [history_5min] [#-----------------------------]   5.1%  168/3310  ETA 791.3m  last:000631.SZ 85680r/13.3s  tok:280/280
[2026-05-16 11:01:27] [history_5min] [#-----------------------------]   5.1%  169/3310  ETA 802.1m  last:000633.SZ 85440r/17.2s  tok:280/280
[2026-05-16 11:01:42] [history_5min] [#-----------------------------]   5.1%  170/3310  ETA 800.7m  last:000635.SZ 85680r/15.1s  tok:280/280
[2026-05-16 11:01:57] [history_5min] [#-----------------------------]   5.2%  171/3310  ETA 800.6m  last:000636.SZ 85680r/15.3s  tok:280/280
[2026-05-16 11:02:10] [history_5min] [#-----------------------------]   5.2%  172/3310  ETA 788.9m  last:000637.SZ 85584r/13.1s  tok:280/280
[2026-05-16 11:02:25] [history_5min] [#-----------------------------]   5.2%  173/3310  ETA 788.9m  last:000650.SZ 85680r/15.1s  tok:280/280
[2026-05-16 11:02:41] [history_5min] [#-----------------------------]   5.3%  174/3310  ETA 792.3m  last:000651.SZ 85392r/15.8s  tok:280/280
[2026-05-16 11:02:55] [history_5min] [#-----------------------------]   5.3%  175/3310  ETA 783.8m  last:000652.SZ 85680r/13.6s  tok:280/280
[2026-05-16 11:03:08] [history_5min] [#-----------------------------]   5.3%  176/3310  ETA 773.7m  last:000655.SZ 85632r/13.1s  tok:280/280
[2026-05-16 11:03:25] [history_5min] [#-----------------------------]   5.3%  177/3310  ETA 786.2m  last:000657.SZ 85200r/17.3s  tok:280/280
[2026-05-16 11:03:39] [history_5min] [#-----------------------------]   5.4%  178/3310  ETA 777.6m  last:000659.SZ 85584r/13.5s  tok:280/280
[2026-05-16 11:03:57] [history_5min] [#-----------------------------]   5.4%  179/3310  ETA 797.7m  last:000661.SZ 85248r/18.8s  tok:280/280
[2026-05-16 11:04:11] [history_5min] [#-----------------------------]   5.4%  180/3310  ETA 787.3m  last:000663.SZ 85584r/13.3s  tok:280/280
[2026-05-16 11:04:26] [history_5min] [#-----------------------------]   5.5%  181/3310  ETA 786.1m  last:000665.SZ 85680r/14.9s  tok:280/280
[2026-05-16 11:04:35] [history_5min] [#-----------------------------]   5.5%  182/3310  ETA 755.4m  last:000670.SZ 56304r/9.2s  tok:280/280
[2026-05-16 11:04:51] [history_5min] [#-----------------------------]   5.5%  183/3310  ETA 764.2m  last:000672.SZ 85680r/16.2s  tok:280/280
[2026-05-16 11:05:05] [history_5min] [#-----------------------------]   5.6%  184/3310  ETA 761.1m  last:000676.SZ 85680r/14.1s  tok:280/280
[2026-05-16 11:05:21] [history_5min] [#-----------------------------]   5.6%  185/3310  ETA 765.1m  last:000678.SZ 85248r/15.4s  tok:280/280
[2026-05-16 11:05:34] [history_5min] [#-----------------------------]   5.6%  186/3310  ETA 755.8m  last:000679.SZ 85583r/13.0s  tok:280/280
[2026-05-16 11:05:48] [history_5min] [#-----------------------------]   5.6%  187/3310  ETA 754.6m  last:000680.SZ 85680r/14.3s  tok:280/280
[2026-05-16 11:06:01] [history_5min] [#-----------------------------]   5.7%  188/3310  ETA 748.2m  last:000681.SZ 85680r/13.3s  tok:280/280
[2026-05-16 11:06:17] [history_5min] [#-----------------------------]   5.7%  189/3310  ETA 752.7m  last:000682.SZ 85680r/15.3s  tok:280/280
[2026-05-16 11:06:32] [history_5min] [#-----------------------------]   5.7%  190/3310  ETA 758.6m  last:000683.SZ 85680r/15.6s  tok:280/280
[2026-05-16 11:06:46] [history_5min] [#-----------------------------]   5.8%  191/3310  ETA 751.0m  last:000685.SZ 85680r/13.2s  tok:280/280
[2026-05-16 11:07:02] [history_5min] [#-----------------------------]   5.8%  192/3310  ETA 761.4m  last:000686.SZ 85680r/16.5s  tok:280/280
[2026-05-16 11:07:17] [history_5min] [#-----------------------------]   5.8%  193/3310  ETA 760.9m  last:000688.SZ 85680r/14.6s  tok:280/280
[2026-05-16 11:07:31] [history_5min] [#-----------------------------]   5.9%  194/3310  ETA 758.9m  last:000690.SZ 85680r/14.3s  tok:280/280
[2026-05-16 11:07:45] [history_5min] [#-----------------------------]   5.9%  195/3310  ETA 753.6m  last:000692.SZ 85584r/13.7s  tok:280/280
[2026-05-16 11:07:58] [history_5min] [#-----------------------------]   5.9%  196/3310  ETA 745.6m  last:000695.SZ 85200r/13.0s  tok:280/280
[2026-05-16 11:08:12] [history_5min] [#-----------------------------]   6.0%  197/3310  ETA 745.9m  last:000697.SZ 85248r/14.5s  tok:280/280
[2026-05-16 11:08:27] [history_5min] [#-----------------------------]   6.0%  198/3310  ETA 749.6m  last:000700.SZ 85680r/15.1s  tok:280/280
[2026-05-16 11:08:42] [history_5min] [#-----------------------------]   6.0%  199/3310  ETA 749.5m  last:000701.SZ 85680r/14.5s  tok:280/280
[2026-05-16 11:08:55] [history_5min] [#-----------------------------]   6.0%  200/3310  ETA 742.8m  last:000702.SZ 85440r/13.2s  tok:280/280
[2026-05-16 11:09:13] [history_5min] [#-----------------------------]   6.1%  201/3310  ETA 763.5m  last:000703.SZ 85680r/18.4s  tok:280/280
[2026-05-16 11:09:30] [history_5min] [#-----------------------------]   6.1%  202/3310  ETA 775.1m  last:000705.SZ 85680r/17.0s  tok:280/280
[2026-05-16 11:09:45] [history_5min] [#-----------------------------]   6.1%  203/3310  ETA 771.0m  last:000707.SZ 85536r/14.2s  tok:280/280
[2026-05-16 11:09:58] [history_5min] [#-----------------------------]   6.2%  204/3310  ETA 765.6m  last:000708.SZ 85584r/13.9s  tok:280/280
[2026-05-16 11:10:12] [history_5min] [#-----------------------------]   6.2%  205/3310  ETA 757.4m  last:000709.SZ 85680r/13.3s  tok:280/280
[2026-05-16 11:10:27] [history_5min] [#-----------------------------]   6.2%  206/3310  ETA 758.9m  last:000710.SZ 85680r/15.0s  tok:280/280
[2026-05-16 11:10:42] [history_5min] [#-----------------------------]   6.3%  207/3310  ETA 760.0m  last:000712.SZ 85680r/14.9s  tok:280/280
[2026-05-16 11:10:57] [history_5min] [#-----------------------------]   6.3%  208/3310  ETA 762.8m  last:000713.SZ 85440r/15.3s  tok:280/280
[2026-05-16 11:11:12] [history_5min] [#-----------------------------]   6.3%  209/3310  ETA 764.1m  last:000715.SZ 85152r/15.0s  tok:280/280
[2026-05-16 11:11:25] [history_5min] [#-----------------------------]   6.3%  210/3310  ETA 755.7m  last:000716.SZ 85440r/13.2s  tok:280/280
[2026-05-16 11:11:40] [history_5min] [#-----------------------------]   6.4%  211/3310  ETA 754.9m  last:000717.SZ 85680r/14.5s  tok:280/280
[2026-05-16 11:11:54] [history_5min] [#-----------------------------]   6.4%  212/3310  ETA 753.5m  last:000718.SZ 85680r/14.4s  tok:280/280
[2026-05-16 11:12:06] [history_5min] [#-----------------------------]   6.4%  213/3310  ETA 741.3m  last:000719.SZ 85680r/12.3s  tok:280/280
[2026-05-16 11:12:21] [history_5min] [#-----------------------------]   6.5%  214/3310  ETA 744.1m  last:000720.SZ 85632r/14.9s  tok:280/280
[2026-05-16 11:12:38] [history_5min] [#-----------------------------]   6.5%  215/3310  ETA 757.2m  last:000721.SZ 85680r/17.0s  tok:280/280
[2026-05-16 11:13:00] [history_5min] [#-----------------------------]   6.5%  216/3310  ETA 790.5m  last:000722.SZ 85200r/21.2s  tok:280/280
