[2026-05-14 23:04:08] [incremental] DRY-RUN: 22 datasets | overlap=3 days | workers=6 | parallel=False
[2026-05-14 23:04:08] [incremental] Datasets: ['daily', 'daily_adj', 'finance', 'margin_detail', 'main_fund_flow', 'dragon_tiger', 'top_list', 'limit_up', 'limit_list', 'kline_weekly', 'kline_monthly', 'kline_adj_weekly', 'kline_adj_monthly', 'holder_number', 'pledge_stat', 'financial_indicator', 'income', 'balancesheet', 'cashflow', 'calendar', 'stock_list', 'cyq_chips']
[2026-05-14 23:04:08] 
============================================================
[2026-05-14 23:04:08] [daily] Starting incremental update
[2026-05-14 23:04:09] [daily] Up to date (max=2026-05-14)
[2026-05-14 23:04:09] 
============================================================
[2026-05-14 23:04:09] [daily_adj] Starting incremental update
[2026-05-14 23:04:10] [daily_adj] Up to date (max=2026-05-14)
[2026-05-14 23:04:10] 
============================================================
[2026-05-14 23:04:10] [finance] Starting incremental update
[2026-05-14 23:04:10] [finance] Up to date (max=2026-05-14)
[2026-05-14 23:04:10] 
============================================================
[2026-05-14 23:04:10] [margin_detail] Starting incremental update
[2026-05-14 23:04:11] [margin_detail] Existing max date: 2026-05-12 | Fetching: 2026-05-09 ~ 2026-05-14
[2026-05-14 23:04:11] [margin_detail] DRY-RUN: would fetch 2026-05-09 ~ 2026-05-14
[2026-05-14 23:04:11] 
============================================================
[2026-05-14 23:04:11] [main_fund_flow] Starting incremental update
[2026-05-14 23:04:11] [main_fund_flow] Up to date (max=2026-05-14)
[2026-05-14 23:04:11] 
============================================================
[2026-05-14 23:04:11] [dragon_tiger] Starting incremental update
[2026-05-14 23:04:12] [dragon_tiger] Up to date (max=2026-05-14)
[2026-05-14 23:04:12] 
============================================================
[2026-05-14 23:04:12] [top_list] Starting incremental update
[2026-05-14 23:04:12] [top_list] Up to date (max=2026-05-14)
[2026-05-14 23:04:12] 
============================================================
[2026-05-14 23:04:12] [limit_up] Starting incremental update
[2026-05-14 23:04:12] [limit_up] Up to date (max=2026-05-14)
[2026-05-14 23:04:12] 
============================================================
[2026-05-14 23:04:12] [limit_list] Starting incremental update
[2026-05-14 23:04:12] [limit_list] Up to date (max=2026-05-14)
[2026-05-14 23:04:12] 
============================================================
[2026-05-14 23:04:12] [kline_weekly] Starting incremental update
[2026-05-14 23:04:12] [kline_weekly] Up to date (max=2026-05-14)
[2026-05-14 23:04:12] 
============================================================
[2026-05-14 23:04:12] [kline_monthly] Starting incremental update
[2026-05-14 23:04:12] [kline_monthly] Up to date (max=2026-05-14)
[2026-05-14 23:04:12] 
============================================================
[2026-05-14 23:04:12] [kline_adj_weekly] Starting incremental update
[2026-05-14 23:04:12] [kline_adj_weekly] Up to date (max=2026-05-14)
[2026-05-14 23:04:12] 
============================================================
[2026-05-14 23:04:12] [kline_adj_monthly] Starting incremental update
[2026-05-14 23:04:12] [kline_adj_monthly] Up to date (max=2026-05-14)
[2026-05-14 23:04:12] 
============================================================
[2026-05-14 23:04:12] [holder_number] Starting incremental update
[2026-05-14 23:04:12] [holder_number] Existing max date: 2026-05-11 | Fetching: 2026-05-08 ~ 2026-05-14
[2026-05-14 23:04:12] [holder_number] DRY-RUN: would fetch 2026-05-08 ~ 2026-05-14
[2026-05-14 23:04:12] 
============================================================
[2026-05-14 23:04:12] [pledge_stat] Starting incremental update
[2026-05-14 23:04:12] [pledge_stat] Existing max date: 2026-04-30 | Fetching: 2026-04-13 ~ 2026-05-14
[2026-05-14 23:04:12] [pledge_stat] DRY-RUN: would fetch 2026-04-13 ~ 2026-05-14
[2026-05-14 23:04:12] 
============================================================
[2026-05-14 23:04:12] [financial_indicator] Starting incremental update
[2026-05-14 23:04:12] [financial_indicator] Existing max date: 2026-03-31 | Fetching: 2026-02-12 ~ 2026-05-14
[2026-05-14 23:04:12] [financial_indicator] DRY-RUN: would fetch 2026-02-12 ~ 2026-05-14
[2026-05-14 23:04:12] 
============================================================
[2026-05-14 23:04:12] [income] Starting incremental update
[2026-05-14 23:04:12] [income] Existing max date: 2026-03-31 | Fetching: 2026-02-12 ~ 2026-05-14
[2026-05-14 23:04:12] [income] DRY-RUN: would fetch 2026-02-12 ~ 2026-05-14
[2026-05-14 23:04:12] 
============================================================
[2026-05-14 23:04:12] [balancesheet] Starting incremental update
[2026-05-14 23:04:12] [balancesheet] Existing max date: 2026-03-31 | Fetching: 2026-02-12 ~ 2026-05-14
[2026-05-14 23:04:12] [balancesheet] DRY-RUN: would fetch 2026-02-12 ~ 2026-05-14
[2026-05-14 23:04:12] 
============================================================
[2026-05-14 23:04:12] [cashflow] Starting incremental update
[2026-05-14 23:04:13] [cashflow] Existing max date: 2026-03-31 | Fetching: 2026-02-12 ~ 2026-05-14
[2026-05-14 23:04:13] [cashflow] DRY-RUN: would fetch 2026-02-12 ~ 2026-05-14
[2026-05-14 23:04:13] 
============================================================
[2026-05-14 23:04:13] [calendar] Starting incremental update
[2026-05-14 23:04:13] [calendar] DRY-RUN: would re-fetch entirely
[2026-05-14 23:04:13] 
============================================================
[2026-05-14 23:04:13] [stock_list] Starting incremental update
[2026-05-14 23:04:13] [stock_list] DRY-RUN: would re-fetch entirely
[2026-05-14 23:04:13] 
============================================================
[2026-05-14 23:04:13] [cyq_chips] Starting incremental update
[2026-05-14 23:05:04] [cyq_chips] 3064 stocks | 2 incremental | 0 new | 3062 up-to-date
[2026-05-14 23:05:04] [cyq_chips] DRY-RUN: would fetch 0 new + 2 incremental stocks
[2026-05-14 23:05:04]   incr: 002629.SZ: 2026-05-10 ~ 2026-05-14
[2026-05-14 23:05:04]   incr: 603311.SH: 2026-05-05 ~ 2026-05-14
[2026-05-14 23:05:04]   ... 2 stocks in 1 batches
[2026-05-14 23:05:04] 
============================================================
[2026-05-14 23:05:04] [incremental] DRY-RUN Summary:
[2026-05-14 23:05:04]   [dry-run] margin_detail: 2026-05-09~2026-05-14
[2026-05-14 23:05:04]   [dry-run] holder_number: 2026-05-08~2026-05-14
[2026-05-14 23:05:04]   [dry-run] pledge_stat: 2026-04-13~2026-05-14
[2026-05-14 23:05:04]   [dry-run] financial_indicator: 2026-02-12~2026-05-14
[2026-05-14 23:05:04]   [dry-run] income: 2026-02-12~2026-05-14
[2026-05-14 23:05:04]   [dry-run] balancesheet: 2026-02-12~2026-05-14
[2026-05-14 23:05:04]   [dry-run] cashflow: 2026-02-12~2026-05-14
[2026-05-14 23:05:04]   [dry-run] calendar: 
[2026-05-14 23:05:04]   [dry-run] stock_list: 
[2026-05-14 23:05:04]   [dry-run] cyq_chips: 
[2026-05-14 23:05:04]   [uptodate] daily: max=2026-05-14
[2026-05-14 23:05:04]   [uptodate] daily_adj: max=2026-05-14
[2026-05-14 23:05:04]   [uptodate] finance: max=2026-05-14
[2026-05-14 23:05:04]   [uptodate] main_fund_flow: max=2026-05-14
[2026-05-14 23:05:04]   [uptodate] dragon_tiger: max=2026-05-14
[2026-05-14 23:05:04]   [uptodate] top_list: max=2026-05-14
[2026-05-14 23:05:04]   [uptodate] limit_up: max=2026-05-14
[2026-05-14 23:05:04]   [uptodate] limit_list: max=2026-05-14
[2026-05-14 23:05:04]   [uptodate] kline_weekly: max=2026-05-14
[2026-05-14 23:05:04]   [uptodate] kline_monthly: max=2026-05-14
[2026-05-14 23:05:04]   [uptodate] kline_adj_weekly: max=2026-05-14
[2026-05-14 23:05:04]   [uptodate] kline_adj_monthly: max=2026-05-14
[2026-05-14 23:05:04] [incremental] Done: 0 updated, 12 uptodate, 0 skipped, 0 errors
[2026-05-14 23:05:04] [incremental] Total API calls: 0
[2026-05-14 23:05:04] 
[incremental] PENDING (server behind, will re-fetch with extended overlap next run):
[2026-05-14 23:05:04]   [pending] balancesheet                 last_data=2026-03-31  since=2026-05-14
[2026-05-14 23:05:04]   [pending] cashflow                     last_data=2026-03-31  since=2026-05-14
[2026-05-14 23:05:04]   [pending] financial_indicator          last_data=2026-03-31  since=2026-05-14
[2026-05-14 23:05:04]   [pending] holder_number                last_data=2026-05-11  since=2026-05-14
[2026-05-14 23:05:04]   [pending] income                       last_data=2026-03-31  since=2026-05-14
[2026-05-14 23:05:04]   [pending] margin_detail                last_data=2026-05-12  since=2026-05-14
[2026-05-14 23:05:04]   [pending] pledge_stat                  last_data=2026-04-30  since=2026-05-14
[2026-05-14 23:05:04] 
============================================================
[2026-05-14 23:05:04] [timing] Per-dataset timing report
[2026-05-14 23:05:04] Dataset                      Phase                    Elapsed  Details
[2026-05-14 23:05:04] -------------------------------------------------------------------------------------
[2026-05-14 23:05:04]   balancesheet               total                      0.0s  
[2026-05-14 23:05:04]   calendar                   total                      0.0s  
[2026-05-14 23:05:04]   cashflow                   total                      0.0s  
[2026-05-14 23:05:04]   cyq_chips                  total                     51.5s  
[2026-05-14 23:05:04]   daily                      total                      0.7s  
[2026-05-14 23:05:04]   daily_adj                  total                      0.7s  
[2026-05-14 23:05:04]   dragon_tiger               total                      0.1s  
[2026-05-14 23:05:04]   finance                    total                      0.7s  
[2026-05-14 23:05:04]   financial_indicator        total                      0.0s  
[2026-05-14 23:05:04]   holder_number              total                      0.1s  
[2026-05-14 23:05:04]   income                     total                      0.0s  
[2026-05-14 23:05:04]   kline_adj_monthly          total                      0.1s  
[2026-05-14 23:05:04]   kline_adj_weekly           total                      0.2s  
[2026-05-14 23:05:04]   kline_monthly              total                      0.1s  
[2026-05-14 23:05:04]   kline_weekly               total                      0.2s  
[2026-05-14 23:05:04]   limit_list                 total                      0.1s  
[2026-05-14 23:05:04]   limit_up                   total                      0.1s  
[2026-05-14 23:05:04]   main_fund_flow             total                      0.7s  
[2026-05-14 23:05:04]   margin_detail              total                      0.4s  
[2026-05-14 23:05:04]   pledge_stat                total                      0.0s  
[2026-05-14 23:05:04]   stock_list                 total                      0.0s  
[2026-05-14 23:05:04]   top_list                   total                      0.1s  
[2026-05-14 23:05:04] -------------------------------------------------------------------------------------
[2026-05-14 23:05:04]   TOTAL                                                55.8s
[2026-05-14 23:05:04] 
[timing] Top 5 slowest datasets:
[2026-05-14 23:05:04]   cyq_chips                     51.5s ( 92.2%) ##################
[2026-05-14 23:05:04]   daily_adj                      0.7s (  1.3%) 
[2026-05-14 23:05:04]   daily                          0.7s (  1.3%) 
[2026-05-14 23:05:04]   finance                        0.7s (  1.2%) 
[2026-05-14 23:05:04]   main_fund_flow                 0.7s (  1.2%) 
