[2026-05-15 12:54:34] [incremental] DRY-RUN: 1 datasets | overlap=3 days | workers=6 | parallel=False
[2026-05-15 12:54:34] [incremental] Datasets: ['margin_detail']
[2026-05-15 12:54:34] 
============================================================
[2026-05-15 12:54:34] [margin_detail] Starting incremental update
[2026-05-15 12:54:35] [margin_detail] Existing max date: 2026-05-12 | Fetching: 2026-05-09 ~ 2026-05-15
[2026-05-15 12:54:35] [margin_detail] DRY-RUN: would fetch 2026-05-09 ~ 2026-05-15
[2026-05-15 12:54:35] 
============================================================
[2026-05-15 12:54:35] [incremental] DRY-RUN Summary:
[2026-05-15 12:54:35]   [dry-run] margin_detail: 2026-05-09~2026-05-15
[2026-05-15 12:54:35] [incremental] Done: 0 updated, 0 uptodate, 0 skipped, 0 errors
[2026-05-15 12:54:35] [incremental] Total API calls: 0
[2026-05-15 12:54:35] 
[incremental] PENDING (server behind, will re-fetch with extended overlap next run):
[2026-05-15 12:54:35]   [pending] balancesheet                 last_data=2026-03-31  since=2026-05-14
[2026-05-15 12:54:35]   [pending] cashflow                     last_data=2026-03-31  since=2026-05-14
[2026-05-15 12:54:35]   [pending] financial_indicator          last_data=2026-03-31  since=2026-05-14
[2026-05-15 12:54:35]   [pending] income                       last_data=2026-03-31  since=2026-05-14
[2026-05-15 12:54:35]   [pending] pledge_stat                  last_data=2026-04-30  since=2026-05-14
[2026-05-15 12:54:35] 
============================================================
[2026-05-15 12:54:35] [timing] Per-dataset timing report
[2026-05-15 12:54:35] Dataset                      Phase                    Elapsed  Details
[2026-05-15 12:54:35] -------------------------------------------------------------------------------------
[2026-05-15 12:54:35]   margin_detail              total                      0.6s  
[2026-05-15 12:54:35] -------------------------------------------------------------------------------------
[2026-05-15 12:54:35]   TOTAL                                                 0.6s
[2026-05-15 12:54:35] 
[timing] Top 5 slowest datasets:
[2026-05-15 12:54:35]   margin_detail                  0.6s (100.0%) ####################
