[2026-05-15 23:46:08] [main] stock_list -> skip (output exists: /root/shared-nvme/lingqiData/data/stock_list.parquet)
[2026-05-15 23:46:08] [main] calendar -> skip (output exists: /root/shared-nvme/lingqiData/data/calendar.parquet)
[2026-05-15 23:46:08] [main] ths_sector_categories -> skip (output exists: /root/shared-nvme/lingqiData/data/ths_sector_categories.parquet)
[2026-05-15 23:46:08] [main] ths_constituent_stocks -> skip (output exists: /root/shared-nvme/lingqiData/data/ths_constituent_stocks.parquet)
[2026-05-15 23:46:08] [main] holder_number -> skip (output exists: /root/shared-nvme/lingqiData/data/holder_number.parquet)
[2026-05-15 23:46:08] [main] pledge_stat -> skip (output exists: /root/shared-nvme/lingqiData/data/pledge_stat.parquet)
[2026-05-15 23:46:08] [main] financial -> skip (output exists: /root/shared-nvme/lingqiData/data/financial_indicator.parquet)
[2026-05-15 23:46:08] [main] income -> skip (output exists: /root/shared-nvme/lingqiData/data/income.parquet)
[2026-05-15 23:46:08] [main] balancesheet -> skip (output exists: /root/shared-nvme/lingqiData/data/balancesheet.parquet)
[2026-05-15 23:46:08] [main] cashflow -> skip (output exists: /root/shared-nvme/lingqiData/data/cashflow.parquet)
[2026-05-15 23:46:08] [main] limit_list -> skip (output exists: /root/shared-nvme/lingqiData/data/limit_list.parquet)
[2026-05-15 23:46:08] [main] limit_up -> skip (output exists: /root/shared-nvme/lingqiData/data/limit_up.parquet)
[2026-05-15 23:46:08] [main] kline_monthly -> skip (output exists: /root/shared-nvme/lingqiData/data/kline_monthly.parquet)
[2026-05-15 23:46:08] [main] kline_adj_monthly -> skip (output exists: /root/shared-nvme/lingqiData/data/kline_adj_monthly.parquet)
[2026-05-15 23:46:08] [main] top_list -> skip (output exists: /root/shared-nvme/lingqiData/data/top_list.parquet)
[2026-05-15 23:46:08] [main] dragon_tiger -> skip (output exists: /root/shared-nvme/lingqiData/data/dragon_tiger.parquet)
[2026-05-15 23:46:08] [main] kline_weekly -> skip (output exists: /root/shared-nvme/lingqiData/data/kline_weekly.parquet)
[2026-05-15 23:46:08] [main] kline_adj_weekly -> skip (output exists: /root/shared-nvme/lingqiData/data/kline_adj_weekly.parquet)
[2026-05-15 23:46:08] [main] finance -> skip (output exists: /root/shared-nvme/lingqiData/data/finance.parquet)
[2026-05-15 23:46:08] [main] daily -> skip (output exists: /root/shared-nvme/lingqiData/data/daily.parquet)
[2026-05-15 23:46:08] [main] daily_adj -> skip (output exists: /root/shared-nvme/lingqiData/data/daily_adj.parquet)
[2026-05-15 23:46:08] [main] main_fund_flow -> skip (output exists: /root/shared-nvme/lingqiData/data/main_fund_flow.parquet)
[2026-05-15 23:46:08] [main] margin_detail -> skip (output exists: /root/shared-nvme/lingqiData/data/margin_detail.parquet)
[2026-05-15 23:46:08] [main] ths_daily -> skip (output exists: /root/shared-nvme/lingqiData/data/ths_daily.parquet)
[2026-05-15 23:46:08] [main] index_weight -> skip (output exists: /root/shared-nvme/lingqiData/data/index_weight.parquet)
[2026-05-15 23:46:08] [main] cyq_chips -> skip (output exists: /root/shared-nvme/lingqiData/data/cyq_chips/.done)
[2026-05-15 23:46:08] [main] start | rate_limit=280 req/min | parallel=False | workers=6 | tasks=['history', 'min_adj']
[2026-05-15 23:46:08] [main] === history (2019-01-01 ~ 2026-05-15) ===
[2026-05-15 23:46:08] [history_1min] 3310 stocks | level=1min | 2019-01-01 ~ 2026-05-15
[2026-05-15 23:46:08] [history_1min] Concurrency: 3 in-flight max | rate-limit: 280/min
[2026-05-15 23:46:08] [history_1min] ~52960 API calls (adaptive) | ~189 min est | ~240 bars/day
[2026-05-15 23:46:09] [history_1min] 3310 stocks to fetch
[2026-05-15 23:46:21]   [000001.SZ] capped 84402 rows → split 2019-01-01~2022-09-07 | 2022-09-08~2026-05-15
[2026-05-15 23:46:33]   [000001.SZ] capped 84402 rows → split 2019-01-01~2020-11-03 | 2020-11-04~2022-09-07
[2026-05-15 23:46:45]   [000001.SZ] capped 84402 rows → split 2019-01-01~2019-12-03 | 2019-12-04~2020-11-03
[2026-05-15 23:47:01]   [000001.SZ] capped 53261 rows → split 2019-12-04~2020-05-19 | 2020-05-20~2020-11-03
[2026-05-15 23:47:05]   [000001.SZ] capped 26269 rows → split 2019-12-04~2020-02-25 | 2020-02-26~2020-05-19
[2026-05-15 23:47:07]   [000001.SZ] capped 12773 rows → split 2019-12-04~2020-01-14 | 2020-01-15~2020-02-25
[2026-05-15 23:47:08]   [000001.SZ] capped 6989 rows → split 2019-12-04~2019-12-24 | 2019-12-25~2020-01-14
[2026-05-15 23:47:10]   [000001.SZ] capped 3374 rows → split 2019-12-25~2020-01-04 | 2020-01-05~2020-01-14
[2026-05-15 23:47:11]   [000001.SZ] capped 1687 rows → split 2019-12-25~2019-12-30 | 2019-12-31~2020-01-04
[2026-05-15 23:47:11]   [000001.SZ] capped 723 rows → split 2019-12-31~2020-01-02 | 2020-01-03~2020-01-04
[2026-05-15 23:47:12]   [000001.SZ] capped 482 rows → split 2019-12-31~2020-01-01 | 2020-01-02~2020-01-02
[2026-05-15 23:47:13]   [000001.SZ] 2020-01-02 single day still capped (241 rows)
[2026-05-15 23:47:13]   [000001.SZ] capped 241 rows → split 2020-01-03~2020-01-03 | 2020-01-04~2020-01-04
[2026-05-15 23:47:14]   [000001.SZ] 2020-01-03 single day still capped (241 rows)
[2026-05-15 23:47:14]   [000001.SZ] capped 1687 rows → split 2020-01-05~2020-01-09 | 2020-01-10~2020-01-14
[2026-05-15 23:47:15]   [000001.SZ] capped 964 rows → split 2020-01-05~2020-01-07 | 2020-01-08~2020-01-09
[2026-05-15 23:47:15]   [000001.SZ] capped 482 rows → split 2020-01-05~2020-01-06 | 2020-01-07~2020-01-07
[2026-05-15 23:47:16]   [000001.SZ] capped 241 rows → split 2020-01-05~2020-01-05 | 2020-01-06~2020-01-06
[2026-05-15 23:47:17]   [000001.SZ] 2020-01-06 single day still capped (241 rows)
[2026-05-15 23:47:17]   [000001.SZ] 2020-01-07 single day still capped (241 rows)
[2026-05-15 23:47:17]   [000001.SZ] capped 482 rows → split 2020-01-08~2020-01-08 | 2020-01-09~2020-01-09
[2026-05-15 23:47:18]   [000001.SZ] 2020-01-08 single day still capped (241 rows)
[2026-05-15 23:47:18]   [000001.SZ] 2020-01-09 single day still capped (241 rows)
[2026-05-15 23:47:19]   [000001.SZ] capped 723 rows → split 2020-01-10~2020-01-12 | 2020-01-13~2020-01-14
[2026-05-15 23:47:19]   [000001.SZ] capped 241 rows → split 2020-01-10~2020-01-11 | 2020-01-12~2020-01-12
[2026-05-15 23:47:20]   [000001.SZ] capped 241 rows → split 2020-01-10~2020-01-10 | 2020-01-11~2020-01-11
[2026-05-15 23:47:20]   [000001.SZ] 2020-01-10 single day still capped (241 rows)
[2026-05-15 23:47:21]   [000001.SZ] capped 482 rows → split 2020-01-13~2020-01-13 | 2020-01-14~2020-01-14
[2026-05-15 23:47:21]   [000001.SZ] 2020-01-13 single day still capped (241 rows)
[2026-05-15 23:47:23]   [000001.SZ] 2020-01-14 single day still capped (241 rows)
[2026-05-15 23:47:25]   [000001.SZ] capped 5784 rows → split 2020-01-15~2020-02-04 | 2020-02-05~2020-02-25
[2026-05-15 23:47:25]   [000001.SZ] capped 2169 rows → split 2020-01-15~2020-01-25 | 2020-01-26~2020-02-04
[2026-05-15 23:47:26]   [000001.SZ] capped 1687 rows → split 2020-01-15~2020-01-20 | 2020-01-21~2020-01-25
[2026-05-15 23:47:27]   [000001.SZ] capped 964 rows → split 2020-01-15~2020-01-17 | 2020-01-18~2020-01-20
[2026-05-15 23:47:27]   [000001.SZ] capped 723 rows → split 2020-01-15~2020-01-16 | 2020-01-17~2020-01-17
[2026-05-15 23:47:27]   [000001.SZ] capped 482 rows → split 2020-01-15~2020-01-15 | 2020-01-16~2020-01-16
[2026-05-15 23:47:28]   [000001.SZ] 2020-01-15 single day still capped (241 rows)
[2026-05-15 23:47:28]   [000001.SZ] 2020-01-16 single day still capped (241 rows)
[2026-05-15 23:47:30]   [000001.SZ] 2020-01-17 single day still capped (241 rows)
[2026-05-15 23:47:30]   [000001.SZ] capped 241 rows → split 2020-01-18~2020-01-19 | 2020-01-20~2020-01-20
[2026-05-15 23:47:31]   [000001.SZ] 2020-01-20 single day still capped (241 rows)
[2026-05-15 23:47:31]   [000001.SZ] capped 723 rows → split 2020-01-21~2020-01-23 | 2020-01-24~2020-01-25
[2026-05-15 23:47:32]   [000001.SZ] capped 723 rows → split 2020-01-21~2020-01-22 | 2020-01-23~2020-01-23
[2026-05-15 23:47:32]   [000001.SZ] capped 482 rows → split 2020-01-21~2020-01-21 | 2020-01-22~2020-01-22
[2026-05-15 23:47:33]   [000001.SZ] 2020-01-21 single day still capped (241 rows)
[2026-05-15 23:47:33]   [000001.SZ] 2020-01-22 single day still capped (241 rows)
[2026-05-15 23:47:34]   [000001.SZ] 2020-01-23 single day still capped (241 rows)
[2026-05-15 23:47:34]   [000001.SZ] capped 482 rows → split 2020-01-26~2020-01-30 | 2020-01-31~2020-02-04
[2026-05-15 23:47:35]   [000001.SZ] capped 482 rows → split 2020-01-31~2020-02-02 | 2020-02-03~2020-02-04
[2026-05-15 23:47:36]   [000001.SZ] capped 482 rows → split 2020-02-03~2020-02-03 | 2020-02-04~2020-02-04
[2026-05-15 23:47:36]   [000001.SZ] 2020-02-03 single day still capped (241 rows)
[2026-05-15 23:47:37]   [000001.SZ] 2020-02-04 single day still capped (241 rows)
[2026-05-15 23:47:38]   [000001.SZ] capped 3615 rows → split 2020-02-05~2020-02-15 | 2020-02-16~2020-02-25
[2026-05-15 23:47:38]   [000001.SZ] capped 1928 rows → split 2020-02-05~2020-02-10 | 2020-02-11~2020-02-15
[2026-05-15 23:47:39]   [000001.SZ] capped 964 rows → split 2020-02-05~2020-02-07 | 2020-02-08~2020-02-10
[2026-05-15 23:47:39]   [000001.SZ] capped 723 rows → split 2020-02-05~2020-02-06 | 2020-02-07~2020-02-07
[2026-05-15 23:47:40]   [000001.SZ] capped 482 rows → split 2020-02-05~2020-02-05 | 2020-02-06~2020-02-06
[2026-05-15 23:47:40]   [000001.SZ] 2020-02-05 single day still capped (241 rows)
[2026-05-15 23:47:41]   [000001.SZ] 2020-02-06 single day still capped (241 rows)
[2026-05-15 23:47:41]   [000001.SZ] 2020-02-07 single day still capped (241 rows)
[2026-05-15 23:47:42]   [000001.SZ] capped 241 rows → split 2020-02-08~2020-02-09 | 2020-02-10~2020-02-10
[2026-05-15 23:47:42]   [000001.SZ] 2020-02-10 single day still capped (241 rows)
[2026-05-15 23:47:43]   [000001.SZ] capped 964 rows → split 2020-02-11~2020-02-13 | 2020-02-14~2020-02-15
[2026-05-15 23:47:43]   [000001.SZ] capped 723 rows → split 2020-02-11~2020-02-12 | 2020-02-13~2020-02-13
[2026-05-15 23:47:44]   [000001.SZ] capped 482 rows → split 2020-02-11~2020-02-11 | 2020-02-12~2020-02-12
[2026-05-15 23:47:45]   [000001.SZ] 2020-02-11 single day still capped (241 rows)
[2026-05-15 23:47:46]   [000001.SZ] 2020-02-12 single day still capped (241 rows)
[2026-05-15 23:47:46]   [000001.SZ] 2020-02-13 single day still capped (241 rows)
[2026-05-15 23:47:47]   [000001.SZ] capped 241 rows → split 2020-02-14~2020-02-14 | 2020-02-15~2020-02-15
[2026-05-15 23:47:47]   [000001.SZ] 2020-02-14 single day still capped (241 rows)
[2026-05-15 23:47:48]   [000001.SZ] capped 1687 rows → split 2020-02-16~2020-02-20 | 2020-02-21~2020-02-25
[2026-05-15 23:47:49]   [000001.SZ] capped 964 rows → split 2020-02-16~2020-02-18 | 2020-02-19~2020-02-20
[2026-05-15 23:47:49]   [000001.SZ] capped 482 rows → split 2020-02-16~2020-02-17 | 2020-02-18~2020-02-18
[2026-05-15 23:47:49]   [000001.SZ] capped 241 rows → split 2020-02-16~2020-02-16 | 2020-02-17~2020-02-17
[2026-05-15 23:47:50]   [000001.SZ] 2020-02-17 single day still capped (241 rows)
[2026-05-15 23:47:50]   [000001.SZ] 2020-02-18 single day still capped (241 rows)
[2026-05-15 23:47:51]   [000001.SZ] capped 482 rows → split 2020-02-19~2020-02-19 | 2020-02-20~2020-02-20
[2026-05-15 23:47:51]   [000001.SZ] 2020-02-19 single day still capped (241 rows)
[2026-05-15 23:47:52]   [000001.SZ] 2020-02-20 single day still capped (241 rows)
[2026-05-15 23:47:52]   [000001.SZ] capped 723 rows → split 2020-02-21~2020-02-23 | 2020-02-24~2020-02-25
[2026-05-15 23:47:53]   [000001.SZ] capped 241 rows → split 2020-02-21~2020-02-22 | 2020-02-23~2020-02-23
[2026-05-15 23:47:53]   [000001.SZ] capped 241 rows → split 2020-02-21~2020-02-21 | 2020-02-22~2020-02-22
[2026-05-15 23:47:54]   [000001.SZ] 2020-02-21 single day still capped (241 rows)
[2026-05-15 23:47:55]   [000001.SZ] capped 482 rows → split 2020-02-24~2020-02-24 | 2020-02-25~2020-02-25
[2026-05-15 23:47:55]   [000001.SZ] 2020-02-24 single day still capped (241 rows)
[2026-05-15 23:47:55]   [000001.SZ] 2020-02-25 single day still capped (241 rows)
[2026-05-15 23:47:58]   [000001.SZ] capped 13496 rows → split 2020-02-26~2020-04-07 | 2020-04-08~2020-05-19
[2026-05-15 23:47:59]   [000001.SZ] capped 6989 rows → split 2020-02-26~2020-03-17 | 2020-03-18~2020-04-07
[2026-05-15 23:48:00]   [000001.SZ] capped 3615 rows → split 2020-02-26~2020-03-07 | 2020-03-08~2020-03-17
[2026-05-15 23:48:01]   [000001.SZ] capped 1928 rows → split 2020-02-26~2020-03-02 | 2020-03-03~2020-03-07
[2026-05-15 23:48:01]   [000001.SZ] capped 964 rows → split 2020-02-26~2020-02-28 | 2020-02-29~2020-03-02
[2026-05-15 23:48:02]   [000001.SZ] capped 723 rows → split 2020-02-26~2020-02-27 | 2020-02-28~2020-02-28
[2026-05-15 23:48:02]   [000001.SZ] capped 482 rows → split 2020-02-26~2020-02-26 | 2020-02-27~2020-02-27
[2026-05-15 23:48:03]   [000001.SZ] 2020-02-26 single day still capped (241 rows)
[2026-05-15 23:48:03]   [000001.SZ] 2020-02-27 single day still capped (241 rows)
[2026-05-15 23:48:04]   [000001.SZ] 2020-02-28 single day still capped (241 rows)
[2026-05-15 23:48:04]   [000001.SZ] capped 241 rows → split 2020-02-29~2020-03-01 | 2020-03-02~2020-03-02
[2026-05-15 23:48:05]   [000001.SZ] 2020-03-02 single day still capped (241 rows)
[2026-05-15 23:48:05]   [000001.SZ] capped 964 rows → split 2020-03-03~2020-03-05 | 2020-03-06~2020-03-07
[2026-05-15 23:48:06]   [000001.SZ] capped 723 rows → split 2020-03-03~2020-03-04 | 2020-03-05~2020-03-05
[2026-05-15 23:48:06]   [000001.SZ] capped 482 rows → split 2020-03-03~2020-03-03 | 2020-03-04~2020-03-04
[2026-05-15 23:48:07]   [000001.SZ] 2020-03-03 single day still capped (241 rows)
[2026-05-15 23:48:07]   [000001.SZ] 2020-03-04 single day still capped (241 rows)
[2026-05-15 23:48:07]   [000001.SZ] 2020-03-05 single day still capped (241 rows)
[2026-05-15 23:48:08]   [000001.SZ] capped 241 rows → split 2020-03-06~2020-03-06 | 2020-03-07~2020-03-07
[2026-05-15 23:48:08]   [000001.SZ] 2020-03-06 single day still capped (241 rows)
[2026-05-15 23:48:09]   [000001.SZ] capped 1687 rows → split 2020-03-08~2020-03-12 | 2020-03-13~2020-03-17
[2026-05-15 23:48:10]   [000001.SZ] capped 964 rows → split 2020-03-08~2020-03-10 | 2020-03-11~2020-03-12
[2026-05-15 23:48:10]   [000001.SZ] capped 482 rows → split 2020-03-08~2020-03-09 | 2020-03-10~2020-03-10
[2026-05-15 23:48:11]   [000001.SZ] capped 241 rows → split 2020-03-08~2020-03-08 | 2020-03-09~2020-03-09
[2026-05-15 23:48:11]   [000001.SZ] 2020-03-09 single day still capped (241 rows)
[2026-05-15 23:48:12]   [000001.SZ] 2020-03-10 single day still capped (241 rows)
[2026-05-15 23:48:12]   [000001.SZ] capped 482 rows → split 2020-03-11~2020-03-11 | 2020-03-12~2020-03-12
[2026-05-15 23:48:12]   [000001.SZ] 2020-03-11 single day still capped (241 rows)
[2026-05-15 23:48:13]   [000001.SZ] 2020-03-12 single day still capped (241 rows)
[2026-05-15 23:48:14]   [000001.SZ] capped 723 rows → split 2020-03-13~2020-03-15 | 2020-03-16~2020-03-17
[2026-05-15 23:48:14]   [000001.SZ] capped 241 rows → split 2020-03-13~2020-03-14 | 2020-03-15~2020-03-15
[2026-05-15 23:48:14]   [000001.SZ] capped 241 rows → split 2020-03-13~2020-03-13 | 2020-03-14~2020-03-14
[2026-05-15 23:48:15]   [000001.SZ] 2020-03-13 single day still capped (241 rows)
[2026-05-15 23:48:16]   [000001.SZ] capped 482 rows → split 2020-03-16~2020-03-16 | 2020-03-17~2020-03-17
[2026-05-15 23:48:16]   [000001.SZ] 2020-03-16 single day still capped (241 rows)
[2026-05-15 23:48:17]   [000001.SZ] 2020-03-17 single day still capped (241 rows)
[2026-05-15 23:48:17]   [000001.SZ] capped 3374 rows → split 2020-03-18~2020-03-28 | 2020-03-29~2020-04-07
[2026-05-15 23:48:18]   [000001.SZ] capped 1928 rows → split 2020-03-18~2020-03-23 | 2020-03-24~2020-03-28
[2026-05-15 23:48:18]   [000001.SZ] capped 964 rows → split 2020-03-18~2020-03-20 | 2020-03-21~2020-03-23
[2026-05-15 23:48:19]   [000001.SZ] capped 723 rows → split 2020-03-18~2020-03-19 | 2020-03-20~2020-03-20
[2026-05-15 23:48:19]   [000001.SZ] capped 482 rows → split 2020-03-18~2020-03-18 | 2020-03-19~2020-03-19
[2026-05-15 23:48:20]   [000001.SZ] 2020-03-18 single day still capped (241 rows)
[2026-05-15 23:48:20]   [000001.SZ] 2020-03-19 single day still capped (241 rows)
[2026-05-15 23:48:21]   [000001.SZ] 2020-03-20 single day still capped (241 rows)
[2026-05-15 23:48:21]   [000001.SZ] capped 241 rows → split 2020-03-21~2020-03-22 | 2020-03-23~2020-03-23
[2026-05-15 23:48:22]   [000001.SZ] 2020-03-23 single day still capped (241 rows)
[2026-05-15 23:48:22]   [000001.SZ] capped 964 rows → split 2020-03-24~2020-03-26 | 2020-03-27~2020-03-28
[2026-05-15 23:48:23]   [000001.SZ] capped 723 rows → split 2020-03-24~2020-03-25 | 2020-03-26~2020-03-26
[2026-05-15 23:48:23]   [000001.SZ] capped 482 rows → split 2020-03-24~2020-03-24 | 2020-03-25~2020-03-25
[2026-05-15 23:48:24]   [000001.SZ] 2020-03-24 single day still capped (241 rows)
[2026-05-15 23:48:24]   [000001.SZ] 2020-03-25 single day still capped (241 rows)
[2026-05-15 23:48:25]   [000001.SZ] 2020-03-26 single day still capped (241 rows)
[2026-05-15 23:48:25]   [000001.SZ] capped 241 rows → split 2020-03-27~2020-03-27 | 2020-03-28~2020-03-28
[2026-05-15 23:48:26]   [000001.SZ] 2020-03-27 single day still capped (241 rows)
[2026-05-15 23:48:26]   [000001.SZ] capped 1446 rows → split 2020-03-29~2020-04-02 | 2020-04-03~2020-04-07
[2026-05-15 23:48:27]   [000001.SZ] capped 964 rows → split 2020-03-29~2020-03-31 | 2020-04-01~2020-04-02
[2026-05-15 23:48:27]   [000001.SZ] capped 482 rows → split 2020-03-29~2020-03-30 | 2020-03-31~2020-03-31
[2026-05-15 23:48:28]   [000001.SZ] capped 241 rows → split 2020-03-29~2020-03-29 | 2020-03-30~2020-03-30
[2026-05-15 23:48:29]   [000001.SZ] 2020-03-30 single day still capped (241 rows)
[2026-05-15 23:48:29]   [000001.SZ] 2020-03-31 single day still capped (241 rows)
[2026-05-15 23:48:29]   [000001.SZ] capped 482 rows → split 2020-04-01~2020-04-01 | 2020-04-02~2020-04-02
[2026-05-15 23:48:30]   [000001.SZ] 2020-04-01 single day still capped (241 rows)
[2026-05-15 23:48:30]   [000001.SZ] 2020-04-02 single day still capped (241 rows)
[2026-05-15 23:48:31]   [000001.SZ] capped 482 rows → split 2020-04-03~2020-04-05 | 2020-04-06~2020-04-07
[2026-05-15 23:48:31]   [000001.SZ] capped 241 rows → split 2020-04-03~2020-04-04 | 2020-04-05~2020-04-05
[2026-05-15 23:48:32]   [000001.SZ] capped 241 rows → split 2020-04-03~2020-04-03 | 2020-04-04~2020-04-04
[2026-05-15 23:48:32]   [000001.SZ] 2020-04-03 single day still capped (241 rows)
[2026-05-15 23:48:33]   [000001.SZ] capped 241 rows → split 2020-04-06~2020-04-06 | 2020-04-07~2020-04-07
[2026-05-15 23:48:34]   [000001.SZ] 2020-04-07 single day still capped (241 rows)
[2026-05-15 23:48:35]   [000001.SZ] capped 6507 rows → split 2020-04-08~2020-04-28 | 2020-04-29~2020-05-19
[2026-05-15 23:48:36]   [000001.SZ] capped 3615 rows → split 2020-04-08~2020-04-18 | 2020-04-19~2020-04-28
[2026-05-15 23:48:37]   [000001.SZ] capped 1928 rows → split 2020-04-08~2020-04-13 | 2020-04-14~2020-04-18
[2026-05-15 23:48:38]   [000001.SZ] capped 964 rows → split 2020-04-08~2020-04-10 | 2020-04-11~2020-04-13
[2026-05-15 23:48:38]   [000001.SZ] capped 723 rows → split 2020-04-08~2020-04-09 | 2020-04-10~2020-04-10
[2026-05-15 23:48:39]   [000001.SZ] capped 482 rows → split 2020-04-08~2020-04-08 | 2020-04-09~2020-04-09
[2026-05-15 23:48:39]   [000001.SZ] 2020-04-08 single day still capped (241 rows)
[2026-05-15 23:48:39]   [000001.SZ] 2020-04-09 single day still capped (241 rows)
[2026-05-15 23:48:40]   [000001.SZ] 2020-04-10 single day still capped (241 rows)
[2026-05-15 23:48:41]   [000001.SZ] capped 241 rows → split 2020-04-11~2020-04-12 | 2020-04-13~2020-04-13
[2026-05-15 23:48:41]   [000001.SZ] 2020-04-13 single day still capped (241 rows)
[2026-05-15 23:48:42]   [000001.SZ] capped 964 rows → split 2020-04-14~2020-04-16 | 2020-04-17~2020-04-18
[2026-05-15 23:48:42]   [000001.SZ] capped 723 rows → split 2020-04-14~2020-04-15 | 2020-04-16~2020-04-16
[2026-05-15 23:48:43]   [000001.SZ] capped 482 rows → split 2020-04-14~2020-04-14 | 2020-04-15~2020-04-15
[2026-05-15 23:48:43]   [000001.SZ] 2020-04-14 single day still capped (241 rows)
[2026-05-15 23:48:44]   [000001.SZ] 2020-04-15 single day still capped (241 rows)
[2026-05-15 23:48:44]   [000001.SZ] 2020-04-16 single day still capped (241 rows)
[2026-05-15 23:48:44]   [000001.SZ] capped 241 rows → split 2020-04-17~2020-04-17 | 2020-04-18~2020-04-18
[2026-05-15 23:48:45]   [000001.SZ] 2020-04-17 single day still capped (241 rows)
[2026-05-15 23:48:46]   [000001.SZ] capped 1687 rows → split 2020-04-19~2020-04-23 | 2020-04-24~2020-04-28
[2026-05-15 23:48:46]   [000001.SZ] capped 964 rows → split 2020-04-19~2020-04-21 | 2020-04-22~2020-04-23
[2026-05-15 23:48:47]   [000001.SZ] capped 482 rows → split 2020-04-19~2020-04-20 | 2020-04-21~2020-04-21
[2026-05-15 23:48:47]   [000001.SZ] capped 241 rows → split 2020-04-19~2020-04-19 | 2020-04-20~2020-04-20
[2026-05-15 23:48:48]   [000001.SZ] 2020-04-20 single day still capped (241 rows)
[2026-05-15 23:48:48]   [000001.SZ] 2020-04-21 single day still capped (241 rows)
[2026-05-15 23:48:49]   [000001.SZ] capped 482 rows → split 2020-04-22~2020-04-22 | 2020-04-23~2020-04-23
[2026-05-15 23:48:50]   [000001.SZ] 2020-04-22 single day still capped (241 rows)
[2026-05-15 23:48:50]   [000001.SZ] 2020-04-23 single day still capped (241 rows)
[2026-05-15 23:48:51]   [000001.SZ] capped 723 rows → split 2020-04-24~2020-04-26 | 2020-04-27~2020-04-28
[2026-05-15 23:48:51]   [000001.SZ] capped 241 rows → split 2020-04-24~2020-04-25 | 2020-04-26~2020-04-26
[2026-05-15 23:48:52]   [000001.SZ] capped 241 rows → split 2020-04-24~2020-04-24 | 2020-04-25~2020-04-25
[2026-05-15 23:48:52]   [000001.SZ] 2020-04-24 single day still capped (241 rows)
[2026-05-15 23:48:53]   [000001.SZ] capped 482 rows → split 2020-04-27~2020-04-27 | 2020-04-28~2020-04-28
[2026-05-15 23:48:53]   [000001.SZ] 2020-04-27 single day still capped (241 rows)
[2026-05-15 23:48:54]   [000001.SZ] 2020-04-28 single day still capped (241 rows)
[2026-05-15 23:48:55]   [000001.SZ] capped 2892 rows → split 2020-04-29~2020-05-09 | 2020-05-10~2020-05-19
[2026-05-15 23:48:55]   [000001.SZ] capped 1205 rows → split 2020-04-29~2020-05-04 | 2020-05-05~2020-05-09
[2026-05-15 23:48:56]   [000001.SZ] capped 482 rows → split 2020-04-29~2020-05-01 | 2020-05-02~2020-05-04
[2026-05-15 23:48:56]   [000001.SZ] capped 482 rows → split 2020-04-29~2020-04-30 | 2020-05-01~2020-05-01
[2026-05-15 23:48:56]   [000001.SZ] capped 482 rows → split 2020-04-29~2020-04-29 | 2020-04-30~2020-04-30
[2026-05-15 23:48:57]   [000001.SZ] 2020-04-29 single day still capped (241 rows)
[2026-05-15 23:48:57]   [000001.SZ] 2020-04-30 single day still capped (241 rows)
[2026-05-15 23:48:58]   [000001.SZ] capped 723 rows → split 2020-05-05~2020-05-07 | 2020-05-08~2020-05-09
[2026-05-15 23:48:59]   [000001.SZ] capped 482 rows → split 2020-05-05~2020-05-06 | 2020-05-07~2020-05-07
[2026-05-15 23:48:59]   [000001.SZ] capped 241 rows → split 2020-05-05~2020-05-05 | 2020-05-06~2020-05-06
[2026-05-15 23:49:00]   [000001.SZ] 2020-05-06 single day still capped (241 rows)
[2026-05-15 23:49:00]   [000001.SZ] 2020-05-07 single day still capped (241 rows)
[2026-05-15 23:49:01]   [000001.SZ] capped 241 rows → split 2020-05-08~2020-05-08 | 2020-05-09~2020-05-09
[2026-05-15 23:49:01]   [000001.SZ] 2020-05-08 single day still capped (241 rows)
[2026-05-15 23:49:02]   [000001.SZ] capped 1687 rows → split 2020-05-10~2020-05-14 | 2020-05-15~2020-05-19
[2026-05-15 23:49:03]   [000001.SZ] capped 964 rows → split 2020-05-10~2020-05-12 | 2020-05-13~2020-05-14
[2026-05-15 23:49:03]   [000001.SZ] capped 482 rows → split 2020-05-10~2020-05-11 | 2020-05-12~2020-05-12
[2026-05-15 23:49:04]   [000001.SZ] capped 241 rows → split 2020-05-10~2020-05-10 | 2020-05-11~2020-05-11
[2026-05-15 23:49:04]   [000001.SZ] 2020-05-11 single day still capped (241 rows)
[2026-05-15 23:49:05]   [000001.SZ] 2020-05-12 single day still capped (241 rows)
[2026-05-15 23:49:05]   [000001.SZ] capped 482 rows → split 2020-05-13~2020-05-13 | 2020-05-14~2020-05-14
[2026-05-15 23:49:06]   [000001.SZ] 2020-05-13 single day still capped (241 rows)
[2026-05-15 23:49:06]   [000001.SZ] 2020-05-14 single day still capped (241 rows)
[2026-05-15 23:49:07]   [000001.SZ] capped 723 rows → split 2020-05-15~2020-05-17 | 2020-05-18~2020-05-19
[2026-05-15 23:49:07]   [000001.SZ] capped 241 rows → split 2020-05-15~2020-05-16 | 2020-05-17~2020-05-17
[2026-05-15 23:49:07]   [000001.SZ] capped 241 rows → split 2020-05-15~2020-05-15 | 2020-05-16~2020-05-16
[2026-05-15 23:49:08]   [000001.SZ] 2020-05-15 single day still capped (241 rows)
[2026-05-15 23:49:09]   [000001.SZ] capped 482 rows → split 2020-05-18~2020-05-18 | 2020-05-19~2020-05-19
[2026-05-15 23:49:09]   [000001.SZ] 2020-05-18 single day still capped (241 rows)
[2026-05-15 23:49:10]   [000001.SZ] 2020-05-19 single day still capped (241 rows)
[2026-05-15 23:49:14]   [000001.SZ] capped 26992 rows → split 2020-05-20~2020-08-11 | 2020-08-12~2020-11-03
[2026-05-15 23:49:16]   [000001.SZ] capped 13978 rows → split 2020-05-20~2020-06-30 | 2020-07-01~2020-08-11
[2026-05-15 23:49:18]   [000001.SZ] capped 6748 rows → split 2020-05-20~2020-06-09 | 2020-06-10~2020-06-30
[2026-05-15 23:49:19]   [000001.SZ] capped 3615 rows → split 2020-05-20~2020-05-30 | 2020-05-31~2020-06-09
[2026-05-15 23:49:19]   [000001.SZ] capped 1928 rows → split 2020-05-20~2020-05-25 | 2020-05-26~2020-05-30
[2026-05-15 23:49:20]   [000001.SZ] capped 964 rows → split 2020-05-20~2020-05-22 | 2020-05-23~2020-05-25
[2026-05-15 23:49:20]   [000001.SZ] capped 723 rows → split 2020-05-20~2020-05-21 | 2020-05-22~2020-05-22
[2026-05-15 23:49:21]   [000001.SZ] capped 482 rows → split 2020-05-20~2020-05-20 | 2020-05-21~2020-05-21
[2026-05-15 23:49:21]   [000001.SZ] 2020-05-20 single day still capped (241 rows)
[2026-05-15 23:49:22]   [000001.SZ] 2020-05-21 single day still capped (241 rows)
[2026-05-15 23:49:22]   [000001.SZ] 2020-05-22 single day still capped (241 rows)
[2026-05-15 23:49:23]   [000001.SZ] capped 241 rows → split 2020-05-23~2020-05-24 | 2020-05-25~2020-05-25
[2026-05-15 23:49:23]   [000001.SZ] 2020-05-25 single day still capped (241 rows)
[2026-05-15 23:49:24]   [000001.SZ] capped 964 rows → split 2020-05-26~2020-05-28 | 2020-05-29~2020-05-30
[2026-05-15 23:49:24]   [000001.SZ] capped 723 rows → split 2020-05-26~2020-05-27 | 2020-05-28~2020-05-28
[2026-05-15 23:49:25]   [000001.SZ] capped 482 rows → split 2020-05-26~2020-05-26 | 2020-05-27~2020-05-27
[2026-05-15 23:49:25]   [000001.SZ] 2020-05-26 single day still capped (241 rows)
[2026-05-15 23:49:26]   [000001.SZ] 2020-05-27 single day still capped (241 rows)
[2026-05-15 23:49:26]   [000001.SZ] 2020-05-28 single day still capped (241 rows)
[2026-05-15 23:49:26]   [000001.SZ] capped 241 rows → split 2020-05-29~2020-05-29 | 2020-05-30~2020-05-30
[2026-05-15 23:49:27]   [000001.SZ] 2020-05-29 single day still capped (241 rows)
[2026-05-15 23:49:28]   [000001.SZ] capped 1687 rows → split 2020-05-31~2020-06-04 | 2020-06-05~2020-06-09
[2026-05-15 23:49:28]   [000001.SZ] capped 964 rows → split 2020-05-31~2020-06-02 | 2020-06-03~2020-06-04
[2026-05-15 23:49:29]   [000001.SZ] capped 482 rows → split 2020-05-31~2020-06-01 | 2020-06-02~2020-06-02
[2026-05-15 23:49:29]   [000001.SZ] capped 241 rows → split 2020-05-31~2020-05-31 | 2020-06-01~2020-06-01
[2026-05-15 23:49:30]   [000001.SZ] 2020-06-01 single day still capped (241 rows)
[2026-05-15 23:49:30]   [000001.SZ] 2020-06-02 single day still capped (241 rows)
[2026-05-15 23:49:31]   [000001.SZ] capped 482 rows → split 2020-06-03~2020-06-03 | 2020-06-04~2020-06-04
[2026-05-15 23:49:31]   [000001.SZ] 2020-06-03 single day still capped (241 rows)
[2026-05-15 23:49:32]   [000001.SZ] 2020-06-04 single day still capped (241 rows)
[2026-05-15 23:49:32]   [000001.SZ] capped 723 rows → split 2020-06-05~2020-06-07 | 2020-06-08~2020-06-09
[2026-05-15 23:49:33]   [000001.SZ] capped 241 rows → split 2020-06-05~2020-06-06 | 2020-06-07~2020-06-07
[2026-05-15 23:49:33]   [000001.SZ] capped 241 rows → split 2020-06-05~2020-06-05 | 2020-06-06~2020-06-06
[2026-05-15 23:49:34]   [000001.SZ] 2020-06-05 single day still capped (241 rows)
[2026-05-15 23:49:34]   [000001.SZ] capped 482 rows → split 2020-06-08~2020-06-08 | 2020-06-09~2020-06-09
[2026-05-15 23:49:35]   [000001.SZ] 2020-06-08 single day still capped (241 rows)
[2026-05-15 23:49:35]   [000001.SZ] 2020-06-09 single day still capped (241 rows)
[2026-05-15 23:49:36]   [000001.SZ] capped 3133 rows → split 2020-06-10~2020-06-20 | 2020-06-21~2020-06-30
[2026-05-15 23:49:37]   [000001.SZ] capped 1928 rows → split 2020-06-10~2020-06-15 | 2020-06-16~2020-06-20
[2026-05-15 23:49:37]   [000001.SZ] capped 964 rows → split 2020-06-10~2020-06-12 | 2020-06-13~2020-06-15
[2026-05-15 23:49:38]   [000001.SZ] capped 723 rows → split 2020-06-10~2020-06-11 | 2020-06-12~2020-06-12
[2026-05-15 23:49:38]   [000001.SZ] capped 482 rows → split 2020-06-10~2020-06-10 | 2020-06-11~2020-06-11
[2026-05-15 23:49:39]   [000001.SZ] 2020-06-10 single day still capped (241 rows)
[2026-05-15 23:49:39]   [000001.SZ] 2020-06-11 single day still capped (241 rows)
[2026-05-15 23:49:39]   [000001.SZ] 2020-06-12 single day still capped (241 rows)
[2026-05-15 23:49:40]   [000001.SZ] capped 241 rows → split 2020-06-13~2020-06-14 | 2020-06-15~2020-06-15
[2026-05-15 23:49:41]   [000001.SZ] 2020-06-15 single day still capped (241 rows)
[2026-05-15 23:49:42]   [000001.SZ] capped 964 rows → split 2020-06-16~2020-06-18 | 2020-06-19~2020-06-20
[2026-05-15 23:49:42]   [000001.SZ] capped 723 rows → split 2020-06-16~2020-06-17 | 2020-06-18~2020-06-18
[2026-05-15 23:49:43]   [000001.SZ] capped 482 rows → split 2020-06-16~2020-06-16 | 2020-06-17~2020-06-17
