[2026-05-15 15:07:56] [main] stock_list -> skip (output exists: /root/shared-nvme/lingqiData/data/stock_list.parquet)
[2026-05-15 15:07:56] [main] calendar -> skip (output exists: /root/shared-nvme/lingqiData/data/calendar.parquet)
[2026-05-15 15:07:56] [main] holder_number -> skip (output exists: /root/shared-nvme/lingqiData/data/holder_number.parquet)
[2026-05-15 15:07:56] [main] pledge_stat -> skip (output exists: /root/shared-nvme/lingqiData/data/pledge_stat.parquet)
[2026-05-15 15:07:56] [main] financial -> skip (output exists: /root/shared-nvme/lingqiData/data/financial_indicator.parquet)
[2026-05-15 15:07:56] [main] income -> skip (output exists: /root/shared-nvme/lingqiData/data/income.parquet)
[2026-05-15 15:07:56] [main] balancesheet -> skip (output exists: /root/shared-nvme/lingqiData/data/balancesheet.parquet)
[2026-05-15 15:07:56] [main] cashflow -> skip (output exists: /root/shared-nvme/lingqiData/data/cashflow.parquet)
[2026-05-15 15:07:56] [main] limit_list -> skip (output exists: /root/shared-nvme/lingqiData/data/limit_list.parquet)
[2026-05-15 15:07:56] [main] limit_up -> skip (output exists: /root/shared-nvme/lingqiData/data/limit_up.parquet)
[2026-05-15 15:07:56] [main] kline_monthly -> skip (output exists: /root/shared-nvme/lingqiData/data/kline_monthly.parquet)
[2026-05-15 15:07:56] [main] kline_adj_monthly -> skip (output exists: /root/shared-nvme/lingqiData/data/kline_adj_monthly.parquet)
[2026-05-15 15:07:56] [main] top_list -> skip (output exists: /root/shared-nvme/lingqiData/data/top_list.parquet)
[2026-05-15 15:07:56] [main] dragon_tiger -> skip (output exists: /root/shared-nvme/lingqiData/data/dragon_tiger.parquet)
[2026-05-15 15:07:56] [main] kline_weekly -> skip (output exists: /root/shared-nvme/lingqiData/data/kline_weekly.parquet)
[2026-05-15 15:07:56] [main] kline_adj_weekly -> skip (output exists: /root/shared-nvme/lingqiData/data/kline_adj_weekly.parquet)
[2026-05-15 15:07:56] [main] finance -> skip (output exists: /root/shared-nvme/lingqiData/data/finance.parquet)
[2026-05-15 15:07:56] [main] daily -> skip (output exists: /root/shared-nvme/lingqiData/data/daily.parquet)
[2026-05-15 15:07:56] [main] daily_adj -> skip (output exists: /root/shared-nvme/lingqiData/data/daily_adj.parquet)
[2026-05-15 15:07:56] [main] main_fund_flow -> skip (output exists: /root/shared-nvme/lingqiData/data/main_fund_flow.parquet)
[2026-05-15 15:07:56] [main] margin_detail -> skip (output exists: /root/shared-nvme/lingqiData/data/margin_detail.parquet)
[2026-05-15 15:07:56] [main] cyq_chips -> skip (output exists: /root/shared-nvme/lingqiData/data/cyq_chips/.done)
[2026-05-15 15:07:56] [main] start | rate_limit=280 req/min | parallel=False | workers=6 | tasks=['ths_sector_categories', 'ths_constituent_stocks', 'ths_daily', 'index_weight', 'history', 'min_adj']
[2026-05-15 15:07:56] [main] === ths_sector_categories ===
[2026-05-15 15:07:56] [ths_sector_categories] Total: 1237 categories | {'I': 594, 'N': 409, 'S': 124, 'BB': 46, 'R': 33, 'ST': 21, 'TH': 10}
[2026-05-15 15:07:56] [ths_sector_categories] Saved -> /root/shared-nvme/lingqiData/data/ths_sector_categories.parquet
[2026-05-15 15:07:56] [main] === ths_constituent_stocks ===
[2026-05-15 15:08:05]   [retry 1/3] API Error: code=400, msg=page * page_size 不能超过 100000，超过请使用日期遍历方式获取数据
[2026-05-15 15:08:07]   [retry 2/3] API Error: code=400, msg=page * page_size 不能超过 100000，超过请使用日期遍历方式获取数据
